TN:
SF:client/src/components/ui/aspect-ratio.tsx
FNF:0
FNH:0
DA:1,0
DA:3,0
DA:5,0
LF:3
LH:0
BRF:0
BRH:0
end_of_record
TN:
SF:client/src/components/ui/collapsible.tsx
FNF:0
FNH:0
DA:3,0
DA:5,0
DA:7,0
DA:9,0
DA:11,0
LF:5
LH:0
BRF:0
BRH:0
end_of_record
TN:
SF:client/src/hooks/use-is-mobile.tsx
FN:5,useIsMobile
FN:8,(anonymous_7)
FN:10,(anonymous_8)
FN:15,(anonymous_9)
FNF:4
FNH:0
FNDA:0,useIsMobile
FNDA:0,(anonymous_7)
FNDA:0,(anonymous_8)
FNDA:0,(anonymous_9)
DA:1,0
DA:3,0
DA:5,0
DA:6,0
DA:8,0
DA:9,0
DA:10,0
DA:11,0
DA:13,0
DA:14,0
DA:15,0
DA:18,0
LF:12
LH:0
BRF:0
BRH:0
end_of_record
TN:
SF:client/src/lib/queryClient.ts
FN:3,throwIfResNotOk
FN:10,apiRequest
FN:30,(anonymous_11)
FN:31,(anonymous_12)
FN:31,(anonymous_13)
FNF:5
FNH:0
FNDA:0,throwIfResNotOk
FNDA:0,apiRequest
FNDA:0,(anonymous_11)
FNDA:0,(anonymous_12)
FNDA:0,(anonymous_13)
DA:1,0
DA:4,0
DA:5,0
DA:6,0
DA:10,0
DA:15,0
DA:22,0
DA:23,0
DA:27,0
DA:30,0
DA:31,0
DA:32,0
DA:36,0
DA:37,0
DA:40,0
DA:41,0
DA:44,0
LF:17
LH:0
BRDA:4,0,0,0
BRDA:4,0,1,0
BRDA:5,1,0,0
BRDA:5,1,1,0
BRDA:17,2,0,0
BRDA:17,2,1,0
BRDA:18,3,0,0
BRDA:18,3,1,0
BRDA:36,4,0,0
BRDA:36,4,1,0
BRDA:36,5,0,0
BRDA:36,5,1,0
BRF:12
BRH:0
end_of_record
TN:
SF:client/src/lib/utils.ts
FN:4,cn
FN:8,(anonymous_1)
FN:10,(anonymous_2)
FNF:3
FNH:0
FNDA:0,cn
FNDA:0,(anonymous_1)
FNDA:0,(anonymous_2)
DA:1,0
DA:2,0
DA:4,0
DA:5,0
DA:8,0
DA:9,0
DA:10,0
DA:11,0
DA:13,0
LF:9
LH:0
BRDA:9,0,0,0
BRDA:9,0,1,0
BRF:2
BRH:0
end_of_record
TN:
SF:client/src/lib/controls/VirtualStick.ts
FN:19,(anonymous_0)
FN:25,(anonymous_1)
FN:33,(anonymous_2)
FN:39,(anonymous_3)
FN:45,(anonymous_4)
FN:49,(anonymous_5)
FNF:6
FNH:0
FNDA:0,(anonymous_0)
FNDA:0,(anonymous_1)
FNDA:0,(anonymous_2)
FNDA:0,(anonymous_3)
FNDA:0,(anonymous_4)
FNDA:0,(anonymous_5)
DA:7,0
DA:8,0
DA:9,0
DA:10,0
DA:11,0
DA:12,0
DA:13,0
DA:14,0
DA:20,0
DA:21,0
DA:22,0
DA:26,0
DA:27,0
DA:28,0
DA:29,0
DA:30,0
DA:34,0
DA:35,0
DA:36,0
DA:40,0
DA:41,0
DA:42,0
DA:46,0
DA:50,0
DA:52,0
DA:53,0
DA:54,0
DA:56,0
DA:57,0
DA:58,0
DA:59,0
DA:60,0
DA:61,0
DA:62,0
DA:64,0
DA:65,0
DA:66,0
DA:67,0
DA:69,0
DA:70,0
DA:71,0
LF:41
LH:0
BRDA:20,0,0,0
BRDA:20,0,1,0
BRDA:20,1,0,0
BRDA:20,1,1,0
BRDA:20,2,0,0
BRDA:20,2,1,0
BRDA:20,3,0,0
BRDA:20,3,1,0
BRDA:21,4,0,0
BRDA:21,4,1,0
BRDA:21,5,0,0
BRDA:21,5,1,0
BRDA:21,6,0,0
BRDA:21,6,1,0
BRDA:21,7,0,0
BRDA:21,7,1,0
BRDA:22,8,0,0
BRDA:22,8,1,0
BRDA:22,9,0,0
BRDA:22,9,1,0
BRDA:22,10,0,0
BRDA:22,10,1,0
BRDA:22,11,0,0
BRDA:22,11,1,0
BRDA:34,12,0,0
BRDA:34,12,1,0
BRDA:50,13,0,0
BRDA:50,13,1,0
BRDA:60,14,0,0
BRDA:60,14,1,0
BRDA:65,15,0,0
BRDA:65,15,1,0
BRF:32
BRH:0
end_of_record
TN:
SF:client/src/lib/cultural/CulturalData.ts
FN:79,getCulturalInfo
FN:83,getAllCultures
FNF:2
FNH:0
FNDA:0,getCulturalInfo
FNDA:0,getAllCultures
DA:9,0
DA:79,0
DA:80,0
DA:83,0
DA:84,0
LF:5
LH:0
BRDA:80,0,0,0
BRDA:80,0,1,0
BRF:2
BRH:0
end_of_record
TN:
SF:client/src/lib/games/AsteroidsGame.ts
FN:37,(anonymous_0)
FN:76,(anonymous_1)
FN:91,(anonymous_2)
FN:106,(anonymous_3)
FN:122,(anonymous_4)
FN:133,(anonymous_5)
FN:156,(anonymous_6)
FN:315,(anonymous_7)
FN:321,(anonymous_8)
FN:342,(anonymous_9)
FN:353,(anonymous_10)
FN:368,(anonymous_11)
FN:399,(anonymous_12)
FN:405,(anonymous_13)
FN:432,(anonymous_14)
FN:456,(anonymous_15)
FN:463,(anonymous_16)
FN:473,(anonymous_17)
FN:476,(anonymous_18)
FN:479,(anonymous_19)
FN:482,(anonymous_20)
FN:557,(anonymous_21)
FN:571,(anonymous_22)
FN:612,(anonymous_23)
FN:643,(anonymous_24)
FN:656,(anonymous_25)
FN:668,(anonymous_26)
FN:685,(anonymous_27)
FN:722,(anonymous_28)
FN:728,(anonymous_29)
FN:739,(anonymous_30)
FN:748,(anonymous_31)
FN:768,(anonymous_32)
FN:779,(anonymous_33)
FN:787,(anonymous_34)
FN:794,(anonymous_35)
FN:795,(anonymous_36)
FN:801,(anonymous_37)
FN:808,(anonymous_38)
FNF:39
FNH:0
FNDA:0,(anonymous_0)
FNDA:0,(anonymous_1)
FNDA:0,(anonymous_2)
FNDA:0,(anonymous_3)
FNDA:0,(anonymous_4)
FNDA:0,(anonymous_5)
FNDA:0,(anonymous_6)
FNDA:0,(anonymous_7)
FNDA:0,(anonymous_8)
FNDA:0,(anonymous_9)
FNDA:0,(anonymous_10)
FNDA:0,(anonymous_11)
FNDA:0,(anonymous_12)
FNDA:0,(anonymous_13)
FNDA:0,(anonymous_14)
FNDA:0,(anonymous_15)
FNDA:0,(anonymous_16)
FNDA:0,(anonymous_17)
FNDA:0,(anonymous_18)
FNDA:0,(anonymous_19)
FNDA:0,(anonymous_20)
FNDA:0,(anonymous_21)
FNDA:0,(anonymous_22)
FNDA:0,(anonymous_23)
FNDA:0,(anonymous_24)
FNDA:0,(anonymous_25)
FNDA:0,(anonymous_26)
FNDA:0,(anonymous_27)
FNDA:0,(anonymous_28)
FNDA:0,(anonymous_29)
FNDA:0,(anonymous_30)
FNDA:0,(anonymous_31)
FNDA:0,(anonymous_32)
FNDA:0,(anonymous_33)
FNDA:0,(anonymous_34)
FNDA:0,(anonymous_35)
FNDA:0,(anonymous_36)
FNDA:0,(anonymous_37)
FNDA:0,(anonymous_38)
DA:1,0
DA:2,0
DA:37,0
DA:39,0
DA:40,0
DA:41,0
DA:42,0
DA:43,0
DA:44,0
DA:45,0
DA:46,0
DA:47,0
DA:48,0
DA:49,0
DA:50,0
DA:58,0
DA:59,0
DA:60,0
DA:61,0
DA:62,0
DA:63,0
DA:64,0
DA:65,0
DA:67,0
DA:68,0
DA:69,0
DA:70,0
DA:71,0
DA:72,0
DA:73,0
DA:74,0
DA:78,0
DA:88,0
DA:92,0
DA:93,0
DA:95,0
DA:96,0
DA:100,0
DA:101,0
DA:102,0
DA:107,0
DA:119,0
DA:123,0
DA:124,0
DA:125,0
DA:126,0
DA:127,0
DA:128,0
DA:129,0
DA:135,0
DA:136,0
DA:137,0
DA:138,0
DA:143,0
DA:144,0
DA:145,0
DA:146,0
DA:147,0
DA:151,0
DA:152,0
DA:155,0
DA:156,0
DA:157,0
DA:161,0
DA:165,0
DA:168,0
DA:169,0
DA:170,0
DA:171,0
DA:173,0
DA:180,0
DA:184,0
DA:185,0
DA:186,0
DA:187,0
DA:192,0
DA:193,0
DA:194,0
DA:195,0
DA:196,0
DA:198,0
DA:199,0
DA:200,0
DA:204,0
DA:205,0
DA:206,0
DA:207,0
DA:208,0
DA:209,0
DA:210,0
DA:213,0
DA:214,0
DA:215,0
DA:218,0
DA:224,0
DA:225,0
DA:226,0
DA:227,0
DA:228,0
DA:229,0
DA:230,0
DA:231,0
DA:232,0
DA:237,0
DA:238,0
DA:242,0
DA:243,0
DA:248,0
DA:249,0
DA:250,0
DA:251,0
DA:252,0
DA:257,0
DA:258,0
DA:264,0
DA:265,0
DA:268,0
DA:271,0
DA:272,0
DA:274,0
DA:275,0
DA:277,0
DA:279,0
DA:280,0
DA:282,0
DA:283,0
DA:284,0
DA:285,0
DA:286,0
DA:287,0
DA:288,0
DA:290,0
DA:292,0
DA:293,0
DA:294,0
DA:295,0
DA:296,0
DA:298,0
DA:302,0
DA:303,0
DA:304,0
DA:308,0
DA:311,0
DA:312,0
DA:315,0
DA:316,0
DA:317,0
DA:321,0
DA:322,0
DA:323,0
DA:324,0
DA:328,0
DA:331,0
DA:332,0
DA:333,0
DA:334,0
DA:335,0
DA:339,0
DA:343,0
DA:344,0
DA:347,0
DA:348,0
DA:349,0
DA:350,0
DA:354,0
DA:365,0
DA:370,0
DA:371,0
DA:382,0
DA:383,0
DA:384,0
DA:385,0
DA:386,0
DA:387,0
DA:388,0
DA:392,0
DA:393,0
DA:394,0
DA:400,0
DA:402,0
DA:407,0
DA:408,0
DA:409,0
DA:410,0
DA:413,0
DA:416,0
DA:417,0
DA:418,0
DA:422,0
DA:423,0
DA:424,0
DA:425,0
DA:426,0
DA:432,0
DA:433,0
DA:434,0
DA:435,0
DA:437,0
DA:438,0
DA:439,0
DA:441,0
DA:443,0
DA:444,0
DA:445,0
DA:448,0
DA:449,0
DA:457,0
DA:458,0
DA:459,0
DA:460,0
DA:464,0
DA:467,0
DA:470,0
DA:473,0
DA:476,0
DA:479,0
DA:482,0
DA:483,0
DA:484,0
DA:485,0
DA:486,0
DA:487,0
DA:488,0
DA:489,0
DA:490,0
DA:494,0
DA:495,0
DA:498,0
DA:499,0
DA:501,0
DA:502,0
DA:503,0
DA:504,0
DA:505,0
DA:509,0
DA:510,0
DA:511,0
DA:512,0
DA:513,0
DA:514,0
DA:517,0
DA:518,0
DA:519,0
DA:520,0
DA:521,0
DA:524,0
DA:525,0
DA:529,0
DA:531,0
DA:532,0
DA:533,0
DA:537,0
DA:540,0
DA:543,0
DA:544,0
DA:545,0
DA:546,0
DA:547,0
DA:548,0
DA:549,0
DA:550,0
DA:551,0
DA:552,0
DA:553,0
DA:559,0
DA:560,0
DA:563,0
DA:564,0
DA:565,0
DA:566,0
DA:567,0
DA:572,0
DA:573,0
DA:574,0
DA:576,0
DA:577,0
DA:578,0
DA:579,0
DA:580,0
DA:581,0
DA:585,0
DA:586,0
DA:587,0
DA:590,0
DA:591,0
DA:592,0
DA:593,0
DA:594,0
DA:595,0
DA:596,0
DA:597,0
DA:600,0
DA:601,0
DA:602,0
DA:603,0
DA:604,0
DA:605,0
DA:606,0
DA:609,0
DA:613,0
DA:614,0
DA:615,0
DA:618,0
DA:619,0
DA:620,0
DA:622,0
DA:623,0
DA:624,0
DA:625,0
DA:626,0
DA:627,0
DA:628,0
DA:630,0
DA:631,0
DA:633,0
DA:636,0
DA:637,0
DA:638,0
DA:640,0
DA:644,0
DA:645,0
DA:646,0
DA:647,0
DA:649,0
DA:650,0
DA:651,0
DA:652,0
DA:653,0
DA:657,0
DA:658,0
DA:659,0
DA:660,0
DA:661,0
DA:662,0
DA:663,0
DA:664,0
DA:665,0
DA:669,0
DA:671,0
DA:672,0
DA:674,0
DA:675,0
DA:676,0
DA:677,0
DA:678,0
DA:682,0
DA:686,0
DA:689,0
DA:690,0
DA:691,0
DA:693,0
DA:694,0
DA:697,0
DA:698,0
DA:699,0
DA:702,0
DA:703,0
DA:704,0
DA:705,0
DA:706,0
DA:707,0
DA:708,0
DA:709,0
DA:710,0
DA:711,0
DA:714,0
DA:715,0
DA:716,0
DA:717,0
DA:719,0
DA:723,0
DA:724,0
DA:725,0
DA:729,0
DA:730,0
DA:731,0
DA:732,0
DA:735,0
DA:740,0
DA:741,0
DA:742,0
DA:743,0
DA:749,0
DA:750,0
DA:751,0
DA:752,0
DA:754,0
DA:755,0
DA:756,0
DA:757,0
DA:760,0
DA:761,0
DA:762,0
DA:763,0
DA:764,0
DA:769,0
DA:770,0
DA:771,0
DA:772,0
DA:773,0
DA:774,0
DA:775,0
DA:780,0
DA:781,0
DA:782,0
DA:783,0
DA:784,0
DA:788,0
DA:789,0
DA:790,0
DA:795,0
DA:796,0
DA:797,0
DA:801,0
DA:802,0
DA:805,0
DA:806,0
DA:808,0
DA:809,0
DA:810,0
LF:420
LH:0
BRDA:100,0,0,0
BRDA:100,0,1,0
BRDA:108,1,0,0
BRDA:108,1,1,0
BRDA:114,2,0,0
BRDA:114,2,1,0
BRDA:114,3,0,0
BRDA:114,3,1,0
BRDA:124,4,0,0
BRDA:124,4,1,0
BRDA:124,4,2,0
BRDA:124,4,3,0
BRDA:124,4,4,0
BRDA:135,5,0,0
BRDA:135,5,1,0
BRDA:137,6,0,0
BRDA:137,6,1,0
BRDA:143,7,0,0
BRDA:143,7,1,0
BRDA:143,8,0,0
BRDA:143,8,1,0
BRDA:143,8,2,0
BRDA:151,9,0,0
BRDA:151,9,1,0
BRDA:155,10,0,0
BRDA:155,10,1,0
BRDA:161,11,0,0
BRDA:161,11,1,0
BRDA:165,12,0,0
BRDA:165,12,1,0
BRDA:168,13,0,0
BRDA:168,13,1,0
BRDA:184,14,0,0
BRDA:184,14,1,0
BRDA:198,15,0,0
BRDA:198,15,1,0
BRDA:206,16,0,0
BRDA:206,16,1,0
BRDA:213,17,0,0
BRDA:213,17,1,0
BRDA:225,18,0,0
BRDA:225,18,1,0
BRDA:225,19,0,0
BRDA:225,19,1,0
BRDA:231,20,0,0
BRDA:231,20,1,0
BRDA:231,21,0,0
BRDA:231,21,1,0
BRDA:237,22,0,0
BRDA:237,22,1,0
BRDA:242,23,0,0
BRDA:242,23,1,0
BRDA:242,24,0,0
BRDA:242,24,1,0
BRDA:251,25,0,0
BRDA:251,25,1,0
BRDA:251,26,0,0
BRDA:251,26,1,0
BRDA:257,27,0,0
BRDA:257,27,1,0
BRDA:257,28,0,0
BRDA:257,28,1,0
BRDA:271,29,0,0
BRDA:271,29,1,0
BRDA:274,30,0,0
BRDA:274,30,1,0
BRDA:277,31,0,0
BRDA:277,31,1,0
BRDA:280,32,0,0
BRDA:280,32,1,0
BRDA:292,33,0,0
BRDA:292,33,1,0
BRDA:292,34,0,0
BRDA:292,34,1,0
BRDA:302,35,0,0
BRDA:302,35,1,0
BRDA:331,36,0,0
BRDA:331,36,1,0
BRDA:334,37,0,0
BRDA:334,37,1,0
BRDA:335,38,0,0
BRDA:335,38,1,0
BRDA:335,39,0,0
BRDA:335,39,1,0
BRDA:339,40,0,0
BRDA:339,40,1,0
BRDA:339,41,0,0
BRDA:339,41,1,0
BRDA:347,42,0,0
BRDA:347,42,1,0
BRDA:348,43,0,0
BRDA:348,43,1,0
BRDA:349,44,0,0
BRDA:349,44,1,0
BRDA:350,45,0,0
BRDA:350,45,1,0
BRDA:370,46,0,0
BRDA:370,46,1,0
BRDA:370,47,0,0
BRDA:370,47,1,0
BRDA:386,48,0,0
BRDA:386,48,1,0
BRDA:392,49,0,0
BRDA:392,49,1,0
BRDA:409,50,0,0
BRDA:409,50,1,0
BRDA:413,51,0,0
BRDA:413,51,1,0
BRDA:413,52,0,0
BRDA:413,52,1,0
BRDA:416,53,0,0
BRDA:416,53,1,0
BRDA:433,54,0,0
BRDA:433,54,1,0
BRDA:434,55,0,0
BRDA:434,55,1,0
BRDA:438,56,0,0
BRDA:438,56,1,0
BRDA:444,57,0,0
BRDA:444,57,1,0
BRDA:445,58,0,0
BRDA:445,58,1,0
BRDA:445,59,0,0
BRDA:445,59,1,0
BRDA:494,60,0,0
BRDA:494,60,1,0
BRDA:517,61,0,0
BRDA:517,61,1,0
BRDA:524,62,0,0
BRDA:524,62,1,0
BRDA:529,63,0,0
BRDA:529,63,1,0
BRDA:529,64,0,0
BRDA:529,64,1,0
BRDA:532,65,0,0
BRDA:532,65,1,0
BRDA:543,66,0,0
BRDA:543,66,1,0
BRDA:543,67,0,0
BRDA:543,67,1,0
BRDA:576,68,0,0
BRDA:576,68,1,0
BRDA:600,69,0,0
BRDA:600,69,1,0
BRDA:630,70,0,0
BRDA:630,70,1,0
BRDA:669,71,0,0
BRDA:669,71,1,0
BRDA:676,72,0,0
BRDA:676,72,1,0
BRDA:691,73,0,0
BRDA:691,73,1,0
BRDA:731,74,0,0
BRDA:731,74,1,0
BRDA:740,75,0,0
BRDA:740,75,1,0
BRDA:742,76,0,0
BRDA:742,76,1,0
BRDA:749,77,0,0
BRDA:749,77,1,0
BRDA:755,78,0,0
BRDA:755,78,1,0
BRDA:760,79,0,0
BRDA:760,79,1,0
BRDA:760,80,0,0
BRDA:760,80,1,0
BRDA:769,81,0,0
BRDA:769,81,1,0
BRDA:789,82,0,0
BRDA:789,82,1,0
BRDA:789,83,0,0
BRDA:789,83,1,0
BRDA:796,84,0,0
BRDA:796,84,1,0
BRDA:796,85,0,0
BRDA:796,85,1,0
BRF:176
BRH:0
end_of_record
TN:
SF:client/src/lib/games/BaseGame.ts
FN:21,(anonymous_0)
FN:38,(anonymous_1)
FN:46,(anonymous_2)
FN:50,(anonymous_3)
FN:57,(anonymous_4)
FN:66,(anonymous_5)
FN:71,(anonymous_6)
FN:96,(anonymous_7)
FN:99,(anonymous_8)
FN:101,(anonymous_9)
FN:109,(anonymous_10)
FN:118,(anonymous_11)
FN:127,(anonymous_12)
FN:131,(anonymous_13)
FNF:14
FNH:0
FNDA:0,(anonymous_0)
FNDA:0,(anonymous_1)
FNDA:0,(anonymous_2)
FNDA:0,(anonymous_3)
FNDA:0,(anonymous_4)
FNDA:0,(anonymous_5)
FNDA:0,(anonymous_6)
FNDA:0,(anonymous_7)
FNDA:0,(anonymous_8)
FNDA:0,(anonymous_9)
FNDA:0,(anonymous_10)
FNDA:0,(anonymous_11)
FNDA:0,(anonymous_12)
FNDA:0,(anonymous_13)
DA:1,0
DA:2,0
DA:4,0
DA:8,0
DA:9,0
DA:10,0
DA:11,0
DA:12,0
DA:14,0
DA:22,0
DA:23,0
DA:24,0
DA:25,0
DA:26,0
DA:39,0
DA:40,0
DA:41,0
DA:42,0
DA:43,0
DA:47,0
DA:51,0
DA:52,0
DA:53,0
DA:58,0
DA:59,0
DA:60,0
DA:61,0
DA:62,0
DA:67,0
DA:68,0
DA:72,0
DA:73,0
DA:74,0
DA:75,0
DA:77,0
DA:78,0
DA:80,0
DA:81,0
DA:84,0
DA:86,0
DA:87,0
DA:88,0
DA:89,0
DA:90,0
DA:91,0
DA:92,0
DA:96,0
DA:101,0
DA:102,0
DA:103,0
DA:106,0
DA:111,0
DA:112,0
DA:113,0
DA:119,0
DA:120,0
DA:121,0
DA:122,0
DA:123,0
DA:124,0
DA:128,0
DA:132,0
DA:133,0
LF:63
LH:0
BRDA:52,0,0,0
BRDA:52,0,1,0
BRDA:60,1,0,0
BRDA:60,1,1,0
BRDA:72,2,0,0
BRDA:72,2,1,0
BRDA:74,3,0,0
BRDA:74,3,1,0
BRDA:74,4,0,0
BRDA:74,4,1,0
BRDA:77,5,0,0
BRDA:77,5,1,0
BRDA:86,6,0,0
BRDA:86,6,1,0
BRDA:88,7,0,0
BRDA:88,7,1,0
BRDA:102,8,0,0
BRDA:102,8,1,0
BRDA:102,9,0,0
BRDA:102,9,1,0
BRDA:111,10,0,0
BRDA:111,10,1,0
BRDA:118,11,0,0
BRDA:118,12,0,0
BRDA:118,13,0,0
BRF:25
BRH:0
end_of_record
TN:
SF:client/src/lib/games/BetrayalGame.ts
FN:69,(anonymous_0)
FN:120,(anonymous_1)
FN:158,(anonymous_2)
FN:211,(anonymous_3)
FN:240,(anonymous_4)
FN:281,(anonymous_5)
FN:317,(anonymous_6)
FN:350,(anonymous_7)
FN:396,(anonymous_8)
FN:437,(anonymous_9)
FN:453,(anonymous_10)
FN:479,(anonymous_11)
FN:532,(anonymous_12)
FN:553,(anonymous_13)
FN:569,(anonymous_14)
FN:594,(anonymous_15)
FN:686,(anonymous_16)
FN:693,(anonymous_17)
FN:704,(anonymous_18)
FN:725,(anonymous_19)
FN:734,(anonymous_20)
FN:735,(anonymous_21)
FN:736,(anonymous_22)
FN:737,(anonymous_23)
FN:753,(anonymous_24)
FN:778,(anonymous_25)
FN:799,(anonymous_26)
FN:921,(anonymous_27)
FN:933,(anonymous_28)
FN:945,(anonymous_29)
FN:965,(anonymous_30)
FN:975,(anonymous_31)
FN:1004,(anonymous_32)
FN:1008,(anonymous_33)
FN:1009,(anonymous_34)
FN:1016,(anonymous_35)
FN:1023,(anonymous_36)
FNF:37
FNH:0
FNDA:0,(anonymous_0)
FNDA:0,(anonymous_1)
FNDA:0,(anonymous_2)
FNDA:0,(anonymous_3)
FNDA:0,(anonymous_4)
FNDA:0,(anonymous_5)
FNDA:0,(anonymous_6)
FNDA:0,(anonymous_7)
FNDA:0,(anonymous_8)
FNDA:0,(anonymous_9)
FNDA:0,(anonymous_10)
FNDA:0,(anonymous_11)
FNDA:0,(anonymous_12)
FNDA:0,(anonymous_13)
FNDA:0,(anonymous_14)
FNDA:0,(anonymous_15)
FNDA:0,(anonymous_16)
FNDA:0,(anonymous_17)
FNDA:0,(anonymous_18)
FNDA:0,(anonymous_19)
FNDA:0,(anonymous_20)
FNDA:0,(anonymous_21)
FNDA:0,(anonymous_22)
FNDA:0,(anonymous_23)
FNDA:0,(anonymous_24)
FNDA:0,(anonymous_25)
FNDA:0,(anonymous_26)
FNDA:0,(anonymous_27)
FNDA:0,(anonymous_28)
FNDA:0,(anonymous_29)
FNDA:0,(anonymous_30)
FNDA:0,(anonymous_31)
FNDA:0,(anonymous_32)
FNDA:0,(anonymous_33)
FNDA:0,(anonymous_34)
FNDA:0,(anonymous_35)
FNDA:0,(anonymous_36)
DA:1,0
DA:69,0
DA:72,0
DA:73,0
DA:74,0
DA:75,0
DA:76,0
DA:77,0
DA:78,0
DA:79,0
DA:80,0
DA:81,0
DA:82,0
DA:83,0
DA:84,0
DA:85,0
DA:87,0
DA:96,0
DA:106,0
DA:113,0
DA:122,0
DA:134,0
DA:152,0
DA:153,0
DA:154,0
DA:155,0
DA:160,0
DA:161,0
DA:165,0
DA:167,0
DA:168,0
DA:170,0
DA:171,0
DA:172,0
DA:173,0
DA:174,0
DA:175,0
DA:176,0
DA:177,0
DA:179,0
DA:180,0
DA:181,0
DA:182,0
DA:183,0
DA:184,0
DA:185,0
DA:186,0
DA:188,0
DA:189,0
DA:190,0
DA:191,0
DA:192,0
DA:193,0
DA:194,0
DA:195,0
DA:197,0
DA:198,0
DA:200,0
DA:202,0
DA:203,0
DA:205,0
DA:208,0
DA:212,0
DA:215,0
DA:216,0
DA:217,0
DA:218,0
DA:220,0
DA:221,0
DA:222,0
DA:223,0
DA:224,0
DA:225,0
DA:226,0
DA:228,0
DA:231,0
DA:232,0
DA:233,0
DA:234,0
DA:235,0
DA:241,0
DA:244,0
DA:247,0
DA:248,0
DA:249,0
DA:250,0
DA:251,0
DA:252,0
DA:257,0
DA:258,0
DA:259,0
DA:260,0
DA:261,0
DA:262,0
DA:263,0
DA:264,0
DA:265,0
DA:270,0
DA:271,0
DA:272,0
DA:273,0
DA:274,0
DA:275,0
DA:276,0
DA:282,0
DA:283,0
DA:284,0
DA:285,0
DA:286,0
DA:287,0
DA:288,0
DA:289,0
DA:293,0
DA:294,0
DA:295,0
DA:296,0
DA:297,0
DA:298,0
DA:303,0
DA:304,0
DA:305,0
DA:306,0
DA:307,0
DA:308,0
DA:309,0
DA:310,0
DA:311,0
DA:312,0
DA:318,0
DA:321,0
DA:322,0
DA:323,0
DA:324,0
DA:325,0
DA:326,0
DA:331,0
DA:332,0
DA:333,0
DA:334,0
DA:335,0
DA:336,0
DA:337,0
DA:339,0
DA:340,0
DA:341,0
DA:342,0
DA:343,0
DA:344,0
DA:345,0
DA:352,0
DA:353,0
DA:355,0
DA:356,0
DA:358,0
DA:359,0
DA:360,0
DA:361,0
DA:363,0
DA:364,0
DA:365,0
DA:369,0
DA:370,0
DA:371,0
DA:374,0
DA:375,0
DA:379,0
DA:380,0
DA:383,0
DA:384,0
DA:387,0
DA:388,0
DA:391,0
DA:392,0
DA:398,0
DA:400,0
DA:402,0
DA:403,0
DA:404,0
DA:406,0
DA:407,0
DA:408,0
DA:412,0
DA:413,0
DA:414,0
DA:416,0
DA:417,0
DA:418,0
DA:419,0
DA:423,0
DA:424,0
DA:427,0
DA:428,0
DA:431,0
DA:432,0
DA:433,0
DA:438,0
DA:450,0
DA:454,0
DA:457,0
DA:459,0
DA:461,0
DA:462,0
DA:463,0
DA:464,0
DA:466,0
DA:467,0
DA:468,0
DA:469,0
DA:472,0
DA:473,0
DA:474,0
DA:476,0
DA:478,0
DA:479,0
DA:480,0
DA:485,0
DA:488,0
DA:490,0
DA:491,0
DA:492,0
DA:493,0
DA:498,0
DA:500,0
DA:502,0
DA:503,0
DA:504,0
DA:505,0
DA:510,0
DA:512,0
DA:514,0
DA:515,0
DA:516,0
DA:517,0
DA:519,0
DA:520,0
DA:525,0
DA:527,0
DA:528,0
DA:534,0
DA:535,0
DA:541,0
DA:545,0
DA:546,0
DA:547,0
DA:548,0
DA:554,0
DA:555,0
DA:556,0
DA:557,0
DA:558,0
DA:561,0
DA:564,0
DA:570,0
DA:571,0
DA:572,0
DA:573,0
DA:574,0
DA:577,0
DA:578,0
DA:579,0
DA:581,0
DA:582,0
DA:583,0
DA:586,0
DA:587,0
DA:589,0
DA:590,0
DA:596,0
DA:597,0
DA:599,0
DA:601,0
DA:602,0
DA:603,0
DA:604,0
DA:605,0
DA:606,0
DA:609,0
DA:610,0
DA:611,0
DA:612,0
DA:613,0
DA:614,0
DA:615,0
DA:616,0
DA:617,0
DA:618,0
DA:620,0
DA:625,0
DA:626,0
DA:627,0
DA:628,0
DA:629,0
DA:630,0
DA:633,0
DA:635,0
DA:636,0
DA:642,0
DA:643,0
DA:644,0
DA:648,0
DA:649,0
DA:650,0
DA:651,0
DA:652,0
DA:653,0
DA:658,0
DA:659,0
DA:664,0
DA:666,0
DA:667,0
DA:668,0
DA:673,0
DA:674,0
DA:675,0
DA:676,0
DA:677,0
DA:679,0
DA:681,0
DA:687,0
DA:688,0
DA:689,0
DA:690,0
DA:694,0
DA:695,0
DA:696,0
DA:697,0
DA:700,0
DA:706,0
DA:708,0
DA:716,0
DA:726,0
DA:729,0
DA:732,0
DA:733,0
DA:734,0
DA:735,0
DA:736,0
DA:737,0
DA:740,0
DA:743,0
DA:744,0
DA:745,0
DA:746,0
DA:747,0
DA:748,0
DA:749,0
DA:755,0
DA:756,0
DA:759,0
DA:760,0
DA:761,0
DA:762,0
DA:763,0
DA:764,0
DA:765,0
DA:766,0
DA:771,0
DA:772,0
DA:773,0
DA:774,0
DA:779,0
DA:780,0
DA:781,0
DA:784,0
DA:785,0
DA:786,0
DA:787,0
DA:788,0
DA:789,0
DA:790,0
DA:791,0
DA:792,0
DA:793,0
DA:794,0
DA:796,0
DA:800,0
DA:801,0
DA:802,0
DA:804,0
DA:807,0
DA:810,0
DA:811,0
DA:812,0
DA:813,0
DA:816,0
DA:817,0
DA:818,0
DA:821,0
DA:823,0
DA:824,0
DA:825,0
DA:826,0
DA:827,0
DA:828,0
DA:829,0
DA:830,0
DA:833,0
DA:834,0
DA:835,0
DA:836,0
DA:837,0
DA:838,0
DA:841,0
DA:842,0
DA:843,0
DA:844,0
DA:847,0
DA:848,0
DA:851,0
DA:852,0
DA:853,0
DA:854,0
DA:855,0
DA:858,0
DA:859,0
DA:860,0
DA:861,0
DA:862,0
DA:866,0
DA:867,0
DA:868,0
DA:869,0
DA:870,0
DA:873,0
DA:874,0
DA:875,0
DA:876,0
DA:877,0
DA:880,0
DA:883,0
DA:884,0
DA:885,0
DA:886,0
DA:887,0
DA:888,0
DA:889,0
DA:890,0
DA:891,0
DA:895,0
DA:896,0
DA:900,0
DA:901,0
DA:902,0
DA:904,0
DA:905,0
DA:906,0
DA:907,0
DA:908,0
DA:909,0
DA:910,0
DA:911,0
DA:912,0
DA:916,0
DA:917,0
DA:922,0
DA:923,0
DA:924,0
DA:925,0
DA:926,0
DA:927,0
DA:928,0
DA:929,0
DA:930,0
DA:934,0
DA:935,0
DA:936,0
DA:937,0
DA:938,0
DA:939,0
DA:940,0
DA:941,0
DA:942,0
DA:946,0
DA:947,0
DA:948,0
DA:949,0
DA:950,0
DA:952,0
DA:953,0
DA:955,0
DA:958,0
DA:961,0
DA:962,0
DA:966,0
DA:967,0
DA:968,0
DA:969,0
DA:970,0
DA:971,0
DA:972,0
DA:977,0
DA:978,0
DA:979,0
DA:980,0
DA:981,0
DA:984,0
DA:985,0
DA:986,0
DA:987,0
DA:988,0
DA:991,0
DA:992,0
DA:993,0
DA:994,0
DA:995,0
DA:998,0
DA:1001,0
DA:1009,0
DA:1010,0
DA:1011,0
DA:1012,0
DA:1016,0
DA:1017,0
DA:1020,0
DA:1021,0
DA:1023,0
DA:1024,0
DA:1025,0
LF:518
LH:0
BRDA:160,0,0,0
BRDA:160,0,1,0
BRDA:165,1,0,0
BRDA:165,1,1,0
BRDA:165,1,2,0
BRDA:165,1,3,0
BRDA:165,1,4,0
BRDA:165,1,5,0
BRDA:197,2,0,0
BRDA:197,2,1,0
BRDA:198,3,0,0
BRDA:198,3,1,0
BRDA:198,4,0,0
BRDA:198,4,1,0
BRDA:202,5,0,0
BRDA:202,5,1,0
BRDA:203,6,0,0
BRDA:203,6,1,0
BRDA:203,7,0,0
BRDA:203,7,1,0
BRDA:208,8,0,0
BRDA:208,8,1,0
BRDA:208,9,0,0
BRDA:208,9,1,0
BRDA:215,10,0,0
BRDA:215,10,1,0
BRDA:220,11,0,0
BRDA:220,11,1,0
BRDA:225,12,0,0
BRDA:225,12,1,0
BRDA:225,13,0,0
BRDA:225,13,1,0
BRDA:234,14,0,0
BRDA:234,14,1,0
BRDA:234,15,0,0
BRDA:234,15,1,0
BRDA:247,16,0,0
BRDA:247,16,1,0
BRDA:247,17,0,0
BRDA:247,17,1,0
BRDA:251,18,0,0
BRDA:251,18,1,0
BRDA:251,19,0,0
BRDA:251,19,1,0
BRDA:257,20,0,0
BRDA:257,20,1,0
BRDA:257,21,0,0
BRDA:257,21,1,0
BRDA:264,22,0,0
BRDA:264,22,1,0
BRDA:264,23,0,0
BRDA:264,23,1,0
BRDA:270,24,0,0
BRDA:270,24,1,0
BRDA:275,25,0,0
BRDA:275,25,1,0
BRDA:275,26,0,0
BRDA:275,26,1,0
BRDA:286,27,0,0
BRDA:286,27,1,0
BRDA:293,28,0,0
BRDA:293,28,1,0
BRDA:293,29,0,0
BRDA:293,29,1,0
BRDA:297,30,0,0
BRDA:297,30,1,0
BRDA:297,31,0,0
BRDA:297,31,1,0
BRDA:303,32,0,0
BRDA:303,32,1,0
BRDA:311,33,0,0
BRDA:311,33,1,0
BRDA:311,34,0,0
BRDA:311,34,1,0
BRDA:321,35,0,0
BRDA:321,35,1,0
BRDA:321,36,0,0
BRDA:321,36,1,0
BRDA:325,37,0,0
BRDA:325,37,1,0
BRDA:325,38,0,0
BRDA:325,38,1,0
BRDA:331,39,0,0
BRDA:331,39,1,0
BRDA:336,40,0,0
BRDA:336,40,1,0
BRDA:336,41,0,0
BRDA:336,41,1,0
BRDA:339,42,0,0
BRDA:339,42,1,0
BRDA:344,43,0,0
BRDA:344,43,1,0
BRDA:344,44,0,0
BRDA:344,44,1,0
BRDA:352,45,0,0
BRDA:352,45,1,0
BRDA:355,46,0,0
BRDA:355,46,1,0
BRDA:358,47,0,0
BRDA:358,47,1,0
BRDA:363,48,0,0
BRDA:363,48,1,0
BRDA:369,49,0,0
BRDA:369,49,1,0
BRDA:369,50,0,0
BRDA:369,50,1,0
BRDA:374,51,0,0
BRDA:374,51,1,0
BRDA:391,52,0,0
BRDA:391,52,1,0
BRDA:400,53,0,0
BRDA:400,53,1,0
BRDA:406,54,0,0
BRDA:406,54,1,0
BRDA:414,55,0,0
BRDA:414,55,1,0
BRDA:432,56,0,0
BRDA:432,56,1,0
BRDA:432,57,0,0
BRDA:432,57,1,0
BRDA:432,57,2,0
BRDA:454,58,0,0
BRDA:454,58,1,0
BRDA:459,59,0,0
BRDA:459,59,1,0
BRDA:476,60,0,0
BRDA:476,60,1,0
BRDA:476,60,2,0
BRDA:476,60,3,0
BRDA:476,60,4,0
BRDA:534,61,0,0
BRDA:534,61,1,0
BRDA:534,62,0,0
BRDA:534,62,1,0
BRDA:538,63,0,0
BRDA:538,63,1,0
BRDA:547,64,0,0
BRDA:547,64,1,0
BRDA:561,65,0,0
BRDA:561,65,1,0
BRDA:561,66,0,0
BRDA:561,66,1,0
BRDA:561,66,2,0
BRDA:561,66,3,0
BRDA:561,66,4,0
BRDA:572,67,0,0
BRDA:572,67,1,0
BRDA:581,68,0,0
BRDA:581,68,1,0
BRDA:599,69,0,0
BRDA:599,69,1,0
BRDA:601,70,0,0
BRDA:601,70,1,0
BRDA:606,71,0,0
BRDA:606,71,1,0
BRDA:606,72,0,0
BRDA:606,72,1,0
BRDA:611,73,0,0
BRDA:611,73,1,0
BRDA:611,74,0,0
BRDA:611,74,1,0
BRDA:615,75,0,0
BRDA:615,75,1,0
BRDA:625,76,0,0
BRDA:625,76,1,0
BRDA:626,77,0,0
BRDA:626,77,1,0
BRDA:628,78,0,0
BRDA:628,78,1,0
BRDA:642,79,0,0
BRDA:642,79,1,0
BRDA:650,80,0,0
BRDA:650,80,1,0
BRDA:650,81,0,0
BRDA:650,81,1,0
BRDA:658,82,0,0
BRDA:658,82,1,0
BRDA:658,83,0,0
BRDA:658,83,1,0
BRDA:666,84,0,0
BRDA:666,84,1,0
BRDA:667,85,0,0
BRDA:667,85,1,0
BRDA:675,86,0,0
BRDA:675,86,1,0
BRDA:676,87,0,0
BRDA:676,87,1,0
BRDA:696,88,0,0
BRDA:696,88,1,0
BRDA:696,89,0,0
BRDA:696,89,1,0
BRDA:743,90,0,0
BRDA:743,90,1,0
BRDA:762,91,0,0
BRDA:762,91,1,0
BRDA:771,92,0,0
BRDA:771,92,1,0
BRDA:816,93,0,0
BRDA:816,93,1,0
BRDA:817,94,0,0
BRDA:817,94,1,0
BRDA:821,95,0,0
BRDA:821,95,1,0
BRDA:844,96,0,0
BRDA:844,96,1,0
BRDA:851,97,0,0
BRDA:851,97,1,0
BRDA:866,98,0,0
BRDA:866,98,1,0
BRDA:883,99,0,0
BRDA:883,99,1,0
BRDA:900,100,0,0
BRDA:900,100,1,0
BRDA:904,101,0,0
BRDA:904,101,1,0
BRDA:904,102,0,0
BRDA:904,102,1,0
BRDA:923,103,0,0
BRDA:923,103,1,0
BRDA:948,104,0,0
BRDA:948,104,1,0
BRDA:1011,105,0,0
BRDA:1011,105,1,0
BRF:223
BRH:0
end_of_record
TN:
SF:client/src/lib/games/BreakoutGame.ts
FN:34,(anonymous_13)
FN:82,(anonymous_14)
FN:100,(anonymous_16)
FN:107,(anonymous_17)
FN:111,(anonymous_18)
FN:127,(anonymous_19)
FN:157,(anonymous_20)
FN:195,(anonymous_21)
FN:324,(anonymous_22)
FN:345,(anonymous_23)
FN:354,(anonymous_24)
FN:359,(anonymous_25)
FN:374,(anonymous_26)
FN:378,(anonymous_27)
FN:388,(anonymous_28)
FN:446,(anonymous_29)
FN:492,(anonymous_30)
FN:544,(anonymous_31)
FN:568,(anonymous_32)
FN:579,(anonymous_33)
FN:605,(anonymous_34)
FN:636,(anonymous_35)
FN:643,(anonymous_36)
FN:650,(anonymous_37)
FN:670,(anonymous_38)
FN:692,(anonymous_39)
FN:701,(anonymous_40)
FN:748,(anonymous_41)
FN:787,(anonymous_42)
FN:873,(anonymous_43)
FN:925,(anonymous_44)
FN:983,(anonymous_45)
FN:991,(anonymous_46)
FN:1040,(anonymous_47)
FN:1054,(anonymous_48)
FN:1063,(anonymous_49)
FN:1085,(anonymous_50)
FN:1099,(anonymous_51)
FN:1103,(anonymous_52)
FN:1114,(anonymous_53)
FN:1115,(anonymous_54)
FN:1121,(anonymous_55)
FN:1128,(anonymous_56)
FNF:43
FNH:0
FNDA:0,(anonymous_13)
FNDA:0,(anonymous_14)
FNDA:0,(anonymous_16)
FNDA:0,(anonymous_17)
FNDA:0,(anonymous_18)
FNDA:0,(anonymous_19)
FNDA:0,(anonymous_20)
FNDA:0,(anonymous_21)
FNDA:0,(anonymous_22)
FNDA:0,(anonymous_23)
FNDA:0,(anonymous_24)
FNDA:0,(anonymous_25)
FNDA:0,(anonymous_26)
FNDA:0,(anonymous_27)
FNDA:0,(anonymous_28)
FNDA:0,(anonymous_29)
FNDA:0,(anonymous_30)
FNDA:0,(anonymous_31)
FNDA:0,(anonymous_32)
FNDA:0,(anonymous_33)
FNDA:0,(anonymous_34)
FNDA:0,(anonymous_35)
FNDA:0,(anonymous_36)
FNDA:0,(anonymous_37)
FNDA:0,(anonymous_38)
FNDA:0,(anonymous_39)
FNDA:0,(anonymous_40)
FNDA:0,(anonymous_41)
FNDA:0,(anonymous_42)
FNDA:0,(anonymous_43)
FNDA:0,(anonymous_44)
FNDA:0,(anonymous_45)
FNDA:0,(anonymous_46)
FNDA:0,(anonymous_47)
FNDA:0,(anonymous_48)
FNDA:0,(anonymous_49)
FNDA:0,(anonymous_50)
FNDA:0,(anonymous_51)
FNDA:0,(anonymous_52)
FNDA:0,(anonymous_53)
FNDA:0,(anonymous_54)
FNDA:0,(anonymous_55)
FNDA:0,(anonymous_56)
DA:1,0
DA:2,0
DA:34,0
DA:36,0
DA:37,0
DA:38,0
DA:39,0
DA:40,0
DA:41,0
DA:42,0
DA:43,0
DA:44,0
DA:45,0
DA:46,0
DA:47,0
DA:55,0
DA:56,0
DA:57,0
DA:60,0
DA:61,0
DA:62,0
DA:63,0
DA:64,0
DA:65,0
DA:66,0
DA:67,0
DA:68,0
DA:69,0
DA:71,0
DA:72,0
DA:73,0
DA:76,0
DA:78,0
DA:79,0
DA:80,0
DA:84,0
DA:93,0
DA:96,0
DA:99,0
DA:100,0
DA:101,0
DA:103,0
DA:108,0
DA:113,0
DA:114,0
DA:115,0
DA:116,0
DA:117,0
DA:128,0
DA:129,0
DA:130,0
DA:131,0
DA:132,0
DA:133,0
DA:134,0
DA:135,0
DA:137,0
DA:139,0
DA:140,0
DA:141,0
DA:142,0
DA:151,0
DA:153,0
DA:159,0
DA:160,0
DA:161,0
DA:162,0
DA:164,0
DA:165,0
DA:166,0
DA:170,0
DA:171,0
DA:172,0
DA:173,0
DA:178,0
DA:179,0
DA:180,0
DA:181,0
DA:182,0
DA:183,0
DA:184,0
DA:185,0
DA:190,0
DA:191,0
DA:195,0
DA:196,0
DA:197,0
DA:199,0
DA:200,0
DA:204,0
DA:205,0
DA:206,0
DA:210,0
DA:211,0
DA:212,0
DA:213,0
DA:214,0
DA:215,0
DA:216,0
DA:217,0
DA:222,0
DA:223,0
DA:224,0
DA:225,0
DA:226,0
DA:227,0
DA:228,0
DA:229,0
DA:230,0
DA:236,0
DA:237,0
DA:238,0
DA:239,0
DA:240,0
DA:241,0
DA:246,0
DA:247,0
DA:248,0
DA:249,0
DA:250,0
DA:251,0
DA:256,0
DA:257,0
DA:260,0
DA:261,0
DA:262,0
DA:264,0
DA:265,0
DA:266,0
DA:267,0
DA:269,0
DA:270,0
DA:271,0
DA:273,0
DA:278,0
DA:279,0
DA:281,0
DA:282,0
DA:286,0
DA:287,0
DA:288,0
DA:289,0
DA:292,0
DA:293,0
DA:294,0
DA:296,0
DA:297,0
DA:298,0
DA:302,0
DA:303,0
DA:304,0
DA:306,0
DA:307,0
DA:308,0
DA:309,0
DA:310,0
DA:311,0
DA:315,0
DA:318,0
DA:319,0
DA:320,0
DA:321,0
DA:324,0
DA:325,0
DA:326,0
DA:327,0
DA:328,0
DA:329,0
DA:330,0
DA:331,0
DA:332,0
DA:334,0
DA:345,0
DA:346,0
DA:347,0
DA:350,0
DA:355,0
DA:356,0
DA:360,0
DA:361,0
DA:363,0
DA:364,0
DA:365,0
DA:368,0
DA:369,0
DA:370,0
DA:371,0
DA:375,0
DA:379,0
DA:389,0
DA:390,0
DA:392,0
DA:398,0
DA:399,0
DA:400,0
DA:401,0
DA:404,0
DA:405,0
DA:408,0
DA:409,0
DA:410,0
DA:413,0
DA:414,0
DA:415,0
DA:416,0
DA:417,0
DA:422,0
DA:423,0
DA:424,0
DA:425,0
DA:427,0
DA:428,0
DA:430,0
DA:431,0
DA:433,0
DA:436,0
DA:438,0
DA:439,0
DA:440,0
DA:441,0
DA:447,0
DA:448,0
DA:449,0
DA:452,0
DA:455,0
DA:456,0
DA:458,0
DA:459,0
DA:460,0
DA:462,0
DA:464,0
DA:465,0
DA:467,0
DA:468,0
DA:469,0
DA:472,0
DA:478,0
DA:481,0
DA:482,0
DA:483,0
DA:484,0
DA:487,0
DA:494,0
DA:496,0
DA:498,0
DA:499,0
DA:500,0
DA:501,0
DA:502,0
DA:503,0
DA:504,0
DA:505,0
DA:515,0
DA:517,0
DA:518,0
DA:519,0
DA:520,0
DA:521,0
DA:522,0
DA:524,0
DA:528,0
DA:529,0
DA:530,0
DA:534,0
DA:535,0
DA:536,0
DA:537,0
DA:540,0
DA:546,0
DA:547,0
DA:549,0
DA:550,0
DA:551,0
DA:552,0
DA:553,0
DA:555,0
DA:556,0
DA:557,0
DA:562,0
DA:563,0
DA:564,0
DA:569,0
DA:570,0
DA:571,0
DA:572,0
DA:573,0
DA:574,0
DA:575,0
DA:580,0
DA:583,0
DA:584,0
DA:585,0
DA:586,0
DA:587,0
DA:588,0
DA:589,0
DA:594,0
DA:595,0
DA:596,0
DA:597,0
DA:598,0
DA:599,0
DA:600,0
DA:607,0
DA:608,0
DA:609,0
DA:610,0
DA:613,0
DA:614,0
DA:615,0
DA:617,0
DA:618,0
DA:620,0
DA:621,0
DA:623,0
DA:624,0
DA:628,0
DA:629,0
DA:631,0
DA:632,0
DA:637,0
DA:638,0
DA:639,0
DA:640,0
DA:644,0
DA:645,0
DA:646,0
DA:647,0
DA:651,0
DA:652,0
DA:653,0
DA:656,0
DA:657,0
DA:659,0
DA:660,0
DA:661,0
DA:663,0
DA:664,0
DA:665,0
DA:671,0
DA:672,0
DA:673,0
DA:676,0
DA:677,0
DA:678,0
DA:682,0
DA:683,0
DA:684,0
DA:685,0
DA:688,0
DA:693,0
DA:695,0
DA:697,0
DA:703,0
DA:704,0
DA:705,0
DA:706,0
DA:707,0
DA:708,0
DA:709,0
DA:710,0
DA:711,0
DA:714,0
DA:716,0
DA:717,0
DA:719,0
DA:723,0
DA:724,0
DA:725,0
DA:726,0
DA:727,0
DA:728,0
DA:729,0
DA:733,0
DA:736,0
DA:737,0
DA:738,0
DA:739,0
DA:740,0
DA:741,0
DA:742,0
DA:743,0
DA:745,0
DA:750,0
DA:751,0
DA:752,0
DA:757,0
DA:758,0
DA:759,0
DA:760,0
DA:762,0
DA:766,0
DA:767,0
DA:768,0
DA:769,0
DA:770,0
DA:771,0
DA:772,0
DA:773,0
DA:774,0
DA:775,0
DA:776,0
DA:780,0
DA:781,0
DA:782,0
DA:783,0
DA:788,0
DA:791,0
DA:792,0
DA:795,0
DA:797,0
DA:798,0
DA:799,0
DA:801,0
DA:803,0
DA:804,0
DA:807,0
DA:808,0
DA:809,0
DA:812,0
DA:815,0
DA:816,0
DA:817,0
DA:818,0
DA:819,0
DA:820,0
DA:821,0
DA:822,0
DA:825,0
DA:826,0
DA:827,0
DA:830,0
DA:833,0
DA:834,0
DA:836,0
DA:837,0
DA:838,0
DA:840,0
DA:842,0
DA:843,0
DA:846,0
DA:847,0
DA:848,0
DA:849,0
DA:850,0
DA:851,0
DA:852,0
DA:854,0
DA:855,0
DA:857,0
DA:860,0
DA:861,0
DA:862,0
DA:865,0
DA:869,0
DA:870,0
DA:874,0
DA:877,0
DA:878,0
DA:879,0
DA:882,0
DA:883,0
DA:886,0
DA:887,0
DA:888,0
DA:889,0
DA:890,0
DA:891,0
DA:892,0
DA:895,0
DA:896,0
DA:897,0
DA:898,0
DA:899,0
DA:902,0
DA:903,0
DA:904,0
DA:905,0
DA:906,0
DA:907,0
DA:908,0
DA:911,0
DA:912,0
DA:913,0
DA:914,0
DA:915,0
DA:918,0
DA:919,0
DA:920,0
DA:922,0
DA:926,0
DA:929,0
DA:930,0
DA:933,0
DA:934,0
DA:935,0
DA:937,0
DA:938,0
DA:940,0
DA:948,0
DA:949,0
DA:950,0
DA:951,0
DA:952,0
DA:953,0
DA:954,0
DA:955,0
DA:956,0
DA:960,0
DA:961,0
DA:962,0
DA:963,0
DA:964,0
DA:966,0
DA:967,0
DA:968,0
DA:969,0
DA:976,0
DA:977,0
DA:980,0
DA:984,0
DA:985,0
DA:986,0
DA:987,0
DA:988,0
DA:992,0
DA:995,0
DA:996,0
DA:997,0
DA:998,0
DA:999,0
DA:1003,0
DA:1004,0
DA:1005,0
DA:1007,0
DA:1008,0
DA:1011,0
DA:1012,0
DA:1013,0
DA:1016,0
DA:1017,0
DA:1018,0
DA:1019,0
DA:1020,0
DA:1023,0
DA:1024,0
DA:1025,0
DA:1026,0
DA:1027,0
DA:1028,0
DA:1029,0
DA:1033,0
DA:1037,0
DA:1042,0
DA:1043,0
DA:1045,0
DA:1047,0
DA:1048,0
DA:1049,0
DA:1051,0
DA:1055,0
DA:1056,0
DA:1064,0
DA:1067,0
DA:1068,0
DA:1069,0
DA:1072,0
DA:1073,0
DA:1076,0
DA:1077,0
DA:1079,0
DA:1080,0
DA:1082,0
DA:1086,0
DA:1087,0
DA:1089,0
DA:1090,0
DA:1091,0
DA:1092,0
DA:1094,0
DA:1104,0
DA:1105,0
DA:1106,0
DA:1107,0
DA:1110,0
DA:1115,0
DA:1116,0
DA:1117,0
DA:1121,0
DA:1122,0
DA:1125,0
DA:1126,0
DA:1128,0
DA:1129,0
DA:1130,0
LF:595
LH:0
BRDA:113,0,0,0
BRDA:113,0,1,0
BRDA:116,1,0,0
BRDA:116,1,1,0
BRDA:149,2,0,0
BRDA:149,2,1,0
BRDA:159,3,0,0
BRDA:159,3,1,0
BRDA:159,4,0,0
BRDA:159,4,1,0
BRDA:164,5,0,0
BRDA:164,5,1,0
BRDA:170,6,0,0
BRDA:170,6,1,0
BRDA:172,7,0,0
BRDA:172,7,1,0
BRDA:179,8,0,0
BRDA:179,8,1,0
BRDA:179,9,0,0
BRDA:179,9,1,0
BRDA:184,10,0,0
BRDA:184,10,1,0
BRDA:184,11,0,0
BRDA:184,11,1,0
BRDA:190,12,0,0
BRDA:190,12,1,0
BRDA:199,13,0,0
BRDA:199,13,1,0
BRDA:199,14,0,0
BRDA:199,14,1,0
BRDA:199,14,2,0
BRDA:204,15,0,0
BRDA:204,15,1,0
BRDA:204,16,0,0
BRDA:204,16,1,0
BRDA:210,17,0,0
BRDA:210,17,1,0
BRDA:210,18,0,0
BRDA:210,18,1,0
BRDA:210,18,2,0
BRDA:216,19,0,0
BRDA:216,19,1,0
BRDA:216,20,0,0
BRDA:216,20,1,0
BRDA:222,21,0,0
BRDA:222,21,1,0
BRDA:224,22,0,0
BRDA:224,22,1,0
BRDA:229,23,0,0
BRDA:229,23,1,0
BRDA:229,24,0,0
BRDA:229,24,1,0
BRDA:236,25,0,0
BRDA:236,25,1,0
BRDA:236,26,0,0
BRDA:236,26,1,0
BRDA:240,27,0,0
BRDA:240,27,1,0
BRDA:240,28,0,0
BRDA:240,28,1,0
BRDA:246,29,0,0
BRDA:246,29,1,0
BRDA:246,30,0,0
BRDA:246,30,1,0
BRDA:250,31,0,0
BRDA:250,31,1,0
BRDA:250,32,0,0
BRDA:250,32,1,0
BRDA:256,33,0,0
BRDA:256,33,1,0
BRDA:261,34,0,0
BRDA:261,34,1,0
BRDA:265,35,0,0
BRDA:265,35,1,0
BRDA:269,36,0,0
BRDA:269,36,1,0
BRDA:270,37,0,0
BRDA:270,37,1,0
BRDA:278,38,0,0
BRDA:278,38,1,0
BRDA:281,39,0,0
BRDA:281,39,1,0
BRDA:286,40,0,0
BRDA:286,40,1,0
BRDA:292,41,0,0
BRDA:292,41,1,0
BRDA:292,42,0,0
BRDA:292,42,1,0
BRDA:296,43,0,0
BRDA:296,43,1,0
BRDA:302,44,0,0
BRDA:302,44,1,0
BRDA:307,45,0,0
BRDA:307,45,1,0
BRDA:318,46,0,0
BRDA:318,46,1,0
BRDA:319,47,0,0
BRDA:319,47,1,0
BRDA:325,48,0,0
BRDA:325,48,1,0
BRDA:328,49,0,0
BRDA:328,49,1,0
BRDA:328,50,0,0
BRDA:328,50,1,0
BRDA:329,51,0,0
BRDA:329,51,1,0
BRDA:334,52,0,0
BRDA:334,52,1,0
BRDA:334,53,0,0
BRDA:334,53,1,0
BRDA:346,54,0,0
BRDA:346,54,1,0
BRDA:350,55,0,0
BRDA:350,55,1,0
BRDA:350,56,0,0
BRDA:350,56,1,0
BRDA:361,57,0,0
BRDA:361,57,1,0
BRDA:380,58,0,0
BRDA:380,58,1,0
BRDA:380,58,2,0
BRDA:380,58,3,0
BRDA:380,58,4,0
BRDA:390,59,0,0
BRDA:390,59,1,0
BRDA:392,60,0,0
BRDA:392,60,1,0
BRDA:393,61,0,0
BRDA:393,61,1,0
BRDA:393,61,2,0
BRDA:393,61,3,0
BRDA:399,62,0,0
BRDA:399,62,1,0
BRDA:404,63,0,0
BRDA:404,63,1,0
BRDA:408,64,0,0
BRDA:408,64,1,0
BRDA:409,65,0,0
BRDA:409,65,1,0
BRDA:409,66,0,0
BRDA:409,66,1,0
BRDA:415,67,0,0
BRDA:415,67,1,0
BRDA:416,68,0,0
BRDA:416,68,1,0
BRDA:430,69,0,0
BRDA:430,69,1,0
BRDA:438,70,0,0
BRDA:438,70,1,0
BRDA:438,71,0,0
BRDA:438,71,1,0
BRDA:439,72,0,0
BRDA:439,72,1,0
BRDA:439,73,0,0
BRDA:439,73,1,0
BRDA:440,74,0,0
BRDA:440,74,1,0
BRDA:440,75,0,0
BRDA:440,75,1,0
BRDA:447,76,0,0
BRDA:447,76,1,0
BRDA:456,77,0,0
BRDA:456,77,1,0
BRDA:462,78,0,0
BRDA:462,78,1,0
BRDA:467,79,0,0
BRDA:467,79,1,0
BRDA:483,80,0,0
BRDA:483,80,1,0
BRDA:483,81,0,0
BRDA:483,81,1,0
BRDA:494,82,0,0
BRDA:494,82,1,0
BRDA:494,83,0,0
BRDA:494,83,1,0
BRDA:494,84,0,0
BRDA:494,84,1,0
BRDA:496,85,0,0
BRDA:496,85,1,0
BRDA:498,86,0,0
BRDA:498,86,1,0
BRDA:504,87,0,0
BRDA:504,87,1,0
BRDA:515,88,0,0
BRDA:515,88,1,0
BRDA:519,89,0,0
BRDA:519,89,1,0
BRDA:522,90,0,0
BRDA:522,90,1,0
BRDA:528,91,0,0
BRDA:528,91,1,0
BRDA:528,92,0,0
BRDA:528,92,1,0
BRDA:529,93,0,0
BRDA:529,93,1,0
BRDA:529,94,0,0
BRDA:529,94,1,0
BRDA:530,95,0,0
BRDA:530,95,1,0
BRDA:530,96,0,0
BRDA:530,96,1,0
BRDA:536,97,0,0
BRDA:536,97,1,0
BRDA:536,98,0,0
BRDA:536,98,1,0
BRDA:550,99,0,0
BRDA:550,99,1,0
BRDA:555,100,0,0
BRDA:555,100,1,0
BRDA:562,101,0,0
BRDA:562,101,1,0
BRDA:574,102,0,0
BRDA:574,102,1,0
BRDA:574,103,0,0
BRDA:574,103,1,0
BRDA:583,104,0,0
BRDA:583,104,1,0
BRDA:583,105,0,0
BRDA:583,105,1,0
BRDA:588,106,0,0
BRDA:588,106,1,0
BRDA:588,107,0,0
BRDA:588,107,1,0
BRDA:594,108,0,0
BRDA:594,108,1,0
BRDA:599,109,0,0
BRDA:599,109,1,0
BRDA:599,110,0,0
BRDA:599,110,1,0
BRDA:607,111,0,0
BRDA:607,111,1,0
BRDA:608,112,0,0
BRDA:608,112,1,0
BRDA:609,113,0,0
BRDA:609,113,1,0
BRDA:610,114,0,0
BRDA:610,114,1,0
BRDA:614,115,0,0
BRDA:614,115,1,0
BRDA:617,116,0,0
BRDA:617,116,1,0
BRDA:620,117,0,0
BRDA:620,117,1,0
BRDA:623,118,0,0
BRDA:623,118,1,0
BRDA:628,119,0,0
BRDA:628,119,1,0
BRDA:628,120,0,0
BRDA:628,120,1,0
BRDA:631,121,0,0
BRDA:631,121,1,0
BRDA:631,122,0,0
BRDA:631,122,1,0
BRDA:657,123,0,0
BRDA:657,123,1,0
BRDA:663,124,0,0
BRDA:663,124,1,0
BRDA:676,125,0,0
BRDA:676,125,1,0
BRDA:676,126,0,0
BRDA:676,126,1,0
BRDA:677,127,0,0
BRDA:677,127,1,0
BRDA:677,128,0,0
BRDA:677,128,1,0
BRDA:678,129,0,0
BRDA:678,129,1,0
BRDA:678,130,0,0
BRDA:678,130,1,0
BRDA:684,131,0,0
BRDA:684,131,1,0
BRDA:684,132,0,0
BRDA:684,132,1,0
BRDA:695,133,0,0
BRDA:695,133,1,0
BRDA:697,134,0,0
BRDA:697,134,1,0
BRDA:697,135,0,0
BRDA:697,135,1,0
BRDA:703,136,0,0
BRDA:703,136,1,0
BRDA:703,137,0,0
BRDA:703,137,1,0
BRDA:704,138,0,0
BRDA:704,138,1,0
BRDA:704,139,0,0
BRDA:704,139,1,0
BRDA:705,140,0,0
BRDA:705,140,1,0
BRDA:705,141,0,0
BRDA:705,141,1,0
BRDA:705,141,2,0
BRDA:706,142,0,0
BRDA:706,142,1,0
BRDA:707,143,0,0
BRDA:707,143,1,0
BRDA:708,144,0,0
BRDA:708,144,1,0
BRDA:716,145,0,0
BRDA:716,145,1,0
BRDA:723,146,0,0
BRDA:723,146,1,0
BRDA:736,147,0,0
BRDA:736,147,1,0
BRDA:751,148,0,0
BRDA:751,148,1,0
BRDA:757,149,0,0
BRDA:757,149,1,0
BRDA:759,150,0,0
BRDA:759,150,1,0
BRDA:766,151,0,0
BRDA:766,151,1,0
BRDA:780,152,0,0
BRDA:780,152,1,0
BRDA:780,153,0,0
BRDA:780,153,1,0
BRDA:781,154,0,0
BRDA:781,154,1,0
BRDA:801,155,0,0
BRDA:801,155,1,0
BRDA:834,156,0,0
BRDA:834,156,1,0
BRDA:840,157,0,0
BRDA:840,157,1,0
BRDA:854,158,0,0
BRDA:854,158,1,0
BRDA:886,159,0,0
BRDA:886,159,1,0
BRDA:887,160,0,0
BRDA:887,160,1,0
BRDA:895,161,0,0
BRDA:895,161,1,0
BRDA:902,162,0,0
BRDA:902,162,1,0
BRDA:903,163,0,0
BRDA:903,163,1,0
BRDA:911,164,0,0
BRDA:911,164,1,0
BRDA:933,165,0,0
BRDA:933,165,1,0
BRDA:948,166,0,0
BRDA:948,166,1,0
BRDA:960,167,0,0
BRDA:960,167,1,0
BRDA:963,168,0,0
BRDA:963,168,1,0
BRDA:995,169,0,0
BRDA:995,169,1,0
BRDA:1016,170,0,0
BRDA:1016,170,1,0
BRDA:1045,171,0,0
BRDA:1045,171,1,0
BRDA:1045,172,0,0
BRDA:1045,172,1,0
BRDA:1056,173,0,0
BRDA:1056,173,1,0
BRDA:1089,174,0,0
BRDA:1089,174,1,0
BRDA:1090,175,0,0
BRDA:1090,175,1,0
BRDA:1092,176,0,0
BRDA:1092,176,1,0
BRDA:1092,177,0,0
BRDA:1092,177,1,0
BRDA:1106,178,0,0
BRDA:1106,178,1,0
BRDA:1106,179,0,0
BRDA:1106,179,1,0
BRDA:1116,180,0,0
BRDA:1116,180,1,0
BRDA:1116,181,0,0
BRDA:1116,181,1,0
BRF:372
BRH:0
end_of_record
TN:
SF:client/src/lib/games/DanceInterlude.ts
FN:27,(anonymous_0)
FN:57,(anonymous_1)
FN:78,(anonymous_2)
FN:80,(anonymous_3)
FN:94,(anonymous_4)
FN:103,(anonymous_5)
FN:134,(anonymous_6)
FN:139,(anonymous_7)
FN:195,(anonymous_8)
FN:196,(anonymous_9)
FN:201,(anonymous_10)
FN:207,(anonymous_11)
FN:218,(anonymous_12)
FN:227,(anonymous_13)
FN:239,(anonymous_14)
FN:252,(anonymous_15)
FN:265,(anonymous_16)
FN:275,(anonymous_17)
FN:286,(anonymous_18)
FN:297,(anonymous_19)
FN:307,(anonymous_20)
FN:309,(anonymous_21)
FN:310,(anonymous_22)
FN:337,(anonymous_23)
FN:339,(anonymous_24)
FN:349,(anonymous_25)
FN:371,(anonymous_26)
FN:395,(anonymous_27)
FN:396,(anonymous_28)
FN:409,(anonymous_29)
FN:422,(anonymous_30)
FN:473,(anonymous_31)
FN:497,(anonymous_32)
FN:523,(anonymous_33)
FN:541,(anonymous_34)
FN:542,(anonymous_35)
FN:562,(anonymous_36)
FN:611,(anonymous_37)
FN:618,(anonymous_38)
FNF:39
FNH:0
FNDA:0,(anonymous_0)
FNDA:0,(anonymous_1)
FNDA:0,(anonymous_2)
FNDA:0,(anonymous_3)
FNDA:0,(anonymous_4)
FNDA:0,(anonymous_5)
FNDA:0,(anonymous_6)
FNDA:0,(anonymous_7)
FNDA:0,(anonymous_8)
FNDA:0,(anonymous_9)
FNDA:0,(anonymous_10)
FNDA:0,(anonymous_11)
FNDA:0,(anonymous_12)
FNDA:0,(anonymous_13)
FNDA:0,(anonymous_14)
FNDA:0,(anonymous_15)
FNDA:0,(anonymous_16)
FNDA:0,(anonymous_17)
FNDA:0,(anonymous_18)
FNDA:0,(anonymous_19)
FNDA:0,(anonymous_20)
FNDA:0,(anonymous_21)
FNDA:0,(anonymous_22)
FNDA:0,(anonymous_23)
FNDA:0,(anonymous_24)
FNDA:0,(anonymous_25)
FNDA:0,(anonymous_26)
FNDA:0,(anonymous_27)
FNDA:0,(anonymous_28)
FNDA:0,(anonymous_29)
FNDA:0,(anonymous_30)
FNDA:0,(anonymous_31)
FNDA:0,(anonymous_32)
FNDA:0,(anonymous_33)
FNDA:0,(anonymous_34)
FNDA:0,(anonymous_35)
FNDA:0,(anonymous_36)
FNDA:0,(anonymous_37)
FNDA:0,(anonymous_38)
DA:1,0
DA:27,0
DA:29,0
DA:30,0
DA:31,0
DA:32,0
DA:33,0
DA:34,0
DA:35,0
DA:36,0
DA:37,0
DA:38,0
DA:39,0
DA:40,0
DA:43,0
DA:59,0
DA:73,0
DA:74,0
DA:75,0
DA:80,0
DA:81,0
DA:83,0
DA:84,0
DA:85,0
DA:96,0
DA:104,0
DA:107,0
DA:108,0
DA:109,0
DA:113,0
DA:116,0
DA:119,0
DA:122,0
DA:125,0
DA:126,0
DA:127,0
DA:129,0
DA:136,0
DA:140,0
DA:141,0
DA:144,0
DA:146,0
DA:148,0
DA:149,0
DA:152,0
DA:153,0
DA:154,0
DA:157,0
DA:158,0
DA:161,0
DA:162,0
DA:165,0
DA:166,0
DA:169,0
DA:170,0
DA:173,0
DA:174,0
DA:177,0
DA:178,0
DA:181,0
DA:182,0
DA:185,0
DA:186,0
DA:189,0
DA:190,0
DA:191,0
DA:196,0
DA:197,0
DA:202,0
DA:203,0
DA:204,0
DA:209,0
DA:210,0
DA:213,0
DA:214,0
DA:220,0
DA:221,0
DA:224,0
DA:229,0
DA:230,0
DA:233,0
DA:236,0
DA:241,0
DA:242,0
DA:245,0
DA:246,0
DA:248,0
DA:254,0
DA:255,0
DA:258,0
DA:259,0
DA:262,0
DA:267,0
DA:268,0
DA:271,0
DA:272,0
DA:277,0
DA:278,0
DA:281,0
DA:282,0
DA:283,0
DA:288,0
DA:289,0
DA:290,0
DA:291,0
DA:294,0
DA:299,0
DA:300,0
DA:304,0
DA:309,0
DA:310,0
DA:311,0
DA:323,0
DA:324,0
DA:325,0
DA:327,0
DA:328,0
DA:329,0
DA:330,0
DA:331,0
DA:332,0
DA:339,0
DA:340,0
DA:344,0
DA:345,0
DA:350,0
DA:353,0
DA:356,0
DA:359,0
DA:362,0
DA:365,0
DA:368,0
DA:373,0
DA:374,0
DA:375,0
DA:376,0
DA:377,0
DA:378,0
DA:381,0
DA:382,0
DA:385,0
DA:386,0
DA:387,0
DA:388,0
DA:389,0
DA:390,0
DA:391,0
DA:396,0
DA:397,0
DA:401,0
DA:402,0
DA:404,0
DA:405,0
DA:410,0
DA:411,0
DA:412,0
DA:415,0
DA:416,0
DA:417,0
DA:419,0
DA:424,0
DA:425,0
DA:426,0
DA:427,0
DA:428,0
DA:431,0
DA:432,0
DA:435,0
DA:436,0
DA:437,0
DA:440,0
DA:441,0
DA:442,0
DA:443,0
DA:445,0
DA:446,0
DA:447,0
DA:448,0
DA:449,0
DA:450,0
DA:451,0
DA:452,0
DA:455,0
DA:456,0
DA:457,0
DA:458,0
DA:460,0
DA:461,0
DA:462,0
DA:463,0
DA:464,0
DA:465,0
DA:468,0
DA:469,0
DA:470,0
DA:474,0
DA:475,0
DA:478,0
DA:479,0
DA:480,0
DA:483,0
DA:484,0
DA:487,0
DA:488,0
DA:491,0
DA:492,0
DA:494,0
DA:498,0
DA:499,0
DA:502,0
DA:503,0
DA:504,0
DA:505,0
DA:506,0
DA:507,0
DA:510,0
DA:511,0
DA:512,0
DA:513,0
DA:514,0
DA:517,0
DA:518,0
DA:520,0
DA:524,0
DA:526,0
DA:527,0
DA:530,0
DA:531,0
DA:532,0
DA:533,0
DA:534,0
DA:535,0
DA:536,0
DA:542,0
DA:543,0
DA:545,0
DA:546,0
DA:547,0
DA:548,0
DA:550,0
DA:551,0
DA:552,0
DA:553,0
DA:554,0
DA:555,0
DA:556,0
DA:557,0
DA:558,0
DA:563,0
DA:564,0
DA:567,0
DA:568,0
DA:579,0
DA:589,0
DA:599,0
DA:600,0
DA:613,0
DA:614,0
DA:619,0
DA:620,0
DA:621,0
DA:622,0
DA:623,0
DA:624,0
DA:625,0
DA:626,0
DA:628,0
DA:629,0
DA:630,0
DA:631,0
DA:632,0
DA:633,0
DA:635,0
DA:641,0
DA:642,0
LF:275
LH:0
BRDA:81,0,0,0
BRDA:81,0,1,0
BRDA:81,1,0,0
BRDA:81,1,1,0
BRDA:83,2,0,0
BRDA:83,2,1,0
BRDA:107,3,0,0
BRDA:107,3,1,0
BRDA:125,4,0,0
BRDA:125,4,1,0
BRDA:126,5,0,0
BRDA:126,5,1,0
BRDA:127,6,0,0
BRDA:127,6,1,0
BRDA:127,7,0,0
BRDA:127,7,1,0
BRDA:129,8,0,0
BRDA:129,8,1,0
BRDA:129,9,0,0
BRDA:129,9,1,0
BRDA:146,10,0,0
BRDA:146,10,1,0
BRDA:146,10,2,0
BRDA:146,10,3,0
BRDA:146,10,4,0
BRDA:146,10,5,0
BRDA:146,10,6,0
BRDA:146,10,7,0
BRDA:146,10,8,0
BRDA:146,10,9,0
BRDA:146,10,10,0
BRDA:146,11,0,0
BRDA:146,11,1,0
BRDA:146,12,0,0
BRDA:146,12,1,0
BRDA:197,13,0,0
BRDA:197,13,1,0
BRDA:203,14,0,0
BRDA:203,14,1,0
BRDA:213,15,0,0
BRDA:213,15,1,0
BRDA:245,16,0,0
BRDA:245,16,1,0
BRDA:299,17,0,0
BRDA:299,17,1,0
BRDA:309,18,0,0
BRDA:309,18,1,0
BRDA:325,19,0,0
BRDA:325,19,1,0
BRDA:328,20,0,0
BRDA:328,20,1,0
BRDA:344,21,0,0
BRDA:344,21,1,0
BRDA:524,22,0,0
BRDA:524,22,1,0
BRDA:543,23,0,0
BRDA:543,23,1,0
BRDA:567,24,0,0
BRDA:567,24,1,0
BRDA:599,25,0,0
BRDA:599,25,1,0
BRDA:613,26,0,0
BRDA:613,26,1,0
BRDA:621,27,0,0
BRDA:621,27,1,0
BRDA:628,28,0,0
BRDA:628,28,1,0
BRF:67
BRH:0
end_of_record
TN:
SF:client/src/lib/games/DefenderGame.ts
FN:42,(anonymous_13)
FN:78,(anonymous_14)
FN:98,(anonymous_16)
FN:105,(anonymous_17)
FN:128,(anonymous_18)
FN:146,(anonymous_19)
FN:154,(anonymous_20)
FN:161,(anonymous_21)
FN:180,(anonymous_22)
FN:195,(anonymous_23)
FN:219,(anonymous_24)
FN:240,(anonymous_25)
FN:266,(anonymous_26)
FN:281,(anonymous_27)
FN:297,(anonymous_28)
FN:310,(anonymous_29)
FN:312,(anonymous_30)
FN:322,(anonymous_31)
FN:331,(anonymous_32)
FN:361,(anonymous_33)
FN:367,(anonymous_34)
FN:369,(anonymous_35)
FN:370,(anonymous_36)
FN:388,(anonymous_37)
FN:412,(anonymous_38)
FN:427,(anonymous_39)
FN:434,(anonymous_40)
FN:438,(anonymous_41)
FN:451,(anonymous_42)
FN:455,(anonymous_43)
FN:468,(anonymous_44)
FN:474,(anonymous_45)
FN:480,(anonymous_46)
FN:503,(anonymous_47)
FN:510,(anonymous_48)
FN:517,(anonymous_49)
FN:520,(anonymous_50)
FN:521,(anonymous_51)
FN:539,(anonymous_52)
FN:590,(anonymous_53)
FN:638,(anonymous_54)
FN:651,(anonymous_55)
FN:673,(anonymous_56)
FN:702,(anonymous_57)
FN:714,(anonymous_58)
FN:726,(anonymous_59)
FN:738,(anonymous_60)
FN:750,(anonymous_61)
FN:762,(anonymous_62)
FN:771,(anonymous_63)
FN:775,(anonymous_64)
FN:782,(anonymous_65)
FN:793,(anonymous_66)
FN:804,(anonymous_67)
FN:815,(anonymous_68)
FN:816,(anonymous_69)
FN:822,(anonymous_70)
FN:829,(anonymous_71)
FNF:58
FNH:0
FNDA:0,(anonymous_13)
FNDA:0,(anonymous_14)
FNDA:0,(anonymous_16)
FNDA:0,(anonymous_17)
FNDA:0,(anonymous_18)
FNDA:0,(anonymous_19)
FNDA:0,(anonymous_20)
FNDA:0,(anonymous_21)
FNDA:0,(anonymous_22)
FNDA:0,(anonymous_23)
FNDA:0,(anonymous_24)
FNDA:0,(anonymous_25)
FNDA:0,(anonymous_26)
FNDA:0,(anonymous_27)
FNDA:0,(anonymous_28)
FNDA:0,(anonymous_29)
FNDA:0,(anonymous_30)
FNDA:0,(anonymous_31)
FNDA:0,(anonymous_32)
FNDA:0,(anonymous_33)
FNDA:0,(anonymous_34)
FNDA:0,(anonymous_35)
FNDA:0,(anonymous_36)
FNDA:0,(anonymous_37)
FNDA:0,(anonymous_38)
FNDA:0,(anonymous_39)
FNDA:0,(anonymous_40)
FNDA:0,(anonymous_41)
FNDA:0,(anonymous_42)
FNDA:0,(anonymous_43)
FNDA:0,(anonymous_44)
FNDA:0,(anonymous_45)
FNDA:0,(anonymous_46)
FNDA:0,(anonymous_47)
FNDA:0,(anonymous_48)
FNDA:0,(anonymous_49)
FNDA:0,(anonymous_50)
FNDA:0,(anonymous_51)
FNDA:0,(anonymous_52)
FNDA:0,(anonymous_53)
FNDA:0,(anonymous_54)
FNDA:0,(anonymous_55)
FNDA:0,(anonymous_56)
FNDA:0,(anonymous_57)
FNDA:0,(anonymous_58)
FNDA:0,(anonymous_59)
FNDA:0,(anonymous_60)
FNDA:0,(anonymous_61)
FNDA:0,(anonymous_62)
FNDA:0,(anonymous_63)
FNDA:0,(anonymous_64)
FNDA:0,(anonymous_65)
FNDA:0,(anonymous_66)
FNDA:0,(anonymous_67)
FNDA:0,(anonymous_68)
FNDA:0,(anonymous_69)
FNDA:0,(anonymous_70)
FNDA:0,(anonymous_71)
DA:1,0
DA:42,0
DA:44,0
DA:45,0
DA:46,0
DA:47,0
DA:48,0
DA:49,0
DA:50,0
DA:51,0
DA:52,0
DA:53,0
DA:54,0
DA:55,0
DA:56,0
DA:69,0
DA:73,0
DA:74,0
DA:75,0
DA:76,0
DA:80,0
DA:90,0
DA:91,0
DA:94,0
DA:97,0
DA:98,0
DA:99,0
DA:101,0
DA:106,0
DA:108,0
DA:109,0
DA:124,0
DA:129,0
DA:130,0
DA:142,0
DA:148,0
DA:151,0
DA:154,0
DA:155,0
DA:156,0
DA:161,0
DA:162,0
DA:164,0
DA:169,0
DA:171,0
DA:174,0
DA:177,0
DA:180,0
DA:181,0
DA:182,0
DA:183,0
DA:185,0
DA:186,0
DA:187,0
DA:192,0
DA:196,0
DA:198,0
DA:199,0
DA:200,0
DA:201,0
DA:202,0
DA:203,0
DA:205,0
DA:208,0
DA:209,0
DA:210,0
DA:213,0
DA:214,0
DA:215,0
DA:221,0
DA:222,0
DA:226,0
DA:227,0
DA:230,0
DA:231,0
DA:232,0
DA:233,0
DA:237,0
DA:241,0
DA:244,0
DA:245,0
DA:249,0
DA:250,0
DA:251,0
DA:252,0
DA:256,0
DA:257,0
DA:258,0
DA:259,0
DA:260,0
DA:261,0
DA:268,0
DA:269,0
DA:271,0
DA:272,0
DA:274,0
DA:277,0
DA:278,0
DA:282,0
DA:294,0
DA:298,0
DA:307,0
DA:312,0
DA:313,0
DA:314,0
DA:315,0
DA:317,0
DA:322,0
DA:323,0
DA:324,0
DA:325,0
DA:327,0
DA:333,0
DA:334,0
DA:345,0
DA:346,0
DA:347,0
DA:348,0
DA:349,0
DA:350,0
DA:354,0
DA:355,0
DA:356,0
DA:362,0
DA:364,0
DA:369,0
DA:370,0
DA:371,0
DA:372,0
DA:373,0
DA:374,0
DA:375,0
DA:377,0
DA:378,0
DA:379,0
DA:380,0
DA:381,0
DA:382,0
DA:388,0
DA:389,0
DA:390,0
DA:391,0
DA:392,0
DA:393,0
DA:395,0
DA:396,0
DA:397,0
DA:398,0
DA:399,0
DA:400,0
DA:401,0
DA:405,0
DA:406,0
DA:407,0
DA:412,0
DA:413,0
DA:414,0
DA:415,0
DA:416,0
DA:417,0
DA:419,0
DA:420,0
DA:421,0
DA:428,0
DA:435,0
DA:436,0
DA:438,0
DA:439,0
DA:440,0
DA:441,0
DA:442,0
DA:443,0
DA:448,0
DA:452,0
DA:453,0
DA:455,0
DA:456,0
DA:457,0
DA:458,0
DA:459,0
DA:460,0
DA:465,0
DA:469,0
DA:470,0
DA:471,0
DA:476,0
DA:477,0
DA:482,0
DA:483,0
DA:484,0
DA:485,0
DA:486,0
DA:487,0
DA:488,0
DA:489,0
DA:490,0
DA:493,0
DA:494,0
DA:497,0
DA:500,0
DA:503,0
DA:504,0
DA:505,0
DA:510,0
DA:511,0
DA:512,0
DA:517,0
DA:520,0
DA:521,0
DA:523,0
DA:526,0
DA:527,0
DA:528,0
DA:529,0
DA:533,0
DA:536,0
DA:540,0
DA:542,0
DA:543,0
DA:544,0
DA:552,0
DA:553,0
DA:554,0
DA:555,0
DA:556,0
DA:557,0
DA:560,0
DA:561,0
DA:562,0
DA:563,0
DA:564,0
DA:565,0
DA:566,0
DA:567,0
DA:568,0
DA:569,0
DA:570,0
DA:578,0
DA:579,0
DA:580,0
DA:581,0
DA:582,0
DA:583,0
DA:584,0
DA:587,0
DA:591,0
DA:592,0
DA:593,0
DA:595,0
DA:596,0
DA:597,0
DA:598,0
DA:599,0
DA:600,0
DA:601,0
DA:603,0
DA:605,0
DA:606,0
DA:607,0
DA:609,0
DA:610,0
DA:611,0
DA:612,0
DA:614,0
DA:615,0
DA:618,0
DA:619,0
DA:620,0
DA:621,0
DA:622,0
DA:623,0
DA:625,0
DA:626,0
DA:627,0
DA:629,0
DA:630,0
DA:631,0
DA:632,0
DA:639,0
DA:640,0
DA:641,0
DA:645,0
DA:646,0
DA:647,0
DA:648,0
DA:653,0
DA:654,0
DA:655,0
DA:656,0
DA:657,0
DA:658,0
DA:661,0
DA:662,0
DA:665,0
DA:666,0
DA:667,0
DA:668,0
DA:669,0
DA:674,0
DA:675,0
DA:676,0
DA:677,0
DA:680,0
DA:681,0
DA:682,0
DA:683,0
DA:684,0
DA:688,0
DA:689,0
DA:692,0
DA:693,0
DA:694,0
DA:695,0
DA:696,0
DA:697,0
DA:699,0
DA:703,0
DA:704,0
DA:705,0
DA:711,0
DA:715,0
DA:716,0
DA:717,0
DA:723,0
DA:727,0
DA:728,0
DA:729,0
DA:735,0
DA:739,0
DA:740,0
DA:741,0
DA:747,0
DA:751,0
DA:752,0
DA:753,0
DA:754,0
DA:755,0
DA:756,0
DA:757,0
DA:758,0
DA:759,0
DA:763,0
DA:764,0
DA:765,0
DA:768,0
DA:776,0
DA:777,0
DA:778,0
DA:783,0
DA:784,0
DA:785,0
DA:786,0
DA:789,0
DA:794,0
DA:795,0
DA:796,0
DA:797,0
DA:800,0
DA:805,0
DA:806,0
DA:807,0
DA:808,0
DA:811,0
DA:816,0
DA:817,0
DA:818,0
DA:822,0
DA:823,0
DA:826,0
DA:827,0
DA:829,0
DA:830,0
DA:831,0
DA:832,0
LF:374
LH:0
BRDA:120,0,0,0
BRDA:120,0,1,0
BRDA:155,1,0,0
BRDA:155,1,1,0
BRDA:162,2,0,0
BRDA:162,2,1,0
BRDA:162,3,0,0
BRDA:162,3,1,0
BRDA:180,4,0,0
BRDA:180,4,1,0
BRDA:183,5,0,0
BRDA:183,5,1,0
BRDA:186,6,0,0
BRDA:186,6,1,0
BRDA:186,7,0,0
BRDA:186,7,1,0
BRDA:192,8,0,0
BRDA:192,8,1,0
BRDA:192,9,0,0
BRDA:192,9,1,0
BRDA:198,10,0,0
BRDA:198,10,1,0
BRDA:198,11,0,0
BRDA:198,11,1,0
BRDA:201,12,0,0
BRDA:201,12,1,0
BRDA:201,13,0,0
BRDA:201,13,1,0
BRDA:208,14,0,0
BRDA:208,14,1,0
BRDA:208,15,0,0
BRDA:208,15,1,0
BRDA:208,15,2,0
BRDA:213,16,0,0
BRDA:213,16,1,0
BRDA:221,17,0,0
BRDA:221,17,1,0
BRDA:230,18,0,0
BRDA:230,18,1,0
BRDA:244,19,0,0
BRDA:244,19,1,0
BRDA:244,20,0,0
BRDA:244,20,1,0
BRDA:250,21,0,0
BRDA:250,21,1,0
BRDA:256,22,0,0
BRDA:256,22,1,0
BRDA:258,23,0,0
BRDA:258,23,1,0
BRDA:258,24,0,0
BRDA:258,24,1,0
BRDA:269,25,0,0
BRDA:269,25,1,0
BRDA:269,26,0,0
BRDA:269,26,1,0
BRDA:271,27,0,0
BRDA:271,27,1,0
BRDA:317,28,0,0
BRDA:317,28,1,0
BRDA:317,28,2,0
BRDA:317,28,3,0
BRDA:327,29,0,0
BRDA:327,29,1,0
BRDA:327,29,2,0
BRDA:333,30,0,0
BRDA:333,30,1,0
BRDA:333,31,0,0
BRDA:333,31,1,0
BRDA:348,32,0,0
BRDA:348,32,1,0
BRDA:354,33,0,0
BRDA:354,33,1,0
BRDA:371,34,0,0
BRDA:371,34,1,0
BRDA:371,35,0,0
BRDA:371,35,1,0
BRDA:374,36,0,0
BRDA:374,36,1,0
BRDA:377,37,0,0
BRDA:377,37,1,0
BRDA:377,38,0,0
BRDA:377,38,1,0
BRDA:378,39,0,0
BRDA:378,39,1,0
BRDA:378,40,0,0
BRDA:378,40,1,0
BRDA:379,41,0,0
BRDA:379,41,1,0
BRDA:379,42,0,0
BRDA:379,42,1,0
BRDA:380,43,0,0
BRDA:380,43,1,0
BRDA:380,44,0,0
BRDA:380,44,1,0
BRDA:381,45,0,0
BRDA:381,45,1,0
BRDA:389,46,0,0
BRDA:389,46,1,0
BRDA:390,47,0,0
BRDA:390,47,1,0
BRDA:395,48,0,0
BRDA:395,48,1,0
BRDA:395,49,0,0
BRDA:395,49,1,0
BRDA:396,50,0,0
BRDA:396,50,1,0
BRDA:396,51,0,0
BRDA:396,51,1,0
BRDA:397,52,0,0
BRDA:397,52,1,0
BRDA:397,53,0,0
BRDA:397,53,1,0
BRDA:398,54,0,0
BRDA:398,54,1,0
BRDA:398,55,0,0
BRDA:398,55,1,0
BRDA:399,56,0,0
BRDA:399,56,1,0
BRDA:399,57,0,0
BRDA:399,57,1,0
BRDA:400,58,0,0
BRDA:400,58,1,0
BRDA:405,59,0,0
BRDA:405,59,1,0
BRDA:405,60,0,0
BRDA:405,60,1,0
BRDA:406,61,0,0
BRDA:406,61,1,0
BRDA:406,62,0,0
BRDA:406,62,1,0
BRDA:413,63,0,0
BRDA:413,63,1,0
BRDA:413,64,0,0
BRDA:413,64,1,0
BRDA:413,64,2,0
BRDA:420,65,0,0
BRDA:420,65,1,0
BRDA:420,66,0,0
BRDA:420,66,1,0
BRDA:428,67,0,0
BRDA:428,67,1,0
BRDA:428,67,2,0
BRDA:428,67,3,0
BRDA:439,68,0,0
BRDA:439,68,1,0
BRDA:441,69,0,0
BRDA:441,69,1,0
BRDA:456,70,0,0
BRDA:456,70,1,0
BRDA:456,71,0,0
BRDA:456,71,1,0
BRDA:456,71,2,0
BRDA:458,72,0,0
BRDA:458,72,1,0
BRDA:482,73,0,0
BRDA:482,73,1,0
BRDA:482,74,0,0
BRDA:482,74,1,0
BRDA:483,75,0,0
BRDA:483,75,1,0
BRDA:483,76,0,0
BRDA:483,76,1,0
BRDA:484,77,0,0
BRDA:484,77,1,0
BRDA:484,78,0,0
BRDA:484,78,1,0
BRDA:484,78,2,0
BRDA:485,79,0,0
BRDA:485,79,1,0
BRDA:486,80,0,0
BRDA:486,80,1,0
BRDA:487,81,0,0
BRDA:487,81,1,0
BRDA:504,82,0,0
BRDA:504,82,1,0
BRDA:511,83,0,0
BRDA:511,83,1,0
BRDA:526,84,0,0
BRDA:526,84,1,0
BRDA:526,85,0,0
BRDA:526,85,1,0
BRDA:527,86,0,0
BRDA:527,86,1,0
BRDA:540,87,0,0
BRDA:540,87,1,0
BRDA:540,88,0,0
BRDA:540,88,1,0
BRDA:543,89,0,0
BRDA:543,89,1,0
BRDA:564,90,0,0
BRDA:564,90,1,0
BRDA:568,91,0,0
BRDA:568,91,1,0
BRDA:592,92,0,0
BRDA:592,92,1,0
BRDA:593,93,0,0
BRDA:593,93,1,0
BRDA:593,94,0,0
BRDA:593,94,1,0
BRDA:593,95,0,0
BRDA:593,95,1,0
BRDA:595,96,0,0
BRDA:595,96,1,0
BRDA:596,97,0,0
BRDA:596,97,1,0
BRDA:640,98,0,0
BRDA:640,98,1,0
BRDA:640,99,0,0
BRDA:640,99,1,0
BRDA:641,100,0,0
BRDA:641,100,1,0
BRDA:641,101,0,0
BRDA:641,101,1,0
BRDA:676,102,0,0
BRDA:676,102,1,0
BRDA:680,103,0,0
BRDA:680,103,1,0
BRDA:704,104,0,0
BRDA:704,104,1,0
BRDA:716,105,0,0
BRDA:716,105,1,0
BRDA:777,106,0,0
BRDA:777,106,1,0
BRDA:785,107,0,0
BRDA:785,107,1,0
BRDA:785,108,0,0
BRDA:785,108,1,0
BRDA:785,109,0,0
BRDA:785,109,1,0
BRDA:786,110,0,0
BRDA:786,110,1,0
BRDA:786,111,0,0
BRDA:786,111,1,0
BRDA:796,112,0,0
BRDA:796,112,1,0
BRDA:796,113,0,0
BRDA:796,113,1,0
BRDA:796,114,0,0
BRDA:796,114,1,0
BRDA:797,115,0,0
BRDA:797,115,1,0
BRDA:797,116,0,0
BRDA:797,116,1,0
BRDA:807,117,0,0
BRDA:807,117,1,0
BRDA:807,118,0,0
BRDA:807,118,1,0
BRDA:817,119,0,0
BRDA:817,119,1,0
BRDA:817,120,0,0
BRDA:817,120,1,0
BRF:251
BRH:0
end_of_record
TN:
SF:client/src/lib/games/LasatGame.ts
FN:69,(anonymous_0)
FN:105,(anonymous_1)
FN:126,(anonymous_2)
FN:166,(anonymous_3)
FN:176,(anonymous_4)
FN:183,(anonymous_5)
FN:202,(anonymous_6)
FN:224,(anonymous_7)
FN:226,(anonymous_8)
FN:228,(anonymous_9)
FN:234,(anonymous_10)
FN:257,(anonymous_11)
FN:268,(anonymous_12)
FN:294,(anonymous_13)
FN:317,(anonymous_14)
FN:353,(anonymous_15)
FN:363,(anonymous_16)
FN:364,(anonymous_17)
FN:393,(anonymous_18)
FN:441,(anonymous_19)
FN:455,(anonymous_20)
FN:462,(anonymous_21)
FN:470,(anonymous_22)
FN:491,(anonymous_23)
FN:499,(anonymous_24)
FN:525,(anonymous_25)
FN:531,(anonymous_26)
FN:557,(anonymous_27)
FN:585,(anonymous_28)
FN:587,(anonymous_29)
FN:598,(anonymous_30)
FN:609,(anonymous_31)
FN:610,(anonymous_32)
FN:616,(anonymous_33)
FN:630,(anonymous_34)
FN:632,(anonymous_35)
FN:633,(anonymous_36)
FN:658,(anonymous_37)
FN:671,(anonymous_38)
FN:679,(anonymous_39)
FN:686,(anonymous_40)
FN:697,(anonymous_41)
FN:721,(anonymous_42)
FN:731,(anonymous_43)
FN:738,(anonymous_44)
FN:739,(anonymous_45)
FN:742,(anonymous_46)
FN:766,(anonymous_47)
FN:768,(anonymous_48)
FN:834,(anonymous_49)
FN:878,(anonymous_50)
FN:897,(anonymous_51)
FN:933,(anonymous_52)
FN:1032,(anonymous_53)
FN:1058,(anonymous_54)
FN:1067,(anonymous_55)
FN:1084,(anonymous_56)
FN:1104,(anonymous_57)
FN:1105,(anonymous_58)
FN:1142,(anonymous_59)
FN:1155,(anonymous_60)
FN:1159,(anonymous_61)
FN:1166,(anonymous_62)
FN:1167,(anonymous_63)
FN:1173,(anonymous_64)
FN:1180,(anonymous_65)
FNF:66
FNH:0
FNDA:0,(anonymous_0)
FNDA:0,(anonymous_1)
FNDA:0,(anonymous_2)
FNDA:0,(anonymous_3)
FNDA:0,(anonymous_4)
FNDA:0,(anonymous_5)
FNDA:0,(anonymous_6)
FNDA:0,(anonymous_7)
FNDA:0,(anonymous_8)
FNDA:0,(anonymous_9)
FNDA:0,(anonymous_10)
FNDA:0,(anonymous_11)
FNDA:0,(anonymous_12)
FNDA:0,(anonymous_13)
FNDA:0,(anonymous_14)
FNDA:0,(anonymous_15)
FNDA:0,(anonymous_16)
FNDA:0,(anonymous_17)
FNDA:0,(anonymous_18)
FNDA:0,(anonymous_19)
FNDA:0,(anonymous_20)
FNDA:0,(anonymous_21)
FNDA:0,(anonymous_22)
FNDA:0,(anonymous_23)
FNDA:0,(anonymous_24)
FNDA:0,(anonymous_25)
FNDA:0,(anonymous_26)
FNDA:0,(anonymous_27)
FNDA:0,(anonymous_28)
FNDA:0,(anonymous_29)
FNDA:0,(anonymous_30)
FNDA:0,(anonymous_31)
FNDA:0,(anonymous_32)
FNDA:0,(anonymous_33)
FNDA:0,(anonymous_34)
FNDA:0,(anonymous_35)
FNDA:0,(anonymous_36)
FNDA:0,(anonymous_37)
FNDA:0,(anonymous_38)
FNDA:0,(anonymous_39)
FNDA:0,(anonymous_40)
FNDA:0,(anonymous_41)
FNDA:0,(anonymous_42)
FNDA:0,(anonymous_43)
FNDA:0,(anonymous_44)
FNDA:0,(anonymous_45)
FNDA:0,(anonymous_46)
FNDA:0,(anonymous_47)
FNDA:0,(anonymous_48)
FNDA:0,(anonymous_49)
FNDA:0,(anonymous_50)
FNDA:0,(anonymous_51)
FNDA:0,(anonymous_52)
FNDA:0,(anonymous_53)
FNDA:0,(anonymous_54)
FNDA:0,(anonymous_55)
FNDA:0,(anonymous_56)
FNDA:0,(anonymous_57)
FNDA:0,(anonymous_58)
FNDA:0,(anonymous_59)
FNDA:0,(anonymous_60)
FNDA:0,(anonymous_61)
FNDA:0,(anonymous_62)
FNDA:0,(anonymous_63)
FNDA:0,(anonymous_64)
FNDA:0,(anonymous_65)
DA:1,0
DA:69,0
DA:71,0
DA:72,0
DA:73,0
DA:74,0
DA:75,0
DA:76,0
DA:77,0
DA:78,0
DA:79,0
DA:80,0
DA:81,0
DA:82,0
DA:83,0
DA:84,0
DA:85,0
DA:107,0
DA:121,0
DA:122,0
DA:123,0
DA:128,0
DA:131,0
DA:132,0
DA:143,0
DA:144,0
DA:156,0
DA:168,0
DA:170,0
DA:176,0
DA:177,0
DA:178,0
DA:184,0
DA:185,0
DA:186,0
DA:187,0
DA:189,0
DA:190,0
DA:203,0
DA:206,0
DA:207,0
DA:208,0
DA:211,0
DA:212,0
DA:213,0
DA:214,0
DA:219,0
DA:220,0
DA:226,0
DA:227,0
DA:228,0
DA:229,0
DA:235,0
DA:254,0
DA:259,0
DA:262,0
DA:265,0
DA:268,0
DA:269,0
DA:270,0
DA:275,0
DA:278,0
DA:281,0
DA:282,0
DA:286,0
DA:289,0
DA:290,0
DA:294,0
DA:295,0
DA:296,0
DA:297,0
DA:299,0
DA:304,0
DA:307,0
DA:308,0
DA:309,0
DA:310,0
DA:314,0
DA:318,0
DA:321,0
DA:322,0
DA:323,0
DA:324,0
DA:326,0
DA:329,0
DA:330,0
DA:331,0
DA:332,0
DA:334,0
DA:337,0
DA:338,0
DA:341,0
DA:342,0
DA:343,0
DA:346,0
DA:347,0
DA:348,0
DA:350,0
DA:355,0
DA:356,0
DA:359,0
DA:360,0
DA:364,0
DA:365,0
DA:366,0
DA:367,0
DA:368,0
DA:369,0
DA:370,0
DA:372,0
DA:373,0
DA:385,0
DA:386,0
DA:395,0
DA:397,0
DA:398,0
DA:400,0
DA:401,0
DA:403,0
DA:404,0
DA:408,0
DA:409,0
DA:412,0
DA:413,0
DA:415,0
DA:416,0
DA:419,0
DA:420,0
DA:421,0
DA:422,0
DA:427,0
DA:428,0
DA:429,0
DA:430,0
DA:434,0
DA:435,0
DA:436,0
DA:437,0
DA:443,0
DA:444,0
DA:445,0
DA:447,0
DA:449,0
DA:450,0
DA:451,0
DA:457,0
DA:458,0
DA:459,0
DA:464,0
DA:465,0
DA:466,0
DA:471,0
DA:473,0
DA:475,0
DA:488,0
DA:492,0
DA:493,0
DA:494,0
DA:495,0
DA:500,0
DA:503,0
DA:504,0
DA:505,0
DA:521,0
DA:526,0
DA:527,0
DA:528,0
DA:532,0
DA:533,0
DA:534,0
DA:536,0
DA:537,0
DA:553,0
DA:558,0
DA:561,0
DA:562,0
DA:563,0
DA:579,0
DA:581,0
DA:587,0
DA:588,0
DA:589,0
DA:590,0
DA:592,0
DA:598,0
DA:599,0
DA:600,0
DA:601,0
DA:603,0
DA:610,0
DA:611,0
DA:612,0
DA:617,0
DA:618,0
DA:627,0
DA:632,0
DA:633,0
DA:634,0
DA:635,0
DA:636,0
DA:637,0
DA:638,0
DA:639,0
DA:640,0
DA:641,0
DA:643,0
DA:645,0
DA:646,0
DA:647,0
DA:648,0
DA:651,0
DA:657,0
DA:658,0
DA:659,0
DA:660,0
DA:661,0
DA:663,0
DA:664,0
DA:671,0
DA:672,0
DA:673,0
DA:674,0
DA:680,0
DA:681,0
DA:682,0
DA:683,0
DA:687,0
DA:688,0
DA:689,0
DA:690,0
DA:693,0
DA:698,0
DA:700,0
DA:701,0
DA:703,0
DA:704,0
DA:706,0
DA:707,0
DA:708,0
DA:710,0
DA:711,0
DA:712,0
DA:715,0
DA:716,0
DA:717,0
DA:722,0
DA:725,0
DA:728,0
DA:731,0
DA:732,0
DA:733,0
DA:738,0
DA:739,0
DA:742,0
DA:745,0
DA:748,0
DA:749,0
DA:753,0
DA:754,0
DA:755,0
DA:756,0
DA:757,0
DA:758,0
DA:759,0
DA:763,0
DA:768,0
DA:769,0
DA:771,0
DA:773,0
DA:774,0
DA:775,0
DA:776,0
DA:777,0
DA:778,0
DA:781,0
DA:782,0
DA:783,0
DA:784,0
DA:785,0
DA:786,0
DA:787,0
DA:788,0
DA:790,0
DA:792,0
DA:793,0
DA:796,0
DA:797,0
DA:798,0
DA:799,0
DA:802,0
DA:803,0
DA:804,0
DA:805,0
DA:806,0
DA:807,0
DA:808,0
DA:809,0
DA:810,0
DA:812,0
DA:813,0
DA:814,0
DA:815,0
DA:816,0
DA:817,0
DA:818,0
DA:821,0
DA:822,0
DA:823,0
DA:824,0
DA:825,0
DA:826,0
DA:830,0
DA:836,0
DA:839,0
DA:840,0
DA:842,0
DA:843,0
DA:844,0
DA:847,0
DA:848,0
DA:849,0
DA:852,0
DA:853,0
DA:854,0
DA:856,0
DA:857,0
DA:861,0
DA:862,0
DA:863,0
DA:864,0
DA:865,0
DA:868,0
DA:869,0
DA:870,0
DA:871,0
DA:872,0
DA:873,0
DA:875,0
DA:880,0
DA:881,0
DA:882,0
DA:883,0
DA:884,0
DA:885,0
DA:888,0
DA:889,0
DA:890,0
DA:891,0
DA:892,0
DA:893,0
DA:898,0
DA:899,0
DA:902,0
DA:903,0
DA:904,0
DA:907,0
DA:908,0
DA:909,0
DA:910,0
DA:911,0
DA:912,0
DA:913,0
DA:914,0
DA:917,0
DA:918,0
DA:919,0
DA:922,0
DA:923,0
DA:924,0
DA:925,0
DA:926,0
DA:927,0
DA:930,0
DA:934,0
DA:935,0
DA:938,0
DA:939,0
DA:940,0
DA:941,0
DA:944,0
DA:947,0
DA:948,0
DA:951,0
DA:952,0
DA:955,0
DA:956,0
DA:957,0
DA:960,0
DA:961,0
DA:962,0
DA:963,0
DA:964,0
DA:968,0
DA:969,0
DA:970,0
DA:971,0
DA:972,0
DA:973,0
DA:974,0
DA:977,0
DA:978,0
DA:979,0
DA:982,0
DA:983,0
DA:984,0
DA:987,0
DA:988,0
DA:989,0
DA:990,0
DA:991,0
DA:995,0
DA:996,0
DA:997,0
DA:998,0
DA:1001,0
DA:1002,0
DA:1003,0
DA:1006,0
DA:1007,0
DA:1008,0
DA:1009,0
DA:1012,0
DA:1013,0
DA:1014,0
DA:1015,0
DA:1016,0
DA:1020,0
DA:1021,0
DA:1022,0
DA:1024,0
DA:1025,0
DA:1026,0
DA:1027,0
DA:1029,0
DA:1033,0
DA:1035,0
DA:1037,0
DA:1038,0
DA:1039,0
DA:1040,0
DA:1042,0
DA:1043,0
DA:1045,0
DA:1048,0
DA:1049,0
DA:1050,0
DA:1051,0
DA:1052,0
DA:1055,0
DA:1059,0
DA:1060,0
DA:1061,0
DA:1062,0
DA:1063,0
DA:1064,0
DA:1068,0
DA:1069,0
DA:1071,0
DA:1078,0
DA:1079,0
DA:1081,0
DA:1086,0
DA:1087,0
DA:1088,0
DA:1089,0
DA:1090,0
DA:1093,0
DA:1094,0
DA:1098,0
DA:1101,0
DA:1105,0
DA:1106,0
DA:1108,0
DA:1109,0
DA:1110,0
DA:1111,0
DA:1112,0
DA:1113,0
DA:1115,0
DA:1116,0
DA:1117,0
DA:1118,0
DA:1119,0
DA:1122,0
DA:1123,0
DA:1126,0
DA:1127,0
DA:1130,0
DA:1134,0
DA:1135,0
DA:1136,0
DA:1137,0
DA:1138,0
DA:1139,0
DA:1143,0
DA:1144,0
DA:1146,0
DA:1147,0
DA:1148,0
DA:1149,0
DA:1150,0
DA:1151,0
DA:1160,0
DA:1161,0
DA:1162,0
DA:1167,0
DA:1168,0
DA:1169,0
DA:1173,0
DA:1174,0
DA:1177,0
DA:1178,0
DA:1180,0
DA:1181,0
DA:1182,0
LF:515
LH:0
BRDA:206,0,0,0
BRDA:206,0,1,0
BRDA:206,1,0,0
BRDA:206,1,1,0
BRDA:211,2,0,0
BRDA:211,2,1,0
BRDA:211,3,0,0
BRDA:211,3,1,0
BRDA:219,4,0,0
BRDA:219,4,1,0
BRDA:229,5,0,0
BRDA:229,5,1,0
BRDA:229,6,0,0
BRDA:229,6,1,0
BRDA:241,7,0,0
BRDA:241,7,1,0
BRDA:241,8,0,0
BRDA:241,8,1,0
BRDA:242,9,0,0
BRDA:242,9,1,0
BRDA:242,10,0,0
BRDA:242,10,1,0
BRDA:243,11,0,0
BRDA:243,11,1,0
BRDA:243,12,0,0
BRDA:243,12,1,0
BRDA:269,13,0,0
BRDA:269,13,1,0
BRDA:281,14,0,0
BRDA:281,14,1,0
BRDA:289,15,0,0
BRDA:289,15,1,0
BRDA:294,16,0,0
BRDA:294,16,1,0
BRDA:296,17,0,0
BRDA:296,17,1,0
BRDA:297,18,0,0
BRDA:297,18,1,0
BRDA:297,19,0,0
BRDA:297,19,1,0
BRDA:307,20,0,0
BRDA:307,20,1,0
BRDA:309,21,0,0
BRDA:309,21,1,0
BRDA:314,22,0,0
BRDA:314,22,1,0
BRDA:314,23,0,0
BRDA:314,23,1,0
BRDA:321,24,0,0
BRDA:321,24,1,0
BRDA:323,25,0,0
BRDA:323,25,1,0
BRDA:329,26,0,0
BRDA:329,26,1,0
BRDA:331,27,0,0
BRDA:331,27,1,0
BRDA:337,28,0,0
BRDA:337,28,1,0
BRDA:341,29,0,0
BRDA:341,29,1,0
BRDA:341,30,0,0
BRDA:341,30,1,0
BRDA:346,31,0,0
BRDA:346,31,1,0
BRDA:346,32,0,0
BRDA:346,32,1,0
BRDA:365,33,0,0
BRDA:365,33,1,0
BRDA:366,34,0,0
BRDA:366,34,1,0
BRDA:366,35,0,0
BRDA:366,35,1,0
BRDA:367,36,0,0
BRDA:367,36,1,0
BRDA:372,37,0,0
BRDA:372,37,1,0
BRDA:372,38,0,0
BRDA:372,38,1,0
BRDA:395,39,0,0
BRDA:395,39,1,0
BRDA:395,39,2,0
BRDA:412,40,0,0
BRDA:412,40,1,0
BRDA:412,41,0,0
BRDA:412,41,1,0
BRDA:415,42,0,0
BRDA:415,42,1,0
BRDA:415,43,0,0
BRDA:415,43,1,0
BRDA:419,44,0,0
BRDA:419,44,1,0
BRDA:421,45,0,0
BRDA:421,45,1,0
BRDA:428,46,0,0
BRDA:428,46,1,0
BRDA:430,47,0,0
BRDA:430,47,1,0
BRDA:435,48,0,0
BRDA:435,48,1,0
BRDA:437,49,0,0
BRDA:437,49,1,0
BRDA:447,50,0,0
BRDA:447,50,1,0
BRDA:449,51,0,0
BRDA:449,51,1,0
BRDA:449,52,0,0
BRDA:449,52,1,0
BRDA:451,53,0,0
BRDA:451,53,1,0
BRDA:464,54,0,0
BRDA:464,54,1,0
BRDA:471,55,0,0
BRDA:471,55,1,0
BRDA:492,56,0,0
BRDA:492,56,1,0
BRDA:492,56,2,0
BRDA:536,57,0,0
BRDA:536,57,1,0
BRDA:558,58,0,0
BRDA:592,59,0,0
BRDA:592,59,1,0
BRDA:592,59,2,0
BRDA:592,59,3,0
BRDA:592,59,4,0
BRDA:592,59,5,0
BRDA:603,60,0,0
BRDA:603,60,1,0
BRDA:603,60,2,0
BRDA:603,60,3,0
BRDA:603,60,4,0
BRDA:603,60,5,0
BRDA:634,61,0,0
BRDA:634,61,1,0
BRDA:634,62,0,0
BRDA:634,62,1,0
BRDA:637,63,0,0
BRDA:637,63,1,0
BRDA:637,64,0,0
BRDA:637,64,1,0
BRDA:645,65,0,0
BRDA:645,65,1,0
BRDA:647,66,0,0
BRDA:647,66,1,0
BRDA:647,67,0,0
BRDA:647,67,1,0
BRDA:657,68,0,0
BRDA:657,68,1,0
BRDA:659,69,0,0
BRDA:659,69,1,0
BRDA:663,70,0,0
BRDA:663,70,1,0
BRDA:664,71,0,0
BRDA:664,71,1,0
BRDA:664,72,0,0
BRDA:664,72,1,0
BRDA:672,73,0,0
BRDA:672,73,1,0
BRDA:689,74,0,0
BRDA:689,74,1,0
BRDA:689,75,0,0
BRDA:689,75,1,0
BRDA:698,76,0,0
BRDA:698,76,1,0
BRDA:698,76,2,0
BRDA:698,76,3,0
BRDA:716,77,0,0
BRDA:716,77,1,0
BRDA:716,78,0,0
BRDA:716,78,1,0
BRDA:732,79,0,0
BRDA:732,79,1,0
BRDA:748,80,0,0
BRDA:748,80,1,0
BRDA:753,81,0,0
BRDA:753,81,1,0
BRDA:771,82,0,0
BRDA:771,82,1,0
BRDA:790,83,0,0
BRDA:790,83,1,0
BRDA:810,84,0,0
BRDA:810,84,1,0
BRDA:812,85,0,0
BRDA:812,85,1,0
BRDA:813,86,0,0
BRDA:813,86,1,0
BRDA:821,87,0,0
BRDA:821,87,1,0
BRDA:847,88,0,0
BRDA:847,88,1,0
BRDA:852,89,0,0
BRDA:852,89,1,0
BRDA:861,90,0,0
BRDA:861,90,1,0
BRDA:922,91,0,0
BRDA:922,91,1,0
BRDA:938,92,0,0
BRDA:938,92,1,0
BRDA:944,93,0,0
BRDA:944,93,1,0
BRDA:944,93,2,0
BRDA:1035,94,0,0
BRDA:1035,94,1,0
BRDA:1035,94,2,0
BRDA:1051,95,0,0
BRDA:1051,95,1,0
BRDA:1060,96,0,0
BRDA:1060,96,1,0
BRDA:1093,97,0,0
BRDA:1093,97,1,0
BRDA:1108,98,0,0
BRDA:1108,98,1,0
BRDA:1113,99,0,0
BRDA:1113,99,1,0
BRDA:1143,100,0,0
BRDA:1143,100,1,0
BRDA:1143,101,0,0
BRDA:1143,101,1,0
BRDA:1161,102,0,0
BRDA:1161,102,1,0
BRDA:1161,103,0,0
BRDA:1161,103,1,0
BRDA:1168,104,0,0
BRDA:1168,104,1,0
BRDA:1168,105,0,0
BRDA:1168,105,1,0
BRF:225
BRH:0
end_of_record
TN:
SF:client/src/lib/games/PongGame.ts
FN:56,(anonymous_13)
FN:113,(anonymous_14)
FN:116,(anonymous_16)
FN:124,(anonymous_17)
FN:175,(anonymous_18)
FN:190,(anonymous_19)
FN:203,(anonymous_20)
FN:226,(anonymous_21)
FN:259,(anonymous_22)
FN:264,(anonymous_23)
FN:296,(anonymous_24)
FN:318,(anonymous_25)
FN:379,(anonymous_26)
FN:400,(anonymous_27)
FN:415,(anonymous_28)
FN:471,(anonymous_29)
FN:511,(anonymous_30)
FN:515,(anonymous_31)
FN:523,(anonymous_32)
FN:537,(anonymous_33)
FN:546,(anonymous_34)
FN:560,(anonymous_35)
FN:564,(anonymous_36)
FN:572,(anonymous_37)
FN:576,(anonymous_38)
FN:608,(anonymous_39)
FN:732,(anonymous_40)
FN:740,(anonymous_41)
FN:744,(anonymous_42)
FN:755,(anonymous_43)
FN:756,(anonymous_44)
FN:763,(anonymous_45)
FN:771,(anonymous_46)
FN:777,(anonymous_47)
FN:790,(anonymous_48)
FN:829,(anonymous_49)
FN:862,(anonymous_50)
FN:870,(anonymous_51)
FN:875,(anonymous_52)
FN:880,(anonymous_53)
FN:892,(anonymous_54)
FN:901,(anonymous_55)
FN:929,(anonymous_56)
FN:931,(anonymous_57)
FNF:44
FNH:0
FNDA:0,(anonymous_13)
FNDA:0,(anonymous_14)
FNDA:0,(anonymous_16)
FNDA:0,(anonymous_17)
FNDA:0,(anonymous_18)
FNDA:0,(anonymous_19)
FNDA:0,(anonymous_20)
FNDA:0,(anonymous_21)
FNDA:0,(anonymous_22)
FNDA:0,(anonymous_23)
FNDA:0,(anonymous_24)
FNDA:0,(anonymous_25)
FNDA:0,(anonymous_26)
FNDA:0,(anonymous_27)
FNDA:0,(anonymous_28)
FNDA:0,(anonymous_29)
FNDA:0,(anonymous_30)
FNDA:0,(anonymous_31)
FNDA:0,(anonymous_32)
FNDA:0,(anonymous_33)
FNDA:0,(anonymous_34)
FNDA:0,(anonymous_35)
FNDA:0,(anonymous_36)
FNDA:0,(anonymous_37)
FNDA:0,(anonymous_38)
FNDA:0,(anonymous_39)
FNDA:0,(anonymous_40)
FNDA:0,(anonymous_41)
FNDA:0,(anonymous_42)
FNDA:0,(anonymous_43)
FNDA:0,(anonymous_44)
FNDA:0,(anonymous_45)
FNDA:0,(anonymous_46)
FNDA:0,(anonymous_47)
FNDA:0,(anonymous_48)
FNDA:0,(anonymous_49)
FNDA:0,(anonymous_50)
FNDA:0,(anonymous_51)
FNDA:0,(anonymous_52)
FNDA:0,(anonymous_53)
FNDA:0,(anonymous_54)
FNDA:0,(anonymous_55)
FNDA:0,(anonymous_56)
FNDA:0,(anonymous_57)
DA:1,0
DA:6,0
DA:56,0
DA:60,0
DA:61,0
DA:62,0
DA:63,0
DA:64,0
DA:65,0
DA:66,0
DA:67,0
DA:68,0
DA:69,0
DA:70,0
DA:72,0
DA:73,0
DA:74,0
DA:76,0
DA:77,0
DA:78,0
DA:84,0
DA:92,0
DA:115,0
DA:116,0
DA:117,0
DA:119,0
DA:123,0
DA:124,0
DA:125,0
DA:127,0
DA:131,0
DA:132,0
DA:140,0
DA:141,0
DA:143,0
DA:156,0
DA:170,0
DA:172,0
DA:176,0
DA:191,0
DA:192,0
DA:193,0
DA:194,0
DA:195,0
DA:197,0
DA:198,0
DA:199,0
DA:200,0
DA:205,0
DA:206,0
DA:208,0
DA:209,0
DA:211,0
DA:212,0
DA:214,0
DA:215,0
DA:218,0
DA:219,0
DA:220,0
DA:221,0
DA:228,0
DA:229,0
DA:231,0
DA:233,0
DA:234,0
DA:235,0
DA:238,0
DA:239,0
DA:241,0
DA:242,0
DA:243,0
DA:244,0
DA:247,0
DA:248,0
DA:249,0
DA:252,0
DA:253,0
DA:256,0
DA:260,0
DA:261,0
DA:264,0
DA:265,0
DA:266,0
DA:267,0
DA:268,0
DA:269,0
DA:270,0
DA:273,0
DA:277,0
DA:278,0
DA:279,0
DA:280,0
DA:281,0
DA:282,0
DA:283,0
DA:284,0
DA:285,0
DA:286,0
DA:287,0
DA:288,0
DA:289,0
DA:290,0
DA:291,0
DA:292,0
DA:297,0
DA:298,0
DA:299,0
DA:302,0
DA:303,0
DA:304,0
DA:305,0
DA:307,0
DA:308,0
DA:310,0
DA:311,0
DA:312,0
DA:313,0
DA:314,0
DA:320,0
DA:321,0
DA:322,0
DA:323,0
DA:324,0
DA:328,0
DA:329,0
DA:330,0
DA:332,0
DA:333,0
DA:334,0
DA:336,0
DA:337,0
DA:338,0
DA:340,0
DA:341,0
DA:342,0
DA:343,0
DA:344,0
DA:346,0
DA:347,0
DA:348,0
DA:349,0
DA:352,0
DA:353,0
DA:354,0
DA:355,0
DA:357,0
DA:359,0
DA:360,0
DA:361,0
DA:362,0
DA:363,0
DA:364,0
DA:369,0
DA:370,0
DA:371,0
DA:372,0
DA:373,0
DA:374,0
DA:375,0
DA:380,0
DA:381,0
DA:382,0
DA:383,0
DA:384,0
DA:385,0
DA:386,0
DA:387,0
DA:388,0
DA:389,0
DA:390,0
DA:391,0
DA:392,0
DA:393,0
DA:394,0
DA:395,0
DA:401,0
DA:408,0
DA:409,0
DA:410,0
DA:412,0
DA:416,0
DA:418,0
DA:419,0
DA:420,0
DA:421,0
DA:422,0
DA:427,0
DA:428,0
DA:429,0
DA:432,0
DA:433,0
DA:434,0
DA:438,0
DA:444,0
DA:450,0
DA:451,0
DA:452,0
DA:453,0
DA:456,0
DA:457,0
DA:459,0
DA:460,0
DA:461,0
DA:462,0
DA:465,0
DA:471,0
DA:472,0
DA:475,0
DA:476,0
DA:477,0
DA:479,0
DA:481,0
DA:482,0
DA:483,0
DA:484,0
DA:488,0
DA:491,0
DA:494,0
DA:495,0
DA:496,0
DA:497,0
DA:500,0
DA:505,0
DA:506,0
DA:512,0
DA:516,0
DA:517,0
DA:518,0
DA:519,0
DA:525,0
DA:526,0
DA:528,0
DA:531,0
DA:534,0
DA:538,0
DA:547,0
DA:550,0
DA:551,0
DA:554,0
DA:556,0
DA:561,0
DA:565,0
DA:566,0
DA:567,0
DA:568,0
DA:578,0
DA:579,0
DA:580,0
DA:581,0
DA:582,0
DA:583,0
DA:586,0
DA:587,0
DA:588,0
DA:591,0
DA:592,0
DA:593,0
DA:594,0
DA:595,0
DA:599,0
DA:600,0
DA:601,0
DA:602,0
DA:603,0
DA:605,0
DA:609,0
DA:612,0
DA:615,0
DA:616,0
DA:617,0
DA:620,0
DA:621,0
DA:623,0
DA:625,0
DA:626,0
DA:628,0
DA:629,0
DA:630,0
DA:631,0
DA:632,0
DA:633,0
DA:637,0
DA:638,0
DA:639,0
DA:642,0
DA:643,0
DA:645,0
DA:646,0
DA:648,0
DA:649,0
DA:652,0
DA:653,0
DA:654,0
DA:655,0
DA:656,0
DA:657,0
DA:658,0
DA:659,0
DA:660,0
DA:661,0
DA:666,0
DA:667,0
DA:668,0
DA:669,0
DA:670,0
DA:671,0
DA:672,0
DA:673,0
DA:677,0
DA:678,0
DA:681,0
DA:682,0
DA:685,0
DA:686,0
DA:688,0
DA:689,0
DA:692,0
DA:693,0
DA:696,0
DA:697,0
DA:698,0
DA:700,0
DA:701,0
DA:704,0
DA:705,0
DA:706,0
DA:707,0
DA:708,0
DA:709,0
DA:710,0
DA:711,0
DA:715,0
DA:716,0
DA:717,0
DA:718,0
DA:719,0
DA:722,0
DA:723,0
DA:724,0
DA:725,0
DA:729,0
DA:733,0
DA:734,0
DA:735,0
DA:736,0
DA:741,0
DA:745,0
DA:746,0
DA:747,0
DA:748,0
DA:751,0
DA:756,0
DA:757,0
DA:758,0
DA:759,0
DA:763,0
DA:764,0
DA:767,0
DA:768,0
DA:771,0
DA:772,0
DA:773,0
DA:778,0
DA:779,0
DA:780,0
DA:781,0
DA:782,0
DA:783,0
DA:786,0
DA:792,0
DA:793,0
DA:794,0
DA:796,0
DA:797,0
DA:798,0
DA:799,0
DA:800,0
DA:801,0
DA:811,0
DA:812,0
DA:813,0
DA:815,0
DA:825,0
DA:830,0
DA:833,0
DA:834,0
DA:835,0
DA:838,0
DA:840,0
DA:841,0
DA:842,0
DA:844,0
DA:845,0
DA:846,0
DA:848,0
DA:849,0
DA:850,0
DA:853,0
DA:854,0
DA:856,0
DA:857,0
DA:858,0
DA:864,0
DA:867,0
DA:870,0
DA:871,0
DA:872,0
DA:875,0
DA:876,0
DA:877,0
DA:880,0
DA:881,0
DA:882,0
DA:886,0
DA:889,0
DA:894,0
DA:897,0
DA:900,0
DA:901,0
DA:902,0
DA:904,0
DA:905,0
DA:906,0
DA:907,0
DA:911,0
DA:912,0
DA:913,0
DA:915,0
DA:916,0
DA:917,0
DA:923,0
DA:926,0
DA:931,0
DA:932,0
DA:933,0
DA:935,0
DA:936,0
DA:938,0
DA:940,0
DA:941,0
DA:942,0
DA:943,0
DA:944,0
DA:947,0
DA:948,0
DA:949,0
DA:950,0
DA:953,0
DA:954,0
DA:955,0
DA:956,0
DA:957,0
DA:961,0
DA:963,0
DA:965,0
DA:966,0
DA:967,0
DA:968,0
DA:969,0
DA:972,0
DA:973,0
DA:974,0
DA:977,0
DA:978,0
DA:979,0
DA:980,0
DA:981,0
DA:982,0
DA:986,0
DA:990,0
DA:991,0
DA:992,0
DA:993,0
DA:994,0
DA:995,0
DA:996,0
DA:997,0
DA:998,0
DA:1001,0
DA:1002,0
DA:1003,0
DA:1004,0
DA:1005,0
DA:1006,0
DA:1007,0
DA:1008,0
DA:1009,0
LF:487
LH:0
BRDA:133,0,0,0
BRDA:133,0,1,0
BRDA:133,1,0,0
BRDA:133,1,1,0
BRDA:134,2,0,0
BRDA:134,2,1,0
BRDA:134,3,0,0
BRDA:134,3,1,0
BRDA:135,4,0,0
BRDA:135,4,1,0
BRDA:135,5,0,0
BRDA:135,5,1,0
BRDA:136,6,0,0
BRDA:136,6,1,0
BRDA:136,7,0,0
BRDA:136,7,1,0
BRDA:141,8,0,0
BRDA:141,8,1,0
BRDA:141,9,0,0
BRDA:141,9,1,0
BRDA:179,10,0,0
BRDA:179,10,1,0
BRDA:205,11,0,0
BRDA:205,11,1,0
BRDA:208,12,0,0
BRDA:208,12,1,0
BRDA:211,13,0,0
BRDA:211,13,1,0
BRDA:214,14,0,0
BRDA:214,14,1,0
BRDA:218,15,0,0
BRDA:218,15,1,0
BRDA:220,16,0,0
BRDA:220,16,1,0
BRDA:233,17,0,0
BRDA:233,17,1,0
BRDA:241,18,0,0
BRDA:241,18,1,0
BRDA:243,19,0,0
BRDA:243,19,1,0
BRDA:247,20,0,0
BRDA:247,20,1,0
BRDA:252,21,0,0
BRDA:252,21,1,0
BRDA:260,22,0,0
BRDA:260,22,1,0
BRDA:269,23,0,0
BRDA:269,23,1,0
BRDA:269,24,0,0
BRDA:269,24,1,0
BRDA:277,25,0,0
BRDA:277,25,1,0
BRDA:277,26,0,0
BRDA:277,26,1,0
BRDA:279,27,0,0
BRDA:279,27,1,0
BRDA:282,28,0,0
BRDA:282,28,1,0
BRDA:284,29,0,0
BRDA:284,29,1,0
BRDA:286,30,0,0
BRDA:286,30,1,0
BRDA:289,31,0,0
BRDA:289,31,1,0
BRDA:289,32,0,0
BRDA:289,32,1,0
BRDA:289,33,0,0
BRDA:289,33,1,0
BRDA:298,34,0,0
BRDA:298,34,1,0
BRDA:303,35,0,0
BRDA:303,35,1,0
BRDA:304,36,0,0
BRDA:304,36,1,0
BRDA:305,37,0,0
BRDA:305,37,1,0
BRDA:310,38,0,0
BRDA:310,38,1,0
BRDA:313,39,0,0
BRDA:313,39,1,0
BRDA:313,40,0,0
BRDA:313,40,1,0
BRDA:313,41,0,0
BRDA:313,41,1,0
BRDA:313,42,0,0
BRDA:313,42,1,0
BRDA:314,43,0,0
BRDA:314,43,1,0
BRDA:320,44,0,0
BRDA:320,44,1,0
BRDA:320,45,0,0
BRDA:320,45,1,0
BRDA:323,46,0,0
BRDA:323,46,1,0
BRDA:323,47,0,0
BRDA:323,47,1,0
BRDA:323,48,0,0
BRDA:323,48,1,0
BRDA:323,49,0,0
BRDA:323,49,1,0
BRDA:323,50,0,0
BRDA:323,50,1,0
BRDA:324,51,0,0
BRDA:324,51,1,0
BRDA:324,52,0,0
BRDA:324,52,1,0
BRDA:324,53,0,0
BRDA:324,53,1,0
BRDA:324,54,0,0
BRDA:324,54,1,0
BRDA:324,55,0,0
BRDA:324,55,1,0
BRDA:329,56,0,0
BRDA:329,56,1,0
BRDA:330,57,0,0
BRDA:330,57,1,0
BRDA:332,58,0,0
BRDA:332,58,1,0
BRDA:332,59,0,0
BRDA:332,59,1,0
BRDA:336,60,0,0
BRDA:336,60,1,0
BRDA:336,61,0,0
BRDA:336,61,1,0
BRDA:336,62,0,0
BRDA:336,62,1,0
BRDA:336,63,0,0
BRDA:336,63,1,0
BRDA:336,64,0,0
BRDA:336,64,1,0
BRDA:337,65,0,0
BRDA:337,65,1,0
BRDA:337,66,0,0
BRDA:337,66,1,0
BRDA:337,67,0,0
BRDA:337,67,1,0
BRDA:337,68,0,0
BRDA:337,68,1,0
BRDA:337,69,0,0
BRDA:337,69,1,0
BRDA:338,70,0,0
BRDA:338,70,1,0
BRDA:338,71,0,0
BRDA:338,71,1,0
BRDA:338,72,0,0
BRDA:338,72,1,0
BRDA:340,73,0,0
BRDA:340,73,1,0
BRDA:341,74,0,0
BRDA:341,74,1,0
BRDA:348,75,0,0
BRDA:348,75,1,0
BRDA:348,76,0,0
BRDA:348,76,1,0
BRDA:348,77,0,0
BRDA:348,77,1,0
BRDA:359,78,0,0
BRDA:359,78,1,0
BRDA:363,79,0,0
BRDA:363,79,1,0
BRDA:363,80,0,0
BRDA:363,80,1,0
BRDA:363,81,0,0
BRDA:363,81,1,0
BRDA:369,82,0,0
BRDA:369,82,1,0
BRDA:369,83,0,0
BRDA:369,83,1,0
BRDA:370,84,0,0
BRDA:370,84,1,0
BRDA:370,85,0,0
BRDA:370,85,1,0
BRDA:370,86,0,0
BRDA:370,86,1,0
BRDA:370,87,0,0
BRDA:370,87,1,0
BRDA:370,88,0,0
BRDA:370,88,1,0
BRDA:371,89,0,0
BRDA:371,89,1,0
BRDA:371,90,0,0
BRDA:371,90,1,0
BRDA:371,91,0,0
BRDA:371,91,1,0
BRDA:371,92,0,0
BRDA:371,92,1,0
BRDA:371,93,0,0
BRDA:371,93,1,0
BRDA:372,94,0,0
BRDA:372,94,1,0
BRDA:372,95,0,0
BRDA:372,95,1,0
BRDA:372,96,0,0
BRDA:372,96,1,0
BRDA:380,97,0,0
BRDA:380,97,1,0
BRDA:382,98,0,0
BRDA:382,98,1,0
BRDA:382,99,0,0
BRDA:382,99,1,0
BRDA:385,100,0,0
BRDA:385,100,1,0
BRDA:385,101,0,0
BRDA:385,101,1,0
BRDA:385,102,0,0
BRDA:385,102,1,0
BRDA:385,103,0,0
BRDA:385,103,1,0
BRDA:385,104,0,0
BRDA:385,104,1,0
BRDA:388,105,0,0
BRDA:388,105,1,0
BRDA:390,106,0,0
BRDA:390,106,1,0
BRDA:390,107,0,0
BRDA:390,107,1,0
BRDA:393,108,0,0
BRDA:393,108,1,0
BRDA:393,109,0,0
BRDA:393,109,1,0
BRDA:393,110,0,0
BRDA:393,110,1,0
BRDA:393,111,0,0
BRDA:393,111,1,0
BRDA:393,112,0,0
BRDA:393,112,1,0
BRDA:394,113,0,0
BRDA:394,113,1,0
BRDA:395,114,0,0
BRDA:395,114,1,0
BRDA:395,115,0,0
BRDA:395,115,1,0
BRDA:409,116,0,0
BRDA:409,116,1,0
BRDA:418,117,0,0
BRDA:418,117,1,0
BRDA:420,118,0,0
BRDA:420,118,1,0
BRDA:432,119,0,0
BRDA:432,119,1,0
BRDA:438,120,0,0
BRDA:438,120,1,0
BRDA:438,120,2,0
BRDA:438,120,3,0
BRDA:438,120,4,0
BRDA:444,121,0,0
BRDA:444,121,1,0
BRDA:444,121,2,0
BRDA:444,121,3,0
BRDA:444,121,4,0
BRDA:450,122,0,0
BRDA:450,122,1,0
BRDA:450,123,0,0
BRDA:450,123,1,0
BRDA:456,124,0,0
BRDA:456,124,1,0
BRDA:456,125,0,0
BRDA:456,125,1,0
BRDA:456,126,0,0
BRDA:456,126,1,0
BRDA:456,127,0,0
BRDA:456,127,1,0
BRDA:456,128,0,0
BRDA:456,128,1,0
BRDA:457,129,0,0
BRDA:457,129,1,0
BRDA:457,130,0,0
BRDA:457,130,1,0
BRDA:457,131,0,0
BRDA:457,131,1,0
BRDA:457,132,0,0
BRDA:457,132,1,0
BRDA:457,133,0,0
BRDA:457,133,1,0
BRDA:461,134,0,0
BRDA:461,134,1,0
BRDA:479,135,0,0
BRDA:479,135,1,0
BRDA:481,136,0,0
BRDA:481,136,1,0
BRDA:483,137,0,0
BRDA:483,137,1,0
BRDA:491,138,0,0
BRDA:491,138,1,0
BRDA:491,139,0,0
BRDA:491,139,1,0
BRDA:491,140,0,0
BRDA:491,140,1,0
BRDA:491,141,0,0
BRDA:491,141,1,0
BRDA:491,142,0,0
BRDA:491,142,1,0
BRDA:496,143,0,0
BRDA:496,143,1,0
BRDA:505,144,0,0
BRDA:505,144,1,0
BRDA:516,145,0,0
BRDA:516,145,1,0
BRDA:516,146,0,0
BRDA:516,146,1,0
BRDA:517,147,0,0
BRDA:517,147,1,0
BRDA:519,148,0,0
BRDA:519,148,1,0
BRDA:519,149,0,0
BRDA:519,149,1,0
BRDA:525,150,0,0
BRDA:525,150,1,0
BRDA:526,151,0,0
BRDA:526,151,1,0
BRDA:526,152,0,0
BRDA:526,152,1,0
BRDA:539,153,0,0
BRDA:539,153,1,0
BRDA:539,153,2,0
BRDA:539,153,3,0
BRDA:554,154,0,0
BRDA:554,154,1,0
BRDA:554,155,0,0
BRDA:554,155,1,0
BRDA:566,156,0,0
BRDA:566,156,1,0
BRDA:617,157,0,0
BRDA:617,157,1,0
BRDA:620,158,0,0
BRDA:620,158,1,0
BRDA:621,159,0,0
BRDA:621,159,1,0
BRDA:623,160,0,0
BRDA:623,160,1,0
BRDA:625,161,0,0
BRDA:625,161,1,0
BRDA:625,162,0,0
BRDA:625,162,1,0
BRDA:626,163,0,0
BRDA:626,163,1,0
BRDA:628,164,0,0
BRDA:628,164,1,0
BRDA:637,165,0,0
BRDA:637,165,1,0
BRDA:645,166,0,0
BRDA:645,166,1,0
BRDA:652,167,0,0
BRDA:652,167,1,0
BRDA:677,168,0,0
BRDA:677,168,1,0
BRDA:677,169,0,0
BRDA:677,169,1,0
BRDA:678,170,0,0
BRDA:678,170,1,0
BRDA:681,171,0,0
BRDA:681,171,1,0
BRDA:681,172,0,0
BRDA:681,172,1,0
BRDA:715,173,0,0
BRDA:715,173,1,0
BRDA:715,174,0,0
BRDA:715,174,1,0
BRDA:724,175,0,0
BRDA:724,175,1,0
BRDA:733,176,0,0
BRDA:733,176,1,0
BRDA:735,177,0,0
BRDA:735,177,1,0
BRDA:747,178,0,0
BRDA:747,178,1,0
BRDA:747,179,0,0
BRDA:747,179,1,0
BRDA:757,180,0,0
BRDA:757,180,1,0
BRDA:757,181,0,0
BRDA:757,181,1,0
BRDA:782,182,0,0
BRDA:782,182,1,0
BRDA:782,183,0,0
BRDA:782,183,1,0
BRDA:796,184,0,0
BRDA:796,184,1,0
BRDA:799,185,0,0
BRDA:799,185,1,0
BRDA:800,186,0,0
BRDA:800,186,1,0
BRDA:811,187,0,0
BRDA:811,187,1,0
BRDA:811,188,0,0
BRDA:811,188,1,0
BRDA:833,189,0,0
BRDA:833,189,1,0
BRDA:838,190,0,0
BRDA:838,190,1,0
BRDA:838,190,2,0
BRDA:838,190,3,0
BRDA:838,190,4,0
BRDA:915,191,0,0
BRDA:915,191,1,0
BRDA:938,192,0,0
BRDA:938,192,1,0
BRDA:963,193,0,0
BRDA:963,193,1,0
BRDA:990,194,0,0
BRDA:990,194,1,0
BRDA:1001,195,0,0
BRDA:1001,195,1,0
BRF:403
BRH:0
end_of_record
TN:
SF:client/src/lib/games/StarWarsGame.ts
FN:59,(anonymous_0)
FN:91,(anonymous_1)
FN:128,(anonymous_2)
FN:138,(anonymous_3)
FN:161,(anonymous_4)
FN:179,(anonymous_5)
FN:216,(anonymous_6)
FN:234,(anonymous_7)
FN:235,(anonymous_8)
FN:280,(anonymous_9)
FN:289,(anonymous_10)
FN:312,(anonymous_11)
FN:316,(anonymous_12)
FN:322,(anonymous_13)
FN:327,(anonymous_14)
FN:334,(anonymous_15)
FN:341,(anonymous_16)
FN:363,(anonymous_17)
FN:372,(anonymous_18)
FN:398,(anonymous_19)
FN:418,(anonymous_20)
FN:419,(anonymous_21)
FN:430,(anonymous_22)
FN:449,(anonymous_23)
FN:501,(anonymous_24)
FN:502,(anonymous_25)
FN:509,(anonymous_26)
FN:510,(anonymous_27)
FN:519,(anonymous_28)
FN:529,(anonymous_29)
FN:536,(anonymous_30)
FN:566,(anonymous_31)
FN:570,(anonymous_32)
FN:576,(anonymous_33)
FN:611,(anonymous_34)
FN:612,(anonymous_35)
FN:641,(anonymous_36)
FN:661,(anonymous_37)
FN:694,(anonymous_38)
FN:719,(anonymous_39)
FN:749,(anonymous_40)
FN:766,(anonymous_41)
FN:767,(anonymous_42)
FN:772,(anonymous_43)
FN:789,(anonymous_44)
FN:790,(anonymous_45)
FN:804,(anonymous_46)
FN:816,(anonymous_47)
FN:827,(anonymous_48)
FN:837,(anonymous_49)
FN:848,(anonymous_50)
FN:879,(anonymous_51)
FN:892,(anonymous_52)
FN:905,(anonymous_53)
FNF:54
FNH:0
FNDA:0,(anonymous_0)
FNDA:0,(anonymous_1)
FNDA:0,(anonymous_2)
FNDA:0,(anonymous_3)
FNDA:0,(anonymous_4)
FNDA:0,(anonymous_5)
FNDA:0,(anonymous_6)
FNDA:0,(anonymous_7)
FNDA:0,(anonymous_8)
FNDA:0,(anonymous_9)
FNDA:0,(anonymous_10)
FNDA:0,(anonymous_11)
FNDA:0,(anonymous_12)
FNDA:0,(anonymous_13)
FNDA:0,(anonymous_14)
FNDA:0,(anonymous_15)
FNDA:0,(anonymous_16)
FNDA:0,(anonymous_17)
FNDA:0,(anonymous_18)
FNDA:0,(anonymous_19)
FNDA:0,(anonymous_20)
FNDA:0,(anonymous_21)
FNDA:0,(anonymous_22)
FNDA:0,(anonymous_23)
FNDA:0,(anonymous_24)
FNDA:0,(anonymous_25)
FNDA:0,(anonymous_26)
FNDA:0,(anonymous_27)
FNDA:0,(anonymous_28)
FNDA:0,(anonymous_29)
FNDA:0,(anonymous_30)
FNDA:0,(anonymous_31)
FNDA:0,(anonymous_32)
FNDA:0,(anonymous_33)
FNDA:0,(anonymous_34)
FNDA:0,(anonymous_35)
FNDA:0,(anonymous_36)
FNDA:0,(anonymous_37)
FNDA:0,(anonymous_38)
FNDA:0,(anonymous_39)
FNDA:0,(anonymous_40)
FNDA:0,(anonymous_41)
FNDA:0,(anonymous_42)
FNDA:0,(anonymous_43)
FNDA:0,(anonymous_44)
FNDA:0,(anonymous_45)
FNDA:0,(anonymous_46)
FNDA:0,(anonymous_47)
FNDA:0,(anonymous_48)
FNDA:0,(anonymous_49)
FNDA:0,(anonymous_50)
FNDA:0,(anonymous_51)
FNDA:0,(anonymous_52)
FNDA:0,(anonymous_53)
DA:1,0
DA:59,0
DA:60,0
DA:62,0
DA:64,0
DA:65,0
DA:66,0
DA:68,0
DA:69,0
DA:70,0
DA:72,0
DA:73,0
DA:74,0
DA:75,0
DA:78,0
DA:93,0
DA:106,0
DA:109,0
DA:112,0
DA:129,0
DA:130,0
DA:139,0
DA:142,0
DA:161,0
DA:162,0
DA:175,0
DA:180,0
DA:181,0
DA:182,0
DA:185,0
DA:188,0
DA:191,0
DA:192,0
DA:193,0
DA:194,0
DA:196,0
DA:197,0
DA:198,0
DA:199,0
DA:201,0
DA:202,0
DA:206,0
DA:207,0
DA:208,0
DA:211,0
DA:212,0
DA:217,0
DA:220,0
DA:221,0
DA:225,0
DA:226,0
DA:230,0
DA:231,0
DA:235,0
DA:236,0
DA:238,0
DA:241,0
DA:243,0
DA:244,0
DA:245,0
DA:247,0
DA:248,0
DA:249,0
DA:250,0
DA:252,0
DA:253,0
DA:254,0
DA:255,0
DA:256,0
DA:257,0
DA:259,0
DA:262,0
DA:263,0
DA:266,0
DA:267,0
DA:268,0
DA:269,0
DA:273,0
DA:274,0
DA:275,0
DA:281,0
DA:282,0
DA:283,0
DA:286,0
DA:290,0
DA:293,0
DA:294,0
DA:298,0
DA:299,0
DA:300,0
DA:301,0
DA:305,0
DA:306,0
DA:307,0
DA:308,0
DA:312,0
DA:313,0
DA:317,0
DA:318,0
DA:321,0
DA:322,0
DA:323,0
DA:328,0
DA:329,0
DA:330,0
DA:335,0
DA:336,0
DA:337,0
DA:342,0
DA:343,0
DA:344,0
DA:346,0
DA:347,0
DA:359,0
DA:365,0
DA:372,0
DA:373,0
DA:374,0
DA:375,0
DA:377,0
DA:378,0
DA:393,0
DA:400,0
DA:401,0
DA:402,0
DA:414,0
DA:419,0
DA:420,0
DA:421,0
DA:424,0
DA:425,0
DA:428,0
DA:430,0
DA:431,0
DA:432,0
DA:433,0
DA:434,0
DA:435,0
DA:437,0
DA:438,0
DA:439,0
DA:440,0
DA:441,0
DA:442,0
DA:448,0
DA:449,0
DA:450,0
DA:451,0
DA:455,0
DA:456,0
DA:457,0
DA:458,0
DA:459,0
DA:460,0
DA:462,0
DA:463,0
DA:464,0
DA:465,0
DA:473,0
DA:474,0
DA:475,0
DA:476,0
DA:477,0
DA:478,0
DA:481,0
DA:484,0
DA:485,0
DA:487,0
DA:488,0
DA:489,0
DA:495,0
DA:502,0
DA:503,0
DA:504,0
DA:505,0
DA:510,0
DA:511,0
DA:512,0
DA:513,0
DA:514,0
DA:520,0
DA:530,0
DA:531,0
DA:532,0
DA:533,0
DA:537,0
DA:540,0
DA:543,0
DA:544,0
DA:548,0
DA:551,0
DA:554,0
DA:555,0
DA:558,0
DA:561,0
DA:562,0
DA:567,0
DA:568,0
DA:570,0
DA:571,0
DA:572,0
DA:577,0
[...]
BRF:166
BRH:0
end_of_record
TN:
SF:client/src/lib/stores/useAudio.tsx
FN:30,(anonymous_7)
FN:37,(anonymous_8)
FN:38,(anonymous_9)
FN:39,(anonymous_10)
FN:40,(anonymous_11)
FN:42,(anonymous_12)
FN:53,(anonymous_13)
FN:65,(anonymous_14)
FN:71,(anonymous_15)
FN:81,(anonymous_16)
FN:87,(anonymous_17)
FN:92,(anonymous_18)
FN:99,(anonymous_19)
FN:99,(anonymous_20)
FN:105,(anonymous_21)
FN:110,(anonymous_22)
FN:117,(anonymous_23)
FN:172,(anonymous_24)
FN:185,(anonymous_25)
FN:196,(anonymous_26)
FN:351,(anonymous_27)
FN:356,(anonymous_28)
FN:380,(anonymous_29)
FNF:23
FNH:0
FNDA:0,(anonymous_7)
FNDA:0,(anonymous_8)
FNDA:0,(anonymous_9)
FNDA:0,(anonymous_10)
FNDA:0,(anonymous_11)
FNDA:0,(anonymous_12)
FNDA:0,(anonymous_13)
FNDA:0,(anonymous_14)
FNDA:0,(anonymous_15)
FNDA:0,(anonymous_16)
FNDA:0,(anonymous_17)
FNDA:0,(anonymous_18)
FNDA:0,(anonymous_19)
FNDA:0,(anonymous_20)
FNDA:0,(anonymous_21)
FNDA:0,(anonymous_22)
FNDA:0,(anonymous_23)
FNDA:0,(anonymous_24)
FNDA:0,(anonymous_25)
FNDA:0,(anonymous_26)
FNDA:0,(anonymous_27)
FNDA:0,(anonymous_28)
FNDA:0,(anonymous_29)
DA:1,0
DA:30,0
DA:37,0
DA:38,0
DA:39,0
DA:40,0
DA:43,0
DA:44,0
DA:47,0
DA:50,0
DA:54,0
DA:55,0
DA:57,0
DA:58,0
DA:59,0
DA:63,0
DA:64,0
DA:65,0
DA:66,0
DA:72,0
DA:73,0
DA:75,0
DA:76,0
DA:77,0
DA:80,0
DA:81,0
DA:82,0
DA:88,0
DA:89,0
DA:90,0
DA:91,0
DA:92,0
DA:93,0
DA:99,0
DA:100,0
DA:101,0
DA:102,0
DA:103,0
DA:104,0
DA:105,0
DA:106,0
DA:107,0
DA:108,0
DA:109,0
DA:110,0
DA:111,0
DA:112,0
DA:114,0
DA:115,0
DA:117,0
DA:118,0
DA:121,0
DA:122,0
DA:123,0
DA:124,0
DA:125,0
DA:127,0
DA:128,0
DA:129,0
DA:130,0
DA:133,0
DA:134,0
DA:135,0
DA:136,0
DA:138,0
DA:140,0
DA:141,0
DA:142,0
DA:143,0
DA:144,0
DA:146,0
DA:147,0
DA:148,0
DA:150,0
DA:151,0
DA:152,0
DA:155,0
DA:156,0
DA:157,0
DA:158,0
DA:159,0
DA:162,0
DA:163,0
DA:164,0
DA:165,0
DA:168,0
DA:169,0
DA:170,0
DA:172,0
DA:175,0
DA:176,0
DA:177,0
DA:178,0
DA:179,0
DA:180,0
DA:181,0
DA:182,0
DA:183,0
DA:184,0
DA:185,0
DA:189,0
DA:192,0
DA:197,0
DA:198,0
DA:200,0
DA:201,0
DA:202,0
DA:203,0
DA:205,0
DA:206,0
DA:207,0
DA:209,0
DA:210,0
DA:211,0
DA:214,0
DA:217,0
DA:218,0
DA:219,0
DA:220,0
DA:221,0
DA:224,0
DA:225,0
DA:226,0
DA:227,0
DA:228,0
DA:231,0
DA:232,0
DA:233,0
DA:234,0
DA:235,0
DA:237,0
DA:238,0
DA:239,0
DA:240,0
DA:241,0
DA:244,0
DA:245,0
DA:246,0
DA:247,0
DA:248,0
DA:251,0
DA:252,0
DA:253,0
DA:254,0
DA:255,0
DA:258,0
DA:259,0
DA:260,0
DA:261,0
DA:262,0
DA:263,0
DA:264,0
DA:265,0
DA:268,0
DA:269,0
DA:270,0
DA:271,0
DA:272,0
DA:273,0
DA:274,0
DA:275,0
DA:278,0
DA:279,0
DA:280,0
DA:281,0
DA:282,0
DA:283,0
DA:284,0
DA:285,0
DA:288,0
DA:289,0
DA:290,0
DA:291,0
DA:292,0
DA:293,0
DA:294,0
DA:295,0
DA:298,0
DA:299,0
DA:300,0
DA:301,0
DA:302,0
DA:303,0
DA:306,0
DA:307,0
DA:308,0
DA:309,0
DA:310,0
DA:311,0
DA:313,0
DA:314,0
DA:315,0
DA:316,0
DA:317,0
DA:318,0
DA:320,0
DA:321,0
DA:322,0
DA:323,0
DA:324,0
DA:325,0
DA:326,0
DA:327,0
DA:328,0
DA:330,0
DA:331,0
DA:332,0
DA:333,0
DA:334,0
DA:335,0
DA:336,0
DA:337,0
DA:339,0
DA:340,0
DA:341,0
DA:342,0
DA:343,0
DA:344,0
DA:345,0
DA:346,0
DA:349,0
DA:350,0
DA:351,0
DA:357,0
DA:358,0
DA:359,0
DA:360,0
DA:361,0
DA:362,0
DA:363,0
DA:364,0
DA:365,0
DA:366,0
DA:367,0
DA:369,0
DA:370,0
DA:371,0
DA:372,0
DA:373,0
DA:374,0
DA:375,0
DA:376,0
DA:377,0
DA:378,0
DA:379,0
DA:380,0
LF:246
LH:0
BRDA:50,0,0,0
BRDA:50,0,1,0
BRDA:55,1,0,0
BRDA:55,1,1,0
BRDA:57,2,0,0
BRDA:57,2,1,0
BRDA:73,3,0,0
BRDA:73,3,1,0
BRDA:75,4,0,0
BRDA:75,4,1,0
BRDA:89,5,0,0
BRDA:89,5,1,0
BRDA:89,6,0,0
BRDA:89,6,1,0
BRDA:101,7,0,0
BRDA:101,7,1,0
BRDA:103,8,0,0
BRDA:103,8,1,0
BRDA:104,9,0,0
BRDA:104,9,1,0
BRDA:107,10,0,0
BRDA:107,10,1,0
BRDA:107,11,0,0
BRDA:107,11,1,0
BRDA:107,12,0,0
BRDA:107,12,1,0
BRDA:107,13,0,0
BRDA:107,13,1,0
BRDA:107,14,0,0
BRDA:107,14,1,0
BRDA:107,15,0,0
BRDA:107,15,1,0
BRDA:107,16,0,0
BRDA:107,16,1,0
BRDA:108,17,0,0
BRDA:108,17,1,0
BRDA:108,18,0,0
BRDA:108,18,1,0
BRDA:108,19,0,0
BRDA:108,19,1,0
BRDA:108,20,0,0
BRDA:108,20,1,0
BRDA:108,21,0,0
BRDA:108,21,1,0
BRDA:108,22,0,0
BRDA:108,22,1,0
BRDA:108,23,0,0
BRDA:108,23,1,0
BRDA:109,24,0,0
BRDA:109,24,1,0
BRDA:109,25,0,0
BRDA:109,25,1,0
BRDA:109,26,0,0
BRDA:109,26,1,0
BRDA:109,27,0,0
BRDA:109,27,1,0
BRDA:111,28,0,0
BRDA:111,28,1,0
BRDA:115,29,0,0
BRDA:115,29,1,0
BRDA:115,30,0,0
BRDA:115,30,1,0
BRDA:117,31,0,0
BRDA:117,31,1,0
BRDA:117,32,0,0
BRDA:117,32,1,0
BRDA:117,32,2,0
BRDA:117,32,3,0
BRDA:122,33,0,0
BRDA:122,33,1,0
BRDA:123,34,0,0
BRDA:123,34,1,0
BRDA:125,35,0,0
BRDA:125,35,1,0
BRDA:125,36,0,0
BRDA:125,36,1,0
BRDA:125,37,0,0
BRDA:125,37,1,0
BRDA:198,38,0,0
BRDA:198,38,1,0
BRDA:201,39,0,0
BRDA:201,39,1,0
BRDA:202,40,0,0
BRDA:202,40,1,0
BRDA:214,41,0,0
BRDA:214,41,1,0
BRDA:214,41,2,0
BRDA:214,41,3,0
BRDA:214,41,4,0
BRDA:214,41,5,0
BRDA:214,41,6,0
BRDA:214,41,7,0
BRDA:214,41,8,0
BRDA:214,41,9,0
BRDA:214,41,10,0
BRDA:214,41,11,0
BRDA:214,41,12,0
BRDA:214,41,13,0
BRDA:214,41,14,0
BRDA:214,41,15,0
BRDA:358,42,0,0
BRDA:358,42,1,0
BRDA:360,43,0,0
BRDA:360,43,1,0
BRDA:361,44,0,0
BRDA:361,44,1,0
BRF:106
BRH:0
end_of_record
TN:
SF:client/src/lib/stores/useGame.tsx
FN:16,(anonymous_0)
FN:19,(anonymous_1)
FN:20,(anonymous_2)
FN:29,(anonymous_3)
FN:30,(anonymous_4)
FN:33,(anonymous_5)
FN:34,(anonymous_6)
FNF:7
FNH:0
FNDA:0,(anonymous_0)
FNDA:0,(anonymous_1)
FNDA:0,(anonymous_2)
FNDA:0,(anonymous_3)
FNDA:0,(anonymous_4)
FNDA:0,(anonymous_5)
FNDA:0,(anonymous_6)
DA:1,0
DA:2,0
DA:15,0
DA:16,0
DA:20,0
DA:22,0
DA:23,0
DA:25,0
DA:30,0
DA:34,0
DA:36,0
DA:37,0
DA:39,0
LF:13
LH:0
BRDA:22,0,0,0
BRDA:22,0,1,0
BRDA:36,1,0,0
BRDA:36,1,1,0
BRF:4
BRH:0
end_of_record
TN:
SF:client/src/lib/stores/useGameStore.tsx
FN:28,(anonymous_0)
FN:34,(anonymous_1)
FN:37,(anonymous_2)
FN:42,(anonymous_3)
FN:44,(anonymous_4)
FN:44,(anonymous_5)
FN:48,(anonymous_6)
FN:51,(anonymous_7)
FN:62,(anonymous_8)
FN:70,(anonymous_9)
FN:70,(anonymous_10)
FN:74,(anonymous_11)
FNF:12
FNH:12
FNDA:1,(anonymous_0)
FNDA:1,(anonymous_1)
FNDA:6,(anonymous_2)
FNDA:1,(anonymous_3)
FNDA:5,(anonymous_4)
FNDA:5,(anonymous_5)
FNDA:2,(anonymous_6)
FNDA:1,(anonymous_7)
FNDA:1,(anonymous_8)
FNDA:5,(anonymous_9)
FNDA:5,(anonymous_10)
FNDA:32,(anonymous_11)
DA:1,1
DA:2,1
DA:4,1
DA:26,1
DA:28,1
DA:34,1
DA:37,6
DA:42,1
DA:44,5
DA:49,2
DA:50,2
DA:51,1
DA:58,1
DA:62,1
DA:70,5
DA:74,32
LF:16
LH:16
BRDA:50,0,0,1
BRDA:50,0,1,1
BRDA:70,1,0,1
BRDA:70,1,1,4
BRDA:70,2,0,5
BRDA:70,2,1,5
BRF:6
BRH:6
end_of_record
TN:
SF:client/src/lib/stores/useHaptics.tsx
FN:17,(anonymous_0)
FN:21,(anonymous_1)
FN:22,(anonymous_2)
FN:24,(anonymous_3)
FN:36,(anonymous_4)
FN:41,(anonymous_5)
FN:46,(anonymous_6)
FN:51,(anonymous_7)
FN:56,(anonymous_8)
FN:61,(anonymous_9)
FNF:10
FNH:0
FNDA:0,(anonymous_0)
FNDA:0,(anonymous_1)
FNDA:0,(anonymous_2)
FNDA:0,(anonymous_3)
FNDA:0,(anonymous_4)
FNDA:0,(anonymous_5)
FNDA:0,(anonymous_6)
FNDA:0,(anonymous_7)
FNDA:0,(anonymous_8)
FNDA:0,(anonymous_9)
DA:1,0
DA:17,0
DA:21,0
DA:22,0
DA:25,0
DA:26,0
DA:28,0
DA:29,0
DA:31,0
DA:37,0
DA:42,0
DA:47,0
DA:52,0
DA:57,0
DA:62,0
LF:15
LH:0
BRDA:26,0,0,0
BRDA:26,0,1,0
BRDA:26,1,0,0
BRDA:26,1,1,0
BRF:4
BRH:0
end_of_record
TN:
SF:client/src/lib/stores/useScoreStore.tsx
FN:16,(anonymous_0)
FN:20,(anonymous_1)
FN:21,(anonymous_2)
FN:36,(anonymous_3)
FN:41,(anonymous_4)
FN:47,(anonymous_5)
FNF:6
FNH:0
FNDA:0,(anonymous_0)
FNDA:0,(anonymous_1)
FNDA:0,(anonymous_2)
FNDA:0,(anonymous_3)
FNDA:0,(anonymous_4)
FNDA:0,(anonymous_5)
DA:1,0
DA:2,0
DA:14,0
DA:16,0
DA:21,0
DA:22,0
DA:23,0
DA:25,0
DA:26,0
DA:29,0
DA:36,0
DA:42,0
DA:47,0
LF:13
LH:0
BRDA:25,0,0,0
BRDA:25,0,1,0
BRDA:25,1,0,0
BRDA:25,1,1,0
BRDA:42,2,0,0
BRDA:42,2,1,0
BRF:6
BRH:0
end_of_record
TN:
SF:client/src/lib/stores/useSettingsStore.tsx
FN:70,(anonymous_0)
FN:99,(anonymous_1)
FN:107,(anonymous_2)
FN:115,(anonymous_3)
FN:122,(anonymous_4)
FN:132,(anonymous_5)
FN:133,(anonymous_6)
FN:134,(anonymous_7)
FN:135,(anonymous_8)
FN:136,(anonymous_9)
FN:137,(anonymous_10)
FN:138,(anonymous_11)
FN:139,(anonymous_12)
FN:140,(anonymous_13)
FN:141,(anonymous_14)
FN:142,(anonymous_15)
FN:143,(anonymous_16)
FN:144,(anonymous_17)
FN:145,(anonymous_18)
FN:146,(anonymous_19)
FN:147,(anonymous_20)
FN:148,(anonymous_21)
FN:151,(anonymous_22)
FNF:23
FNH:0
FNDA:0,(anonymous_0)
FNDA:0,(anonymous_1)
FNDA:0,(anonymous_2)
FNDA:0,(anonymous_3)
FNDA:0,(anonymous_4)
FNDA:0,(anonymous_5)
FNDA:0,(anonymous_6)
FNDA:0,(anonymous_7)
FNDA:0,(anonymous_8)
FNDA:0,(anonymous_9)
FNDA:0,(anonymous_10)
FNDA:0,(anonymous_11)
FNDA:0,(anonymous_12)
FNDA:0,(anonymous_13)
FNDA:0,(anonymous_14)
FNDA:0,(anonymous_15)
FNDA:0,(anonymous_16)
FNDA:0,(anonymous_17)
FNDA:0,(anonymous_18)
FNDA:0,(anonymous_19)
FNDA:0,(anonymous_20)
FNDA:0,(anonymous_21)
FNDA:0,(anonymous_22)
DA:1,0
DA:70,0
DA:99,0
DA:107,0
DA:115,0
DA:122,0
DA:132,0
DA:133,0
DA:134,0
DA:135,0
DA:136,0
DA:137,0
DA:138,0
DA:139,0
DA:140,0
DA:141,0
DA:142,0
DA:143,0
DA:144,0
DA:145,0
DA:146,0
DA:147,0
DA:148,0
DA:152,0
DA:153,0
DA:154,0
LF:26
LH:0
BRDA:153,0,0,0
BRDA:153,0,1,0
BRF:2
BRH:0
end_of_record
TN:
SF:client/src/lib/stores/useTutorialStore.ts
FN:16,(anonymous_0)
FN:19,(anonymous_1)
FN:19,(anonymous_2)
FN:20,(anonymous_3)
FN:23,(anonymous_4)
FN:26,(anonymous_5)
FN:26,(anonymous_6)
FN:30,(anonymous_7)
FNF:8
FNH:0
FNDA:0,(anonymous_0)
FNDA:0,(anonymous_1)
FNDA:0,(anonymous_2)
FNDA:0,(anonymous_3)
FNDA:0,(anonymous_4)
FNDA:0,(anonymous_5)
FNDA:0,(anonymous_6)
FNDA:0,(anonymous_7)
DA:1,0
DA:2,0
DA:14,0
DA:16,0
DA:19,0
DA:21,0
DA:22,0
DA:23,0
DA:26,0
DA:30,0
LF:10
LH:0
BRDA:22,0,0,0
BRDA:22,0,1,0
BRF:2
BRH:0
end_of_record
TN:
SF:client/src/lib/utils/AdaptiveNarrativeDirector.ts
FN:20,(anonymous_0)
FN:37,(anonymous_1)
FN:42,(anonymous_2)
FN:46,(anonymous_3)
FN:48,(anonymous_4)
FN:49,(anonymous_5)
FN:69,(anonymous_6)
FNF:7
FNH:0
FNDA:0,(anonymous_0)
FNDA:0,(anonymous_1)
FNDA:0,(anonymous_2)
FNDA:0,(anonymous_3)
FNDA:0,(anonymous_4)
FNDA:0,(anonymous_5)
FNDA:0,(anonymous_6)
DA:16,0
DA:21,0
DA:29,0
DA:38,0
DA:39,0
DA:43,0
DA:48,0
DA:49,0
DA:52,0
DA:53,0
DA:54,0
DA:55,0
DA:56,0
DA:57,0
DA:58,0
DA:59,0
DA:62,0
DA:63,0
DA:64,0
DA:65,0
DA:71,0
DA:72,0
DA:74,0
DA:75,0
DA:77,0
LF:25
LH:0
BRDA:48,0,0,0
BRDA:48,0,1,0
BRDA:49,1,0,0
BRDA:49,1,1,0
BRDA:52,2,0,0
BRDA:52,2,1,0
BRDA:52,3,0,0
BRDA:52,3,1,0
BRDA:56,4,0,0
BRDA:56,4,1,0
BRDA:71,5,0,0
BRDA:71,5,1,0
BRDA:74,6,0,0
BRDA:74,6,1,0
BRF:14
BRH:0
end_of_record
TN:
SF:client/src/lib/utils/AssetLoader.ts
FN:9,(anonymous_7)
FN:37,(anonymous_8)
FN:45,(anonymous_10)
FN:50,(anonymous_11)
FN:76,(anonymous_13)
FN:98,(anonymous_15)
FN:99,(anonymous_17)
FN:102,(anonymous_18)
FN:103,(anonymous_19)
FN:108,(anonymous_20)
FN:109,(anonymous_22)
FN:112,(anonymous_23)
FN:113,(anonymous_24)
FN:118,(anonymous_25)
FN:126,(anonymous_27)
FN:135,(anonymous_29)
FN:144,(anonymous_31)
FN:146,(anonymous_33)
FN:150,(anonymous_34)
FN:167,(anonymous_35)
FN:169,(anonymous_36)
FNF:21
FNH:4
FNDA:9,(anonymous_7)
FNDA:0,(anonymous_8)
FNDA:0,(anonymous_10)
FNDA:0,(anonymous_11)
FNDA:0,(anonymous_13)
FNDA:0,(anonymous_15)
FNDA:0,(anonymous_17)
FNDA:0,(anonymous_18)
FNDA:0,(anonymous_19)
FNDA:0,(anonymous_20)
FNDA:0,(anonymous_22)
FNDA:0,(anonymous_23)
FNDA:0,(anonymous_24)
FNDA:0,(anonymous_25)
FNDA:0,(anonymous_27)
FNDA:0,(anonymous_29)
FNDA:0,(anonymous_31)
FNDA:0,(anonymous_33)
FNDA:3,(anonymous_34)
FNDA:5,(anonymous_35)
FNDA:12,(anonymous_36)
DA:9,1
DA:10,9
DA:11,9
DA:14,9
DA:38,0
DA:45,0
DA:46,0
DA:52,0
DA:53,0
DA:57,0
DA:58,0
DA:62,0
DA:63,0
DA:65,0
DA:66,0
DA:67,0
DA:68,0
DA:69,0
DA:71,0
DA:72,0
DA:77,0
DA:79,0
DA:83,0
DA:87,0
DA:90,0
DA:92,0
DA:94,0
DA:99,0
DA:100,0
DA:101,0
DA:102,0
DA:103,0
DA:104,0
DA:109,0
DA:110,0
DA:111,0
DA:112,0
DA:113,0
DA:114,0
DA:119,0
DA:120,0
DA:121,0
DA:123,0
DA:127,0
DA:128,0
DA:129,0
DA:131,0
DA:136,0
DA:137,0
DA:138,0
DA:140,0
DA:145,0
DA:146,0
DA:147,0
DA:152,3
DA:163,3
DA:168,5
DA:169,12
DA:170,5
DA:175,1
LF:60
LH:10
BRDA:52,0,0,0
BRDA:52,0,1,0
BRDA:57,1,0,0
BRDA:57,1,1,0
BRDA:77,2,0,0
BRDA:77,2,1,0
BRDA:77,3,0,0
BRDA:77,3,1,0
BRDA:79,4,0,0
BRDA:79,4,1,0
BRDA:79,4,2,0
BRDA:79,4,3,0
BRDA:79,4,4,0
BRDA:79,4,5,0
BRDA:79,4,6,0
BRDA:79,4,7,0
BRDA:79,4,8,0
BRDA:79,4,9,0
BRDA:120,5,0,0
BRDA:120,5,1,0
BRDA:128,6,0,0
BRDA:128,6,1,0
BRDA:137,7,0,0
BRDA:137,7,1,0
BRDA:163,8,0,3
BRDA:163,8,1,1
BRDA:170,9,0,4
BRDA:170,9,1,1
BRF:28
BRH:4
end_of_record
TN:
SF:client/src/lib/utils/GameRenderer.ts
FN:4,(anonymous_0)
FN:8,(anonymous_1)
FN:15,(anonymous_2)
FN:31,(anonymous_3)
FN:40,(anonymous_4)
FN:44,(anonymous_5)
FN:46,(anonymous_6)
FNF:7
FNH:0
FNDA:0,(anonymous_0)
FNDA:0,(anonymous_1)
FNDA:0,(anonymous_2)
FNDA:0,(anonymous_3)
FNDA:0,(anonymous_4)
FNDA:0,(anonymous_5)
FNDA:0,(anonymous_6)
DA:1,0
DA:5,0
DA:9,0
DA:10,0
DA:11,0
DA:12,0
DA:16,0
DA:17,0
DA:18,0
DA:20,0
DA:21,0
DA:22,0
DA:24,0
DA:25,0
DA:28,0
DA:32,0
DA:33,0
DA:34,0
DA:35,0
DA:36,0
DA:37,0
DA:41,0
DA:45,0
DA:46,0
DA:47,0
DA:50,0
DA:51,0
DA:52,0
DA:53,0
LF:29
LH:0
BRDA:15,0,0,0
BRDA:20,1,0,0
BRDA:20,1,1,0
BRDA:31,2,0,0
BRDA:31,3,0,0
BRDA:31,4,0,0
BRF:6
BRH:0
end_of_record
TN:
SF:client/src/lib/utils/InputHandler.ts
FN:5,(anonymous_0)
FN:9,(anonymous_1)
FN:10,(anonymous_2)
FN:15,(anonymous_3)
FN:21,(anonymous_4)
FN:25,(anonymous_5)
FN:33,(anonymous_6)
FN:41,(anonymous_7)
FN:45,(anonymous_8)
FN:49,(anonymous_9)
FNF:10
FNH:0
FNDA:0,(anonymous_0)
FNDA:0,(anonymous_1)
FNDA:0,(anonymous_2)
FNDA:0,(anonymous_3)
FNDA:0,(anonymous_4)
FNDA:0,(anonymous_5)
FNDA:0,(anonymous_6)
FNDA:0,(anonymous_7)
FNDA:0,(anonymous_8)
FNDA:0,(anonymous_9)
DA:1,0
DA:2,0
DA:3,0
DA:6,0
DA:10,0
DA:11,0
DA:12,0
DA:15,0
DA:16,0
DA:17,0
DA:22,0
DA:26,0
DA:27,0
DA:28,0
DA:30,0
DA:34,0
DA:35,0
DA:36,0
DA:38,0
DA:42,0
DA:43,0
DA:44,0
DA:45,0
DA:50,0
DA:51,0
LF:25
LH:0
BRDA:27,0,0,0
BRDA:27,0,1,0
BRDA:35,1,0,0
BRDA:35,1,1,0
BRDA:44,2,0,0
BRDA:44,2,1,0
BRF:6
BRH:0
end_of_record
TN:
SF:client/src/lib/utils/ParticleSystem.ts
FN:28,(anonymous_13)
FN:33,(anonymous_14)
FN:93,(anonymous_15)
FN:93,(anonymous_16)
FN:95,(anonymous_17)
FN:113,(anonymous_18)
FN:133,(anonymous_19)
FN:149,(anonymous_20)
FN:184,(anonymous_21)
FN:207,(anonymous_22)
FN:208,(anonymous_23)
FN:216,(anonymous_24)
FN:272,(anonymous_25)
FN:286,(anonymous_26)
FN:295,(anonymous_27)
FN:300,(anonymous_28)
FNF:16
FNH:0
FNDA:0,(anonymous_13)
FNDA:0,(anonymous_14)
FNDA:0,(anonymous_15)
FNDA:0,(anonymous_16)
FNDA:0,(anonymous_17)
FNDA:0,(anonymous_18)
FNDA:0,(anonymous_19)
FNDA:0,(anonymous_20)
FNDA:0,(anonymous_21)
FNDA:0,(anonymous_22)
FNDA:0,(anonymous_23)
FNDA:0,(anonymous_24)
FNDA:0,(anonymous_25)
FNDA:0,(anonymous_26)
FNDA:0,(anonymous_27)
FNDA:0,(anonymous_28)
DA:22,0
DA:23,0
DA:24,0
DA:29,0
DA:30,0
DA:34,0
DA:35,0
DA:36,0
DA:40,0
DA:44,0
DA:45,0
DA:46,0
DA:47,0
DA:48,0
DA:51,0
DA:52,0
DA:53,0
DA:54,0
DA:55,0
DA:56,0
DA:57,0
DA:58,0
DA:59,0
DA:62,0
DA:63,0
DA:64,0
DA:65,0
DA:66,0
DA:67,0
DA:70,0
DA:71,0
DA:72,0
DA:76,0
DA:80,0
DA:81,0
DA:84,0
DA:88,0
DA:89,0
DA:93,0
DA:94,0
DA:95,0
DA:96,0
DA:97,0
DA:99,0
DA:100,0
DA:101,0
DA:102,0
DA:105,0
DA:115,0
DA:116,0
DA:118,0
DA:119,0
DA:120,0
DA:121,0
DA:122,0
DA:123,0
DA:124,0
DA:125,0
DA:126,0
DA:127,0
DA:128,0
DA:130,0
DA:134,0
DA:135,0
DA:136,0
DA:137,0
DA:138,0
DA:139,0
DA:140,0
DA:141,0
DA:142,0
DA:143,0
DA:144,0
DA:145,0
DA:146,0
DA:151,0
DA:152,0
DA:153,0
DA:156,0
DA:157,0
DA:160,0
DA:161,0
DA:165,0
DA:166,0
DA:170,0
DA:171,0
DA:172,0
DA:173,0
DA:175,0
DA:176,0
DA:177,0
DA:182,0
DA:183,0
DA:184,0
DA:188,0
DA:189,0
DA:190,0
DA:193,0
DA:196,0
DA:198,0
DA:199,0
DA:201,0
DA:204,0
DA:208,0
DA:209,0
DA:211,0
DA:214,0
DA:215,0
DA:216,0
DA:217,0
DA:218,0
DA:219,0
DA:220,0
DA:221,0
DA:222,0
DA:227,0
DA:230,0
DA:231,0
DA:232,0
DA:235,0
DA:238,0
DA:241,0
DA:242,0
DA:243,0
DA:244,0
DA:248,0
DA:249,0
DA:250,0
DA:251,0
DA:255,0
DA:256,0
DA:257,0
DA:258,0
DA:259,0
DA:263,0
DA:264,0
DA:265,0
DA:268,0
DA:274,0
DA:275,0
DA:277,0
DA:279,0
DA:280,0
DA:281,0
DA:283,0
DA:287,0
DA:288,0
DA:296,0
DA:297,0
DA:301,0
DA:302,0
DA:304,0
DA:305,0
DA:308,0
LF:154
LH:0
BRDA:28,0,0,0
BRDA:33,1,0,0
BRDA:33,2,0,0
BRDA:33,3,0,0
BRDA:34,4,0,0
BRDA:34,4,1,0
BRDA:35,5,0,0
BRDA:35,5,1,0
BRDA:35,6,0,0
BRDA:35,6,1,0
BRDA:40,7,0,0
BRDA:40,7,1,0
BRDA:41,8,0,0
BRDA:41,8,1,0
BRDA:48,9,0,0
BRDA:48,9,1,0
BRDA:70,10,0,0
BRDA:70,10,1,0
BRDA:70,11,0,0
BRDA:70,11,1,0
BRDA:80,12,0,0
BRDA:80,12,1,0
BRDA:80,13,0,0
BRDA:80,13,1,0
BRDA:88,14,0,0
BRDA:88,14,1,0
BRDA:88,15,0,0
BRDA:88,15,1,0
BRDA:89,16,0,0
BRDA:89,16,1,0
BRDA:97,17,0,0
BRDA:97,17,1,0
BRDA:99,18,0,0
BRDA:99,18,1,0
BRDA:101,19,0,0
BRDA:101,19,1,0
BRDA:116,20,0,0
BRDA:116,20,1,0
BRDA:133,21,0,0
BRDA:135,22,0,0
BRDA:135,22,1,0
BRDA:160,23,0,0
BRDA:160,23,1,0
BRDA:160,24,0,0
BRDA:160,24,1,0
BRDA:165,25,0,0
BRDA:165,25,1,0
BRDA:170,26,0,0
BRDA:170,26,1,0
BRDA:170,27,0,0
BRDA:170,27,1,0
BRDA:171,28,0,0
BRDA:171,28,1,0
BRDA:171,29,0,0
BRDA:171,29,1,0
BRDA:175,30,0,0
BRDA:175,30,1,0
BRDA:182,31,0,0
BRDA:182,31,1,0
BRDA:188,32,0,0
BRDA:188,32,1,0
BRDA:196,33,0,0
BRDA:196,33,1,0
BRDA:196,34,0,0
BRDA:196,34,1,0
BRDA:196,34,2,0
BRDA:196,34,3,0
BRDA:198,35,0,0
BRDA:198,35,1,0
BRDA:214,36,0,0
BRDA:214,36,1,0
BRDA:214,37,0,0
BRDA:214,37,1,0
BRDA:230,38,0,0
BRDA:230,38,1,0
BRDA:230,39,0,0
BRDA:230,39,1,0
BRDA:238,40,0,0
BRDA:238,40,1,0
BRDA:238,40,2,0
BRDA:238,40,3,0
BRDA:249,41,0,0
BRDA:249,41,1,0
BRDA:277,42,0,0
BRDA:277,42,1,0
BRDA:277,43,0,0
BRDA:277,43,1,0
BRDA:288,44,0,0
BRDA:288,44,1,0
BRDA:301,45,0,0
BRDA:301,45,1,0
BRDA:304,46,0,0
BRDA:304,46,1,0
BRF:93
BRH:0
end_of_record
TN:
SF:client/src/lib/utils/PerformanceMonitor.ts
FN:18,(anonymous_0)
FN:23,(anonymous_1)
FN:31,(anonymous_2)
FN:35,(anonymous_3)
FN:52,(anonymous_4)
FN:76,(anonymous_5)
FN:93,(anonymous_6)
FN:97,(anonymous_7)
FN:99,(anonymous_8)
FN:103,(anonymous_9)
FN:116,(anonymous_10)
FNF:11
FNH:0
FNDA:0,(anonymous_0)
FNDA:0,(anonymous_1)
FNDA:0,(anonymous_2)
FNDA:0,(anonymous_3)
FNDA:0,(anonymous_4)
FNDA:0,(anonymous_5)
FNDA:0,(anonymous_6)
FNDA:0,(anonymous_7)
FNDA:0,(anonymous_8)
FNDA:0,(anonymous_9)
FNDA:0,(anonymous_10)
DA:10,0
DA:11,0
DA:12,0
DA:13,0
DA:14,0
DA:15,0
DA:19,0
DA:20,0
DA:24,0
DA:25,0
DA:26,0
DA:27,0
DA:28,0
DA:32,0
DA:36,0
DA:38,0
DA:39,0
DA:40,0
DA:43,0
DA:44,0
DA:45,0
DA:48,0
DA:51,0
DA:52,0
DA:53,0
DA:56,0
DA:57,0
DA:59,0
DA:67,0
DA:68,0
DA:72,0
DA:78,0
DA:79,0
DA:83,0
DA:84,0
DA:88,0
DA:89,0
DA:94,0
DA:98,0
DA:99,0
DA:104,0
DA:105,0
DA:111,0
DA:117,0
DA:118,0
DA:124,0
DA:130,0
LF:47
LH:0
BRDA:36,0,0,0
BRDA:36,0,1,0
BRDA:44,1,0,0
BRDA:44,1,1,0
BRDA:51,2,0,0
BRDA:51,2,1,0
BRDA:57,3,0,0
BRDA:57,3,1,0
BRDA:67,4,0,0
BRDA:67,4,1,0
BRDA:78,5,0,0
BRDA:78,5,1,0
BRDA:83,6,0,0
BRDA:83,6,1,0
BRDA:88,7,0,0
BRDA:88,7,1,0
BRDA:88,8,0,0
BRDA:88,8,1,0
BRDA:98,9,0,0
BRDA:98,9,1,0
BRDA:104,10,0,0
BRDA:104,10,1,0
BRDA:117,11,0,0
BRDA:117,11,1,0
BRF:24
BRH:0
end_of_record
TN:
SF:client/src/lib/utils/Physics.ts
FN:7,(anonymous_0)
FN:13,(anonymous_1)
FN:19,(anonymous_2)
FN:23,(anonymous_3)
FN:27,(anonymous_4)
FN:31,(anonymous_5)
FN:36,(anonymous_6)
FN:43,(anonymous_7)
FN:50,(anonymous_8)
FNF:9
FNH:0
FNDA:0,(anonymous_0)
FNDA:0,(anonymous_1)
FNDA:0,(anonymous_2)
FNDA:0,(anonymous_3)
FNDA:0,(anonymous_4)
FNDA:0,(anonymous_5)
FNDA:0,(anonymous_6)
FNDA:0,(anonymous_7)
FNDA:0,(anonymous_8)
DA:6,0
DA:8,0
DA:9,0
DA:10,0
DA:14,0
DA:15,0
DA:16,0
DA:20,0
DA:24,0
DA:28,0
DA:32,0
DA:33,0
DA:37,0
DA:44,0
DA:51,0
LF:15
LH:0
BRDA:15,0,0,0
BRDA:15,0,1,0
BRDA:37,1,0,0
BRDA:37,1,1,0
BRDA:37,1,2,0
BRDA:37,1,3,0
BRF:6
BRH:0
end_of_record
TN:
SF:client/src/lib/utils/VisualFeedback.ts
FN:27,(anonymous_0)
FN:31,(anonymous_1)
FN:42,(anonymous_2)
FN:46,(anonymous_3)
FN:50,(anonymous_4)
FN:78,(anonymous_5)
FNF:6
FNH:0
FNDA:0,(anonymous_0)
FNDA:0,(anonymous_1)
FNDA:0,(anonymous_2)
FNDA:0,(anonymous_3)
FNDA:0,(anonymous_4)
FNDA:0,(anonymous_5)
DA:21,0
DA:23,0
DA:24,0
DA:25,0
DA:28,0
DA:32,0
DA:43,0
DA:47,0
DA:52,0
DA:53,0
DA:54,0
DA:55,0
DA:56,0
DA:57,0
DA:62,0
DA:63,0
DA:64,0
DA:65,0
DA:70,0
DA:71,0
DA:72,0
DA:73,0
DA:79,0
DA:80,0
DA:81,0
DA:82,0
DA:85,0
DA:86,0
DA:87,0
DA:91,0
DA:92,0
DA:93,0
DA:94,0
DA:95,0
DA:99,0
DA:100,0
DA:101,0
DA:102,0
DA:103,0
DA:104,0
DA:105,0
DA:106,0
DA:107,0
DA:108,0
DA:111,0
LF:45
LH:0
BRDA:31,0,0,0
BRDA:56,1,0,0
BRDA:56,1,1,0
BRDA:62,2,0,0
BRDA:62,2,1,0
BRDA:64,3,0,0
BRDA:64,3,1,0
BRDA:72,4,0,0
BRDA:72,4,1,0
BRDA:91,5,0,0
BRDA:91,5,1,0
BRDA:91,6,0,0
BRDA:91,6,1,0
BRF:13
BRH:0
end_of_record
