TN:
SF:client/src/hooks/use-is-mobile.tsx
FN:5,useIsMobile
FN:8,(anonymous_7)
FN:10,(anonymous_8)
FN:15,(anonymous_9)
FNF:4
FNH:0
FNDA:0,useIsMobile
FNDA:0,(anonymous_7)
FNDA:0,(anonymous_8)
FNDA:0,(anonymous_9)
DA:1,0
DA:3,0
DA:5,0
DA:6,0
DA:8,0
DA:9,0
DA:10,0
DA:11,0
DA:13,0
DA:14,0
DA:15,0
DA:18,0
LF:12
LH:0
BRF:0
BRH:0
end_of_record
TN:
SF:client/src/hooks/use-pwa.ts
FN:8,usePWA
FN:14,(anonymous_8)
FN:21,(anonymous_9)
FN:28,(anonymous_10)
FN:35,(anonymous_11)
FN:36,(anonymous_12)
FN:43,(anonymous_13)
FN:51,(anonymous_14)
FN:51,(anonymous_15)
FNF:9
FNH:0
FNDA:0,usePWA
FNDA:0,(anonymous_8)
FNDA:0,(anonymous_9)
FNDA:0,(anonymous_10)
FNDA:0,(anonymous_11)
FNDA:0,(anonymous_12)
FNDA:0,(anonymous_13)
FNDA:0,(anonymous_14)
FNDA:0,(anonymous_15)
DA:1,0
DA:8,0
DA:9,0
DA:10,0
DA:11,0
DA:12,0
DA:14,0
DA:16,0
DA:17,0
DA:18,0
DA:21,0
DA:22,0
DA:23,0
DA:24,0
DA:28,0
DA:29,0
DA:30,0
DA:31,0
DA:35,0
DA:36,0
DA:38,0
DA:39,0
DA:40,0
DA:41,0
DA:43,0
DA:44,0
DA:45,0
DA:46,0
DA:47,0
DA:51,0
DA:52,0
DA:54,0
DA:55,0
DA:56,0
DA:58,0
DA:59,0
DA:60,0
DA:61,0
DA:64,0
DA:67,0
DA:70,0
LF:41
LH:0
BRDA:18,0,0,0
BRDA:18,0,1,0
BRDA:52,1,0,0
BRDA:52,1,1,0
BRDA:58,2,0,0
BRDA:58,2,1,0
BRDA:75,3,0,0
BRDA:75,3,1,0
BRDA:75,3,2,0
BRF:9
BRH:0
end_of_record
TN:
SF:client/src/lib/queryClient.ts
FN:3,throwIfResNotOk
FN:10,apiRequest
FN:30,(anonymous_11)
FN:31,(anonymous_12)
FN:31,(anonymous_13)
FNF:5
FNH:0
FNDA:0,throwIfResNotOk
FNDA:0,apiRequest
FNDA:0,(anonymous_11)
FNDA:0,(anonymous_12)
FNDA:0,(anonymous_13)
DA:1,0
DA:4,0
DA:5,0
DA:6,0
DA:10,0
DA:15,0
DA:22,0
DA:23,0
DA:27,0
DA:30,0
DA:31,0
DA:32,0
DA:36,0
DA:37,0
DA:40,0
DA:41,0
DA:44,0
LF:17
LH:0
BRDA:4,0,0,0
BRDA:4,0,1,0
BRDA:5,1,0,0
BRDA:5,1,1,0
BRDA:17,2,0,0
BRDA:17,2,1,0
BRDA:18,3,0,0
BRDA:18,3,1,0
BRDA:36,4,0,0
BRDA:36,4,1,0
BRDA:36,5,0,0
BRDA:36,5,1,0
BRF:12
BRH:0
end_of_record
TN:
SF:client/src/lib/utils.ts
FN:4,cn
FN:8,(anonymous_1)
FN:17,(anonymous_2)
FNF:3
FNH:0
FNDA:0,cn
FNDA:0,(anonymous_1)
FNDA:0,(anonymous_2)
DA:1,0
DA:2,0
DA:4,0
DA:5,0
DA:8,0
DA:9,0
DA:10,0
DA:11,0
DA:13,0
DA:17,0
DA:18,0
DA:19,0
DA:21,0
DA:25,0
LF:14
LH:0
BRDA:11,0,0,0
BRDA:11,0,1,0
BRF:2
BRH:0
end_of_record
TN:
SF:client/src/lib/controls/MobileControls.ts
FN:26,(anonymous_0)
FN:41,(anonymous_1)
FN:54,(anonymous_2)
FN:111,(anonymous_3)
FN:129,(anonymous_4)
FN:155,(anonymous_5)
FN:185,(anonymous_6)
FN:204,(anonymous_7)
FN:227,(anonymous_8)
FN:252,(anonymous_9)
FN:266,(anonymous_10)
FN:284,(anonymous_11)
FN:288,(anonymous_12)
FN:293,(anonymous_13)
FN:299,(anonymous_14)
FNF:15
FNH:0
FNDA:0,(anonymous_0)
FNDA:0,(anonymous_1)
FNDA:0,(anonymous_2)
FNDA:0,(anonymous_3)
FNDA:0,(anonymous_4)
FNDA:0,(anonymous_5)
FNDA:0,(anonymous_6)
FNDA:0,(anonymous_7)
FNDA:0,(anonymous_8)
FNDA:0,(anonymous_9)
FNDA:0,(anonymous_10)
FNDA:0,(anonymous_11)
FNDA:0,(anonymous_12)
FNDA:0,(anonymous_13)
FNDA:0,(anonymous_14)
DA:1,0
DA:10,0
DA:14,0
DA:15,0
DA:18,0
DA:27,0
DA:28,0
DA:29,0
DA:36,0
DA:37,0
DA:38,0
DA:42,0
DA:43,0
DA:44,0
DA:46,0
DA:49,0
DA:50,0
DA:55,0
DA:56,0
DA:57,0
DA:60,0
DA:68,0
DA:76,0
DA:84,0
DA:92,0
DA:100,0
DA:105,0
DA:113,0
DA:114,0
DA:115,0
DA:118,0
DA:119,0
DA:120,0
DA:121,0
DA:125,0
DA:126,0
DA:130,0
DA:132,0
DA:134,0
DA:137,0
DA:139,0
DA:142,0
DA:144,0
DA:147,0
DA:149,0
DA:152,0
DA:156,0
DA:158,0
DA:159,0
DA:160,0
DA:162,0
DA:163,0
DA:165,0
DA:167,0
DA:168,0
DA:170,0
DA:171,0
DA:173,0
DA:174,0
DA:175,0
DA:177,0
DA:178,0
DA:179,0
DA:186,0
DA:188,0
DA:189,0
DA:190,0
DA:192,0
DA:193,0
DA:194,0
DA:195,0
DA:196,0
DA:197,0
DA:198,0
DA:199,0
DA:205,0
DA:207,0
DA:208,0
DA:209,0
DA:211,0
DA:212,0
DA:213,0
DA:214,0
DA:215,0
DA:216,0
DA:217,0
DA:218,0
DA:219,0
DA:222,0
DA:228,0
DA:230,0
DA:231,0
DA:233,0
DA:235,0
DA:236,0
DA:238,0
DA:239,0
DA:241,0
DA:242,0
DA:243,0
DA:245,0
DA:246,0
DA:247,0
DA:253,0
DA:255,0
DA:256,0
DA:257,0
DA:258,0
DA:259,0
DA:260,0
DA:261,0
DA:262,0
DA:267,0
DA:269,0
DA:270,0
DA:271,0
DA:272,0
DA:273,0
DA:274,0
DA:275,0
DA:276,0
DA:277,0
DA:280,0
DA:285,0
DA:289,0
DA:294,0
DA:295,0
DA:300,0
DA:301,0
DA:302,0
DA:304,0
DA:305,0
DA:306,0
DA:307,0
DA:310,0
DA:311,0
DA:313,0
LF:137
LH:0
BRDA:43,0,0,0
BRDA:43,0,1,0
BRDA:46,1,0,0
BRDA:46,1,1,0
BRDA:49,2,0,0
BRDA:49,2,1,0
BRDA:118,3,0,0
BRDA:118,3,1,0
BRDA:132,4,0,0
BRDA:132,4,1,0
BRDA:132,5,0,0
BRDA:132,5,1,0
BRDA:132,5,2,0
BRDA:132,5,3,0
BRDA:137,6,0,0
BRDA:137,6,1,0
BRDA:137,7,0,0
BRDA:137,7,1,0
BRDA:137,7,2,0
BRDA:137,7,3,0
BRDA:142,8,0,0
BRDA:142,8,1,0
BRDA:142,9,0,0
BRDA:142,9,1,0
BRDA:142,9,2,0
BRDA:142,9,3,0
BRDA:147,10,0,0
BRDA:147,10,1,0
BRDA:147,11,0,0
BRDA:147,11,1,0
BRDA:147,11,2,0
BRDA:147,11,3,0
BRDA:162,12,0,0
BRDA:162,12,1,0
BRDA:165,13,0,0
BRDA:165,13,1,0
BRDA:165,13,2,0
BRDA:165,13,3,0
BRDA:192,14,0,0
BRDA:192,14,1,0
BRDA:196,15,0,0
BRDA:196,15,1,0
BRDA:211,16,0,0
BRDA:211,16,1,0
BRDA:214,17,0,0
BRDA:214,17,1,0
BRDA:216,18,0,0
BRDA:216,18,1,0
BRDA:218,19,0,0
BRDA:218,19,1,0
BRDA:230,20,0,0
BRDA:230,20,1,0
BRDA:233,21,0,0
BRDA:233,21,1,0
BRDA:233,21,2,0
BRDA:233,21,3,0
BRDA:255,22,0,0
BRDA:255,22,1,0
BRDA:259,23,0,0
BRDA:259,23,1,0
BRDA:269,24,0,0
BRDA:269,24,1,0
BRDA:272,25,0,0
BRDA:272,25,1,0
BRDA:274,26,0,0
BRDA:274,26,1,0
BRDA:276,27,0,0
BRDA:276,27,1,0
BRDA:304,28,0,0
BRDA:304,28,1,0
BRF:70
BRH:0
end_of_record
TN:
SF:client/src/lib/controls/VirtualStick.ts
FN:31,(anonymous_0)
FN:40,(anonymous_1)
FN:45,(anonymous_2)
FN:53,(anonymous_3)
FN:59,(anonymous_4)
FN:65,(anonymous_5)
FN:69,(anonymous_6)
FNF:7
FNH:0
FNDA:0,(anonymous_0)
FNDA:0,(anonymous_1)
FNDA:0,(anonymous_2)
FNDA:0,(anonymous_3)
FNDA:0,(anonymous_4)
FNDA:0,(anonymous_5)
FNDA:0,(anonymous_6)
DA:17,0
DA:18,0
DA:19,0
DA:20,0
DA:21,0
DA:22,0
DA:23,0
DA:24,0
DA:28,0
DA:29,0
DA:32,0
DA:33,0
DA:34,0
DA:35,0
DA:36,0
DA:41,0
DA:42,0
DA:46,0
DA:47,0
DA:48,0
DA:49,0
DA:50,0
DA:54,0
DA:55,0
DA:56,0
DA:60,0
DA:61,0
DA:62,0
DA:66,0
DA:70,0
DA:72,0
DA:73,0
DA:74,0
DA:75,0
DA:84,0
DA:85,0
DA:86,0
DA:87,0
DA:88,0
DA:89,0
DA:90,0
DA:92,0
DA:93,0
DA:94,0
DA:95,0
DA:97,0
DA:98,0
DA:101,0
DA:103,0
LF:49
LH:0
BRDA:32,0,0,0
BRDA:32,0,1,0
BRDA:32,1,0,0
BRDA:32,1,1,0
BRDA:32,2,0,0
BRDA:32,2,1,0
BRDA:32,3,0,0
BRDA:32,3,1,0
BRDA:33,4,0,0
BRDA:33,4,1,0
BRDA:33,5,0,0
BRDA:33,5,1,0
BRDA:33,6,0,0
BRDA:33,6,1,0
BRDA:33,7,0,0
BRDA:33,7,1,0
BRDA:34,8,0,0
BRDA:34,8,1,0
BRDA:34,9,0,0
BRDA:34,9,1,0
BRDA:34,10,0,0
BRDA:34,10,1,0
BRDA:34,11,0,0
BRDA:34,11,1,0
BRDA:35,12,0,0
BRDA:35,12,1,0
BRDA:35,13,0,0
BRDA:35,13,1,0
BRDA:35,14,0,0
BRDA:35,14,1,0
BRDA:35,15,0,0
BRDA:35,15,1,0
BRDA:36,16,0,0
BRDA:36,16,1,0
BRDA:36,17,0,0
BRDA:36,17,1,0
BRDA:36,18,0,0
BRDA:36,18,1,0
BRDA:36,19,0,0
BRDA:36,19,1,0
BRDA:54,20,0,0
BRDA:54,20,1,0
BRDA:70,21,0,0
BRDA:70,21,1,0
BRDA:88,22,0,0
BRDA:88,22,1,0
BRDA:93,23,0,0
BRDA:93,23,1,0
BRDA:107,24,0,0
BRDA:107,24,1,0
BRF:50
BRH:0
end_of_record
TN:
SF:client/src/lib/cultural/CulturalData.ts
FN:79,getCulturalInfo
FN:83,getAllCultures
FNF:2
FNH:0
FNDA:0,getCulturalInfo
FNDA:0,getAllCultures
DA:9,0
DA:79,0
DA:80,0
DA:83,0
DA:84,0
LF:5
LH:0
BRDA:80,0,0,0
BRDA:80,0,1,0
BRF:2
BRH:0
end_of_record
TN:
SF:client/src/lib/games/AsteroidsGame.ts
FN:37,(anonymous_0)
FN:76,(anonymous_1)
FN:91,(anonymous_2)
FN:106,(anonymous_3)
FN:122,(anonymous_4)
FN:133,(anonymous_5)
FN:156,(anonymous_6)
FN:315,(anonymous_7)
FN:321,(anonymous_8)
FN:342,(anonymous_9)
FN:353,(anonymous_10)
FN:368,(anonymous_11)
FN:399,(anonymous_12)
FN:405,(anonymous_13)
FN:432,(anonymous_14)
FN:456,(anonymous_15)
FN:463,(anonymous_16)
FN:473,(anonymous_17)
FN:476,(anonymous_18)
FN:479,(anonymous_19)
FN:482,(anonymous_20)
FN:557,(anonymous_21)
FN:571,(anonymous_22)
FN:612,(anonymous_23)
FN:643,(anonymous_24)
FN:656,(anonymous_25)
FN:668,(anonymous_26)
FN:685,(anonymous_27)
FN:722,(anonymous_28)
FN:728,(anonymous_29)
FN:739,(anonymous_30)
FN:748,(anonymous_31)
FN:768,(anonymous_32)
FN:779,(anonymous_33)
FN:787,(anonymous_34)
FN:794,(anonymous_35)
FN:795,(anonymous_36)
FN:801,(anonymous_37)
FN:808,(anonymous_38)
FNF:39
FNH:0
FNDA:0,(anonymous_0)
FNDA:0,(anonymous_1)
FNDA:0,(anonymous_2)
FNDA:0,(anonymous_3)
FNDA:0,(anonymous_4)
FNDA:0,(anonymous_5)
FNDA:0,(anonymous_6)
FNDA:0,(anonymous_7)
FNDA:0,(anonymous_8)
FNDA:0,(anonymous_9)
FNDA:0,(anonymous_10)
FNDA:0,(anonymous_11)
FNDA:0,(anonymous_12)
FNDA:0,(anonymous_13)
FNDA:0,(anonymous_14)
FNDA:0,(anonymous_15)
FNDA:0,(anonymous_16)
FNDA:0,(anonymous_17)
FNDA:0,(anonymous_18)
FNDA:0,(anonymous_19)
FNDA:0,(anonymous_20)
FNDA:0,(anonymous_21)
FNDA:0,(anonymous_22)
FNDA:0,(anonymous_23)
FNDA:0,(anonymous_24)
FNDA:0,(anonymous_25)
FNDA:0,(anonymous_26)
FNDA:0,(anonymous_27)
FNDA:0,(anonymous_28)
FNDA:0,(anonymous_29)
FNDA:0,(anonymous_30)
FNDA:0,(anonymous_31)
FNDA:0,(anonymous_32)
FNDA:0,(anonymous_33)
FNDA:0,(anonymous_34)
FNDA:0,(anonymous_35)
FNDA:0,(anonymous_36)
FNDA:0,(anonymous_37)
FNDA:0,(anonymous_38)
DA:1,0
DA:2,0
DA:37,0
DA:39,0
DA:40,0
DA:41,0
DA:42,0
DA:43,0
DA:44,0
DA:45,0
DA:46,0
DA:47,0
DA:48,0
DA:49,0
DA:50,0
DA:58,0
DA:59,0
DA:60,0
DA:61,0
DA:62,0
DA:63,0
DA:64,0
DA:65,0
DA:67,0
DA:68,0
DA:69,0
DA:70,0
DA:71,0
DA:72,0
DA:73,0
DA:74,0
DA:78,0
DA:88,0
DA:92,0
DA:93,0
DA:95,0
DA:96,0
DA:100,0
DA:101,0
DA:102,0
DA:107,0
DA:119,0
DA:123,0
DA:124,0
DA:125,0
DA:126,0
DA:127,0
DA:128,0
DA:129,0
DA:135,0
DA:136,0
DA:137,0
DA:138,0
DA:143,0
DA:144,0
DA:145,0
DA:146,0
DA:147,0
DA:151,0
DA:152,0
DA:155,0
DA:156,0
DA:157,0
DA:161,0
DA:165,0
DA:168,0
DA:169,0
DA:170,0
DA:171,0
DA:173,0
DA:180,0
DA:184,0
DA:185,0
DA:186,0
DA:187,0
DA:192,0
DA:193,0
DA:194,0
DA:195,0
DA:196,0
DA:198,0
DA:199,0
DA:200,0
DA:204,0
DA:205,0
DA:206,0
DA:207,0
DA:208,0
DA:209,0
DA:210,0
DA:213,0
DA:214,0
DA:215,0
DA:218,0
DA:224,0
DA:225,0
DA:226,0
DA:227,0
DA:228,0
DA:229,0
DA:230,0
DA:231,0
DA:232,0
DA:237,0
DA:238,0
DA:242,0
DA:243,0
DA:248,0
DA:249,0
DA:250,0
DA:251,0
DA:252,0
DA:257,0
DA:258,0
DA:264,0
DA:265,0
DA:268,0
DA:271,0
DA:272,0
DA:274,0
DA:275,0
DA:277,0
DA:279,0
DA:280,0
DA:282,0
DA:283,0
DA:284,0
DA:285,0
DA:286,0
DA:287,0
DA:288,0
DA:290,0
DA:292,0
DA:293,0
DA:294,0
DA:295,0
DA:296,0
DA:298,0
DA:302,0
DA:303,0
DA:304,0
DA:308,0
DA:311,0
DA:312,0
DA:315,0
DA:316,0
DA:317,0
DA:321,0
DA:322,0
DA:323,0
DA:324,0
DA:328,0
DA:331,0
DA:332,0
DA:333,0
DA:334,0
DA:335,0
DA:339,0
DA:343,0
DA:344,0
DA:347,0
DA:348,0
DA:349,0
DA:350,0
DA:354,0
DA:365,0
DA:370,0
DA:371,0
DA:382,0
DA:383,0
DA:384,0
DA:385,0
DA:386,0
DA:387,0
DA:388,0
DA:392,0
DA:393,0
DA:394,0
DA:400,0
DA:402,0
DA:407,0
DA:408,0
DA:409,0
DA:410,0
DA:413,0
DA:416,0
DA:417,0
DA:418,0
DA:422,0
DA:423,0
DA:424,0
DA:425,0
DA:426,0
DA:432,0
DA:433,0
DA:434,0
DA:435,0
DA:437,0
DA:438,0
DA:439,0
DA:441,0
DA:443,0
DA:444,0
DA:445,0
DA:448,0
DA:449,0
DA:457,0
DA:458,0
DA:459,0
DA:460,0
DA:464,0
DA:467,0
DA:470,0
DA:473,0
DA:476,0
DA:479,0
DA:482,0
DA:483,0
DA:484,0
DA:485,0
DA:486,0
DA:487,0
DA:488,0
DA:489,0
DA:490,0
DA:494,0
DA:495,0
DA:498,0
DA:499,0
DA:501,0
DA:502,0
DA:503,0
DA:504,0
DA:505,0
DA:509,0
DA:510,0
DA:511,0
DA:512,0
DA:513,0
DA:514,0
DA:517,0
DA:518,0
DA:519,0
DA:520,0
DA:521,0
DA:524,0
DA:525,0
DA:529,0
DA:531,0
DA:532,0
DA:533,0
DA:537,0
DA:540,0
DA:543,0
DA:544,0
DA:545,0
DA:546,0
DA:547,0
DA:548,0
DA:549,0
DA:550,0
DA:551,0
DA:552,0
DA:553,0
DA:559,0
DA:560,0
DA:563,0
DA:564,0
DA:565,0
DA:566,0
DA:567,0
DA:572,0
DA:573,0
DA:574,0
DA:576,0
DA:577,0
DA:578,0
DA:579,0
DA:580,0
DA:581,0
DA:585,0
DA:586,0
DA:587,0
DA:590,0
DA:591,0
DA:592,0
DA:593,0
DA:594,0
DA:595,0
DA:596,0
DA:597,0
DA:600,0
DA:601,0
DA:602,0
DA:603,0
DA:604,0
DA:605,0
DA:606,0
DA:609,0
DA:613,0
DA:614,0
DA:615,0
DA:618,0
DA:619,0
DA:620,0
DA:622,0
DA:623,0
DA:624,0
DA:625,0
DA:626,0
DA:627,0
DA:628,0
DA:630,0
DA:631,0
DA:633,0
DA:636,0
DA:637,0
DA:638,0
DA:640,0
DA:644,0
DA:645,0
DA:646,0
DA:647,0
DA:649,0
DA:650,0
DA:651,0
DA:652,0
DA:653,0
DA:657,0
DA:658,0
DA:659,0
DA:660,0
DA:661,0
DA:662,0
DA:663,0
DA:664,0
DA:665,0
DA:669,0
DA:671,0
DA:672,0
DA:674,0
DA:675,0
DA:676,0
DA:677,0
DA:678,0
DA:682,0
DA:686,0
DA:689,0
DA:690,0
DA:691,0
DA:693,0
DA:694,0
DA:697,0
DA:698,0
DA:699,0
DA:702,0
DA:703,0
DA:704,0
DA:705,0
DA:706,0
DA:707,0
DA:708,0
DA:709,0
DA:710,0
DA:711,0
DA:714,0
DA:715,0
DA:716,0
DA:717,0
DA:719,0
DA:723,0
DA:724,0
DA:725,0
DA:729,0
DA:730,0
DA:731,0
DA:732,0
DA:735,0
DA:740,0
DA:741,0
DA:742,0
DA:743,0
DA:749,0
DA:750,0
DA:751,0
DA:752,0
DA:754,0
DA:755,0
DA:756,0
DA:757,0
DA:760,0
DA:761,0
DA:762,0
DA:763,0
DA:764,0
DA:769,0
DA:770,0
DA:771,0
DA:772,0
DA:773,0
DA:774,0
DA:775,0
DA:780,0
DA:781,0
DA:782,0
DA:783,0
DA:784,0
DA:788,0
DA:789,0
DA:790,0
DA:795,0
DA:796,0
DA:797,0
DA:801,0
DA:802,0
DA:805,0
DA:806,0
DA:808,0
DA:809,0
DA:810,0
LF:420
LH:0
BRDA:100,0,0,0
BRDA:100,0,1,0
BRDA:108,1,0,0
BRDA:108,1,1,0
BRDA:114,2,0,0
BRDA:114,2,1,0
BRDA:114,3,0,0
BRDA:114,3,1,0
BRDA:124,4,0,0
BRDA:124,4,1,0
BRDA:124,4,2,0
BRDA:124,4,3,0
BRDA:124,4,4,0
BRDA:135,5,0,0
BRDA:135,5,1,0
BRDA:137,6,0,0
BRDA:137,6,1,0
BRDA:143,7,0,0
BRDA:143,7,1,0
BRDA:143,8,0,0
BRDA:143,8,1,0
BRDA:143,8,2,0
BRDA:151,9,0,0
BRDA:151,9,1,0
BRDA:155,10,0,0
BRDA:155,10,1,0
BRDA:161,11,0,0
BRDA:161,11,1,0
BRDA:165,12,0,0
BRDA:165,12,1,0
BRDA:168,13,0,0
BRDA:168,13,1,0
BRDA:184,14,0,0
BRDA:184,14,1,0
BRDA:198,15,0,0
BRDA:198,15,1,0
BRDA:206,16,0,0
BRDA:206,16,1,0
BRDA:213,17,0,0
BRDA:213,17,1,0
BRDA:225,18,0,0
BRDA:225,18,1,0
BRDA:225,19,0,0
BRDA:225,19,1,0
BRDA:231,20,0,0
BRDA:231,20,1,0
BRDA:231,21,0,0
BRDA:231,21,1,0
BRDA:237,22,0,0
BRDA:237,22,1,0
BRDA:242,23,0,0
BRDA:242,23,1,0
BRDA:242,24,0,0
BRDA:242,24,1,0
BRDA:251,25,0,0
BRDA:251,25,1,0
BRDA:251,26,0,0
BRDA:251,26,1,0
BRDA:257,27,0,0
BRDA:257,27,1,0
BRDA:257,28,0,0
BRDA:257,28,1,0
BRDA:271,29,0,0
BRDA:271,29,1,0
BRDA:274,30,0,0
BRDA:274,30,1,0
BRDA:277,31,0,0
BRDA:277,31,1,0
BRDA:280,32,0,0
BRDA:280,32,1,0
BRDA:292,33,0,0
BRDA:292,33,1,0
BRDA:292,34,0,0
BRDA:292,34,1,0
BRDA:302,35,0,0
BRDA:302,35,1,0
BRDA:331,36,0,0
BRDA:331,36,1,0
BRDA:334,37,0,0
BRDA:334,37,1,0
BRDA:335,38,0,0
BRDA:335,38,1,0
BRDA:335,39,0,0
BRDA:335,39,1,0
BRDA:339,40,0,0
BRDA:339,40,1,0
BRDA:339,41,0,0
BRDA:339,41,1,0
BRDA:347,42,0,0
BRDA:347,42,1,0
BRDA:348,43,0,0
BRDA:348,43,1,0
BRDA:349,44,0,0
BRDA:349,44,1,0
BRDA:350,45,0,0
BRDA:350,45,1,0
BRDA:370,46,0,0
BRDA:370,46,1,0
BRDA:370,47,0,0
BRDA:370,47,1,0
BRDA:386,48,0,0
BRDA:386,48,1,0
BRDA:392,49,0,0
BRDA:392,49,1,0
BRDA:409,50,0,0
BRDA:409,50,1,0
BRDA:413,51,0,0
BRDA:413,51,1,0
BRDA:413,52,0,0
BRDA:413,52,1,0
BRDA:416,53,0,0
BRDA:416,53,1,0
BRDA:433,54,0,0
BRDA:433,54,1,0
BRDA:434,55,0,0
BRDA:434,55,1,0
BRDA:438,56,0,0
BRDA:438,56,1,0
BRDA:444,57,0,0
BRDA:444,57,1,0
BRDA:445,58,0,0
BRDA:445,58,1,0
BRDA:445,59,0,0
BRDA:445,59,1,0
BRDA:494,60,0,0
BRDA:494,60,1,0
BRDA:517,61,0,0
BRDA:517,61,1,0
BRDA:524,62,0,0
BRDA:524,62,1,0
BRDA:529,63,0,0
BRDA:529,63,1,0
BRDA:529,64,0,0
BRDA:529,64,1,0
BRDA:532,65,0,0
BRDA:532,65,1,0
BRDA:543,66,0,0
BRDA:543,66,1,0
BRDA:543,67,0,0
BRDA:543,67,1,0
BRDA:576,68,0,0
BRDA:576,68,1,0
BRDA:600,69,0,0
BRDA:600,69,1,0
BRDA:630,70,0,0
BRDA:630,70,1,0
BRDA:669,71,0,0
BRDA:669,71,1,0
BRDA:676,72,0,0
BRDA:676,72,1,0
BRDA:691,73,0,0
BRDA:691,73,1,0
BRDA:731,74,0,0
BRDA:731,74,1,0
BRDA:731,75,0,0
BRDA:731,75,1,0
BRDA:740,76,0,0
BRDA:740,76,1,0
BRDA:742,77,0,0
BRDA:742,77,1,0
BRDA:749,78,0,0
BRDA:749,78,1,0
BRDA:755,79,0,0
BRDA:755,79,1,0
BRDA:760,80,0,0
BRDA:760,80,1,0
BRDA:760,81,0,0
BRDA:760,81,1,0
BRDA:769,82,0,0
BRDA:769,82,1,0
BRDA:789,83,0,0
BRDA:789,83,1,0
BRDA:789,84,0,0
BRDA:789,84,1,0
BRDA:796,85,0,0
BRDA:796,85,1,0
BRDA:796,86,0,0
BRDA:796,86,1,0
BRF:178
BRH:0
end_of_record
TN:
SF:client/src/lib/games/BaseGame.ts
FN:26,(anonymous_0)
FN:43,(anonymous_1)
FN:51,(anonymous_2)
FN:55,(anonymous_3)
FN:62,(anonymous_4)
FN:71,(anonymous_5)
FN:76,(anonymous_6)
FN:101,(anonymous_7)
FN:104,(anonymous_8)
FN:106,(anonymous_9)
FN:114,(anonymous_10)
FN:123,(anonymous_11)
FN:132,(anonymous_12)
FN:136,(anonymous_13)
FNF:14
FNH:0
FNDA:0,(anonymous_0)
FNDA:0,(anonymous_1)
FNDA:0,(anonymous_2)
FNDA:0,(anonymous_3)
FNDA:0,(anonymous_4)
FNDA:0,(anonymous_5)
FNDA:0,(anonymous_6)
FNDA:0,(anonymous_7)
FNDA:0,(anonymous_8)
FNDA:0,(anonymous_9)
FNDA:0,(anonymous_10)
FNDA:0,(anonymous_11)
FNDA:0,(anonymous_12)
FNDA:0,(anonymous_13)
DA:1,0
DA:2,0
DA:4,0
DA:8,0
DA:9,0
DA:10,0
DA:11,0
DA:12,0
DA:14,0
DA:27,0
DA:28,0
DA:29,0
DA:30,0
DA:31,0
DA:44,0
DA:45,0
DA:46,0
DA:47,0
DA:48,0
DA:52,0
DA:56,0
DA:57,0
DA:58,0
DA:63,0
DA:64,0
DA:65,0
DA:66,0
DA:67,0
DA:72,0
DA:73,0
DA:77,0
DA:78,0
DA:79,0
DA:80,0
DA:82,0
DA:83,0
DA:85,0
DA:86,0
DA:89,0
DA:91,0
DA:92,0
DA:93,0
DA:94,0
DA:95,0
DA:96,0
DA:97,0
DA:101,0
DA:106,0
DA:107,0
DA:108,0
DA:111,0
DA:116,0
DA:117,0
DA:118,0
DA:124,0
DA:125,0
DA:126,0
DA:127,0
DA:128,0
DA:129,0
DA:133,0
DA:137,0
DA:138,0
LF:63
LH:0
BRDA:57,0,0,0
BRDA:57,0,1,0
BRDA:65,1,0,0
BRDA:65,1,1,0
BRDA:77,2,0,0
BRDA:77,2,1,0
BRDA:79,3,0,0
BRDA:79,3,1,0
BRDA:79,4,0,0
BRDA:79,4,1,0
BRDA:82,5,0,0
BRDA:82,5,1,0
BRDA:91,6,0,0
BRDA:91,6,1,0
BRDA:93,7,0,0
BRDA:93,7,1,0
BRDA:107,8,0,0
BRDA:107,8,1,0
BRDA:107,9,0,0
BRDA:107,9,1,0
BRDA:116,10,0,0
BRDA:116,10,1,0
BRDA:123,11,0,0
BRDA:123,12,0,0
BRDA:123,13,0,0
BRF:25
BRH:0
end_of_record
TN:
SF:client/src/lib/games/BetrayalGame.ts
FN:75,(anonymous_0)
FN:126,(anonymous_1)
FN:164,(anonymous_2)
FN:217,(anonymous_3)
FN:246,(anonymous_4)
FN:287,(anonymous_5)
FN:323,(anonymous_6)
FN:356,(anonymous_7)
FN:405,(anonymous_8)
FN:446,(anonymous_9)
FN:462,(anonymous_10)
FN:490,(anonymous_11)
FN:545,(anonymous_12)
FN:566,(anonymous_13)
FN:582,(anonymous_14)
FN:607,(anonymous_15)
FN:699,(anonymous_16)
FN:706,(anonymous_17)
FN:717,(anonymous_18)
FN:738,(anonymous_19)
FN:747,(anonymous_20)
FN:748,(anonymous_21)
FN:749,(anonymous_22)
FN:750,(anonymous_23)
FN:766,(anonymous_24)
FN:791,(anonymous_25)
FN:812,(anonymous_26)
FN:934,(anonymous_27)
FN:946,(anonymous_28)
FN:958,(anonymous_29)
FN:978,(anonymous_30)
FN:988,(anonymous_31)
FN:1017,(anonymous_32)
FN:1022,(anonymous_33)
FN:1034,(anonymous_34)
FN:1048,(anonymous_35)
FN:1055,(anonymous_36)
FN:1057,(anonymous_37)
FN:1064,(anonymous_38)
FN:1069,(anonymous_39)
FN:1081,(anonymous_40)
FN:1092,(anonymous_41)
FN:1110,(anonymous_42)
FNF:43
FNH:0
FNDA:0,(anonymous_0)
FNDA:0,(anonymous_1)
FNDA:0,(anonymous_2)
FNDA:0,(anonymous_3)
FNDA:0,(anonymous_4)
FNDA:0,(anonymous_5)
FNDA:0,(anonymous_6)
FNDA:0,(anonymous_7)
FNDA:0,(anonymous_8)
FNDA:0,(anonymous_9)
FNDA:0,(anonymous_10)
FNDA:0,(anonymous_11)
FNDA:0,(anonymous_12)
FNDA:0,(anonymous_13)
FNDA:0,(anonymous_14)
FNDA:0,(anonymous_15)
FNDA:0,(anonymous_16)
FNDA:0,(anonymous_17)
FNDA:0,(anonymous_18)
FNDA:0,(anonymous_19)
FNDA:0,(anonymous_20)
FNDA:0,(anonymous_21)
FNDA:0,(anonymous_22)
FNDA:0,(anonymous_23)
FNDA:0,(anonymous_24)
FNDA:0,(anonymous_25)
FNDA:0,(anonymous_26)
FNDA:0,(anonymous_27)
FNDA:0,(anonymous_28)
FNDA:0,(anonymous_29)
FNDA:0,(anonymous_30)
FNDA:0,(anonymous_31)
FNDA:0,(anonymous_32)
FNDA:0,(anonymous_33)
FNDA:0,(anonymous_34)
FNDA:0,(anonymous_35)
FNDA:0,(anonymous_36)
FNDA:0,(anonymous_37)
FNDA:0,(anonymous_38)
FNDA:0,(anonymous_39)
FNDA:0,(anonymous_40)
FNDA:0,(anonymous_41)
FNDA:0,(anonymous_42)
DA:1,0
DA:75,0
DA:78,0
DA:79,0
DA:80,0
DA:81,0
DA:82,0
DA:83,0
DA:84,0
DA:85,0
DA:86,0
DA:87,0
DA:88,0
DA:89,0
DA:90,0
DA:91,0
DA:93,0
DA:102,0
DA:112,0
DA:119,0
DA:128,0
DA:140,0
DA:158,0
DA:159,0
DA:160,0
DA:161,0
DA:166,0
DA:167,0
DA:171,0
DA:173,0
DA:174,0
DA:176,0
DA:177,0
DA:178,0
DA:179,0
DA:180,0
DA:181,0
DA:182,0
DA:183,0
DA:185,0
DA:186,0
DA:187,0
DA:188,0
DA:189,0
DA:190,0
DA:191,0
DA:192,0
DA:194,0
DA:195,0
DA:196,0
DA:197,0
DA:198,0
DA:199,0
DA:200,0
DA:201,0
DA:203,0
DA:204,0
DA:206,0
DA:208,0
DA:209,0
DA:211,0
DA:214,0
DA:218,0
DA:221,0
DA:222,0
DA:223,0
DA:224,0
DA:226,0
DA:227,0
DA:228,0
DA:229,0
DA:230,0
DA:231,0
DA:232,0
DA:234,0
DA:237,0
DA:238,0
DA:239,0
DA:240,0
DA:241,0
DA:247,0
DA:250,0
DA:253,0
DA:254,0
DA:255,0
DA:256,0
DA:257,0
DA:258,0
DA:263,0
DA:264,0
DA:265,0
DA:266,0
DA:267,0
DA:268,0
DA:269,0
DA:270,0
DA:271,0
DA:276,0
DA:277,0
DA:278,0
DA:279,0
DA:280,0
DA:281,0
DA:282,0
DA:288,0
DA:289,0
DA:290,0
DA:291,0
DA:292,0
DA:293,0
DA:294,0
DA:295,0
DA:299,0
DA:300,0
DA:301,0
DA:302,0
DA:303,0
DA:304,0
DA:309,0
DA:310,0
DA:311,0
DA:312,0
DA:313,0
DA:314,0
DA:315,0
DA:316,0
DA:317,0
DA:318,0
DA:324,0
DA:327,0
DA:328,0
DA:329,0
DA:330,0
DA:331,0
DA:332,0
DA:337,0
DA:338,0
DA:339,0
DA:340,0
DA:341,0
DA:342,0
DA:343,0
DA:345,0
DA:346,0
DA:347,0
DA:348,0
DA:349,0
DA:350,0
DA:351,0
DA:358,0
DA:359,0
DA:361,0
DA:362,0
DA:364,0
DA:365,0
DA:366,0
DA:367,0
DA:369,0
DA:370,0
DA:371,0
DA:375,0
DA:376,0
DA:377,0
DA:383,0
DA:384,0
DA:388,0
DA:389,0
DA:392,0
DA:393,0
DA:396,0
DA:397,0
DA:400,0
DA:401,0
DA:407,0
DA:409,0
DA:411,0
DA:412,0
DA:413,0
DA:415,0
DA:416,0
DA:417,0
DA:421,0
DA:422,0
DA:423,0
DA:425,0
DA:426,0
DA:427,0
DA:428,0
DA:432,0
DA:433,0
DA:436,0
DA:437,0
DA:440,0
DA:441,0
DA:442,0
DA:447,0
DA:459,0
DA:463,0
DA:466,0
DA:468,0
DA:470,0
DA:471,0
DA:472,0
DA:473,0
DA:476,0
DA:477,0
DA:478,0
DA:479,0
DA:483,0
DA:484,0
DA:485,0
DA:487,0
DA:489,0
DA:490,0
DA:491,0
DA:496,0
DA:499,0
DA:501,0
DA:502,0
DA:503,0
DA:504,0
DA:509,0
DA:511,0
DA:514,0
DA:515,0
DA:516,0
DA:517,0
DA:522,0
DA:524,0
DA:527,0
DA:528,0
DA:529,0
DA:530,0
DA:532,0
DA:533,0
DA:538,0
DA:540,0
DA:541,0
DA:547,0
DA:548,0
DA:554,0
DA:558,0
DA:559,0
DA:560,0
DA:561,0
DA:567,0
DA:568,0
DA:569,0
DA:570,0
DA:571,0
DA:574,0
DA:577,0
DA:583,0
DA:584,0
DA:585,0
DA:586,0
DA:587,0
DA:590,0
DA:591,0
DA:592,0
DA:594,0
DA:595,0
DA:596,0
DA:599,0
DA:600,0
DA:602,0
DA:603,0
DA:609,0
DA:610,0
DA:612,0
DA:614,0
DA:615,0
DA:616,0
DA:617,0
DA:618,0
DA:619,0
DA:622,0
DA:623,0
DA:624,0
DA:625,0
DA:626,0
DA:627,0
DA:628,0
DA:629,0
DA:630,0
DA:631,0
DA:633,0
DA:638,0
DA:639,0
DA:640,0
DA:641,0
DA:642,0
DA:643,0
DA:646,0
DA:648,0
DA:649,0
DA:655,0
DA:656,0
DA:657,0
DA:661,0
DA:662,0
DA:663,0
DA:664,0
DA:665,0
DA:666,0
DA:671,0
DA:672,0
DA:677,0
DA:679,0
DA:680,0
DA:681,0
DA:686,0
DA:687,0
DA:688,0
DA:689,0
DA:690,0
DA:692,0
DA:694,0
DA:700,0
DA:701,0
DA:702,0
DA:703,0
DA:707,0
DA:708,0
DA:709,0
DA:710,0
DA:713,0
DA:719,0
DA:721,0
DA:729,0
DA:739,0
DA:742,0
DA:745,0
DA:746,0
DA:747,0
DA:748,0
DA:749,0
DA:750,0
DA:753,0
DA:756,0
DA:757,0
DA:758,0
DA:759,0
DA:760,0
DA:761,0
DA:762,0
DA:768,0
DA:769,0
DA:772,0
DA:773,0
DA:774,0
DA:775,0
DA:776,0
DA:777,0
DA:778,0
DA:779,0
DA:784,0
DA:785,0
DA:786,0
DA:787,0
DA:792,0
DA:793,0
DA:794,0
DA:797,0
DA:798,0
DA:799,0
DA:800,0
DA:801,0
DA:802,0
DA:803,0
DA:804,0
DA:805,0
DA:806,0
DA:807,0
DA:809,0
DA:813,0
DA:814,0
DA:815,0
DA:817,0
DA:820,0
DA:823,0
DA:824,0
DA:825,0
DA:826,0
DA:829,0
DA:830,0
DA:831,0
DA:834,0
DA:836,0
DA:837,0
DA:838,0
DA:839,0
DA:840,0
DA:841,0
DA:842,0
DA:843,0
DA:846,0
DA:847,0
DA:848,0
DA:849,0
DA:850,0
DA:851,0
DA:854,0
DA:855,0
DA:856,0
DA:857,0
DA:860,0
DA:861,0
DA:864,0
DA:865,0
DA:866,0
DA:867,0
DA:868,0
DA:871,0
DA:872,0
DA:873,0
DA:874,0
DA:875,0
DA:879,0
DA:880,0
DA:881,0
DA:882,0
DA:883,0
DA:886,0
DA:887,0
DA:888,0
DA:889,0
DA:890,0
DA:893,0
DA:896,0
DA:897,0
DA:898,0
DA:899,0
DA:900,0
DA:901,0
DA:902,0
DA:903,0
DA:904,0
DA:908,0
DA:909,0
DA:913,0
DA:914,0
DA:915,0
DA:917,0
DA:918,0
DA:919,0
DA:920,0
DA:921,0
DA:922,0
DA:923,0
DA:924,0
DA:925,0
DA:929,0
DA:930,0
DA:935,0
DA:936,0
DA:937,0
DA:938,0
DA:939,0
DA:940,0
DA:941,0
DA:942,0
DA:943,0
DA:947,0
DA:948,0
DA:949,0
DA:950,0
DA:951,0
DA:952,0
DA:953,0
DA:954,0
DA:955,0
DA:959,0
DA:960,0
DA:961,0
DA:962,0
DA:963,0
DA:965,0
DA:966,0
DA:968,0
DA:971,0
DA:974,0
DA:975,0
DA:979,0
DA:980,0
DA:981,0
DA:982,0
DA:983,0
DA:984,0
DA:985,0
DA:990,0
DA:991,0
DA:992,0
DA:993,0
DA:994,0
DA:997,0
DA:998,0
DA:999,0
DA:1000,0
DA:1001,0
DA:1004,0
DA:1005,0
DA:1006,0
DA:1007,0
DA:1008,0
DA:1011,0
DA:1014,0
DA:1024,0
DA:1025,0
DA:1026,0
DA:1029,0
DA:1030,0
DA:1036,0
DA:1037,0
DA:1039,0
DA:1040,0
DA:1041,0
DA:1043,0
DA:1044,0
DA:1050,0
DA:1051,0
DA:1057,0
DA:1058,0
DA:1059,0
DA:1060,0
DA:1064,0
DA:1065,0
DA:1069,0
DA:1070,0
DA:1072,0
DA:1073,0
DA:1074,0
DA:1075,0
DA:1076,0
DA:1077,0
DA:1081,0
DA:1082,0
DA:1083,0
DA:1084,0
DA:1085,0
DA:1086,0
DA:1087,0
DA:1088,0
DA:1092,0
DA:1093,0
DA:1095,0
DA:1096,0
DA:1100,0
DA:1101,0
DA:1104,0
DA:1105,0
DA:1106,0
DA:1107,0
DA:1110,0
DA:1111,0
DA:1112,0
DA:1113,0
DA:1114,0
DA:1115,0
DA:1116,0
LF:560
LH:0
BRDA:166,0,0,0
BRDA:166,0,1,0
BRDA:171,1,0,0
BRDA:171,1,1,0
BRDA:171,1,2,0
BRDA:171,1,3,0
BRDA:171,1,4,0
BRDA:171,1,5,0
BRDA:203,2,0,0
BRDA:203,2,1,0
BRDA:204,3,0,0
BRDA:204,3,1,0
BRDA:204,4,0,0
BRDA:204,4,1,0
BRDA:208,5,0,0
BRDA:208,5,1,0
BRDA:209,6,0,0
BRDA:209,6,1,0
BRDA:209,7,0,0
BRDA:209,7,1,0
BRDA:214,8,0,0
BRDA:214,8,1,0
BRDA:214,9,0,0
BRDA:214,9,1,0
BRDA:221,10,0,0
BRDA:221,10,1,0
BRDA:226,11,0,0
BRDA:226,11,1,0
BRDA:231,12,0,0
BRDA:231,12,1,0
BRDA:231,13,0,0
BRDA:231,13,1,0
BRDA:240,14,0,0
BRDA:240,14,1,0
BRDA:240,15,0,0
BRDA:240,15,1,0
BRDA:253,16,0,0
BRDA:253,16,1,0
BRDA:253,17,0,0
BRDA:253,17,1,0
BRDA:257,18,0,0
BRDA:257,18,1,0
BRDA:257,19,0,0
BRDA:257,19,1,0
BRDA:263,20,0,0
BRDA:263,20,1,0
BRDA:263,21,0,0
BRDA:263,21,1,0
BRDA:270,22,0,0
BRDA:270,22,1,0
BRDA:270,23,0,0
BRDA:270,23,1,0
BRDA:276,24,0,0
BRDA:276,24,1,0
BRDA:281,25,0,0
BRDA:281,25,1,0
BRDA:281,26,0,0
BRDA:281,26,1,0
BRDA:292,27,0,0
BRDA:292,27,1,0
BRDA:299,28,0,0
BRDA:299,28,1,0
BRDA:299,29,0,0
BRDA:299,29,1,0
BRDA:303,30,0,0
BRDA:303,30,1,0
BRDA:303,31,0,0
BRDA:303,31,1,0
BRDA:309,32,0,0
BRDA:309,32,1,0
BRDA:317,33,0,0
BRDA:317,33,1,0
BRDA:317,34,0,0
BRDA:317,34,1,0
BRDA:327,35,0,0
BRDA:327,35,1,0
BRDA:327,36,0,0
BRDA:327,36,1,0
BRDA:331,37,0,0
BRDA:331,37,1,0
BRDA:331,38,0,0
BRDA:331,38,1,0
BRDA:337,39,0,0
BRDA:337,39,1,0
BRDA:342,40,0,0
BRDA:342,40,1,0
BRDA:342,41,0,0
BRDA:342,41,1,0
BRDA:345,42,0,0
BRDA:345,42,1,0
BRDA:350,43,0,0
BRDA:350,43,1,0
BRDA:350,44,0,0
BRDA:350,44,1,0
BRDA:358,45,0,0
BRDA:358,45,1,0
BRDA:361,46,0,0
BRDA:361,46,1,0
BRDA:364,47,0,0
BRDA:364,47,1,0
BRDA:369,48,0,0
BRDA:369,48,1,0
BRDA:375,49,0,0
BRDA:375,49,1,0
BRDA:375,50,0,0
BRDA:375,50,1,0
BRDA:383,51,0,0
BRDA:383,51,1,0
BRDA:400,52,0,0
BRDA:400,52,1,0
BRDA:409,53,0,0
BRDA:409,53,1,0
BRDA:415,54,0,0
BRDA:415,54,1,0
BRDA:423,55,0,0
BRDA:423,55,1,0
BRDA:441,56,0,0
BRDA:441,56,1,0
BRDA:441,57,0,0
BRDA:441,57,1,0
BRDA:441,57,2,0
BRDA:463,58,0,0
BRDA:463,58,1,0
BRDA:468,59,0,0
BRDA:468,59,1,0
BRDA:487,60,0,0
BRDA:487,60,1,0
BRDA:487,60,2,0
BRDA:487,60,3,0
BRDA:487,60,4,0
BRDA:547,61,0,0
BRDA:547,61,1,0
BRDA:547,62,0,0
BRDA:547,62,1,0
BRDA:551,63,0,0
BRDA:551,63,1,0
BRDA:560,64,0,0
BRDA:560,64,1,0
BRDA:574,65,0,0
BRDA:574,65,1,0
BRDA:574,66,0,0
BRDA:574,66,1,0
BRDA:574,66,2,0
BRDA:574,66,3,0
BRDA:574,66,4,0
BRDA:585,67,0,0
BRDA:585,67,1,0
BRDA:594,68,0,0
BRDA:594,68,1,0
BRDA:612,69,0,0
BRDA:612,69,1,0
BRDA:614,70,0,0
BRDA:614,70,1,0
BRDA:619,71,0,0
BRDA:619,71,1,0
BRDA:619,72,0,0
BRDA:619,72,1,0
BRDA:624,73,0,0
BRDA:624,73,1,0
BRDA:624,74,0,0
BRDA:624,74,1,0
BRDA:628,75,0,0
BRDA:628,75,1,0
BRDA:638,76,0,0
BRDA:638,76,1,0
BRDA:639,77,0,0
BRDA:639,77,1,0
BRDA:641,78,0,0
BRDA:641,78,1,0
BRDA:655,79,0,0
BRDA:655,79,1,0
BRDA:663,80,0,0
BRDA:663,80,1,0
BRDA:663,81,0,0
BRDA:663,81,1,0
BRDA:671,82,0,0
BRDA:671,82,1,0
BRDA:671,83,0,0
BRDA:671,83,1,0
BRDA:679,84,0,0
BRDA:679,84,1,0
BRDA:680,85,0,0
BRDA:680,85,1,0
BRDA:688,86,0,0
BRDA:688,86,1,0
BRDA:689,87,0,0
BRDA:689,87,1,0
BRDA:709,88,0,0
BRDA:709,88,1,0
BRDA:709,89,0,0
BRDA:709,89,1,0
BRDA:756,90,0,0
BRDA:756,90,1,0
BRDA:775,91,0,0
BRDA:775,91,1,0
BRDA:784,92,0,0
BRDA:784,92,1,0
BRDA:829,93,0,0
BRDA:829,93,1,0
BRDA:830,94,0,0
BRDA:830,94,1,0
BRDA:834,95,0,0
BRDA:834,95,1,0
BRDA:857,96,0,0
BRDA:857,96,1,0
BRDA:864,97,0,0
BRDA:864,97,1,0
BRDA:879,98,0,0
BRDA:879,98,1,0
BRDA:896,99,0,0
BRDA:896,99,1,0
BRDA:913,100,0,0
BRDA:913,100,1,0
BRDA:917,101,0,0
BRDA:917,101,1,0
BRDA:917,102,0,0
BRDA:917,102,1,0
BRDA:936,103,0,0
BRDA:936,103,1,0
BRDA:961,104,0,0
BRDA:961,104,1,0
BRDA:1029,105,0,0
BRDA:1029,105,1,0
BRDA:1029,106,0,0
BRDA:1029,106,1,0
BRDA:1043,107,0,0
BRDA:1043,107,1,0
BRDA:1050,108,0,0
BRDA:1050,108,1,0
BRDA:1059,109,0,0
BRDA:1059,109,1,0
BRDA:1072,110,0,0
BRDA:1072,110,1,0
BRDA:1083,111,0,0
BRDA:1083,111,1,0
BRDA:1104,112,0,0
BRDA:1104,112,1,0
BRDA:1113,113,0,0
BRDA:1113,113,1,0
BRF:239
BRH:0
end_of_record
TN:
SF:client/src/lib/games/BreakoutGame.ts
FN:60,(anonymous_13)
FN:126,(anonymous_14)
FN:154,(anonymous_16)
FN:161,(anonymous_17)
FN:165,(anonymous_18)
FN:181,(anonymous_19)
FN:220,(anonymous_20)
FN:266,(anonymous_21)
FN:452,(anonymous_22)
FN:473,(anonymous_23)
FN:482,(anonymous_24)
FN:487,(anonymous_25)
FN:518,(anonymous_26)
FN:522,(anonymous_27)
FN:546,(anonymous_28)
FN:619,(anonymous_29)
FN:665,(anonymous_30)
FN:717,(anonymous_31)
FN:741,(anonymous_32)
FN:752,(anonymous_33)
FN:778,(anonymous_34)
FN:809,(anonymous_35)
FN:816,(anonymous_36)
FN:823,(anonymous_37)
FN:843,(anonymous_38)
FN:865,(anonymous_39)
FN:883,(anonymous_40)
FN:930,(anonymous_41)
FN:1000,(anonymous_42)
FN:1086,(anonymous_43)
FN:1138,(anonymous_44)
FN:1196,(anonymous_45)
FN:1204,(anonymous_46)
FN:1253,(anonymous_47)
FN:1267,(anonymous_48)
FN:1276,(anonymous_49)
FN:1298,(anonymous_50)
FN:1419,(anonymous_51)
FN:1454,(anonymous_52)
FN:1458,(anonymous_53)
FN:1469,(anonymous_54)
FN:1470,(anonymous_55)
FN:1476,(anonymous_56)
FN:1483,(anonymous_57)
FN:1489,(anonymous_58)
FN:1542,(anonymous_59)
FN:1546,(anonymous_60)
FN:1568,(anonymous_61)
FN:1593,(anonymous_62)
FN:1594,(anonymous_63)
FN:1637,(anonymous_64)
FN:1657,(anonymous_65)
FN:1659,(anonymous_66)
FN:1675,(anonymous_67)
FN:1698,(anonymous_68)
FN:1730,(anonymous_69)
FN:1746,(anonymous_70)
FN:1768,(anonymous_71)
FNF:58
FNH:0
FNDA:0,(anonymous_13)
FNDA:0,(anonymous_14)
FNDA:0,(anonymous_16)
FNDA:0,(anonymous_17)
FNDA:0,(anonymous_18)
FNDA:0,(anonymous_19)
FNDA:0,(anonymous_20)
FNDA:0,(anonymous_21)
FNDA:0,(anonymous_22)
FNDA:0,(anonymous_23)
FNDA:0,(anonymous_24)
FNDA:0,(anonymous_25)
FNDA:0,(anonymous_26)
FNDA:0,(anonymous_27)
FNDA:0,(anonymous_28)
FNDA:0,(anonymous_29)
FNDA:0,(anonymous_30)
FNDA:0,(anonymous_31)
FNDA:0,(anonymous_32)
FNDA:0,(anonymous_33)
FNDA:0,(anonymous_34)
FNDA:0,(anonymous_35)
FNDA:0,(anonymous_36)
FNDA:0,(anonymous_37)
FNDA:0,(anonymous_38)
FNDA:0,(anonymous_39)
FNDA:0,(anonymous_40)
FNDA:0,(anonymous_41)
FNDA:0,(anonymous_42)
FNDA:0,(anonymous_43)
FNDA:0,(anonymous_44)
FNDA:0,(anonymous_45)
FNDA:0,(anonymous_46)
FNDA:0,(anonymous_47)
FNDA:0,(anonymous_48)
FNDA:0,(anonymous_49)
FNDA:0,(anonymous_50)
FNDA:0,(anonymous_51)
FNDA:0,(anonymous_52)
FNDA:0,(anonymous_53)
FNDA:0,(anonymous_54)
FNDA:0,(anonymous_55)
FNDA:0,(anonymous_56)
FNDA:0,(anonymous_57)
FNDA:0,(anonymous_58)
FNDA:0,(anonymous_59)
FNDA:0,(anonymous_60)
FNDA:0,(anonymous_61)
FNDA:0,(anonymous_62)
FNDA:0,(anonymous_63)
FNDA:0,(anonymous_64)
FNDA:0,(anonymous_65)
FNDA:0,(anonymous_66)
FNDA:0,(anonymous_67)
FNDA:0,(anonymous_68)
FNDA:0,(anonymous_69)
FNDA:0,(anonymous_70)
FNDA:0,(anonymous_71)
DA:1,0
DA:2,0
DA:60,0
DA:62,0
DA:63,0
DA:64,0
DA:65,0
DA:66,0
DA:67,0
DA:68,0
DA:69,0
DA:70,0
DA:71,0
DA:72,0
DA:73,0
DA:81,0
DA:82,0
DA:83,0
DA:86,0
DA:87,0
DA:88,0
DA:89,0
DA:90,0
DA:91,0
DA:92,0
DA:93,0
DA:94,0
DA:95,0
DA:97,0
DA:98,0
DA:99,0
DA:101,0
DA:102,0
DA:104,0
DA:105,0
DA:106,0
DA:107,0
DA:122,0
DA:123,0
DA:124,0
DA:128,0
DA:147,0
DA:150,0
DA:153,0
DA:154,0
DA:155,0
DA:157,0
DA:162,0
DA:167,0
DA:168,0
DA:169,0
DA:170,0
DA:171,0
DA:182,0
DA:183,0
DA:184,0
DA:185,0
DA:186,0
DA:187,0
DA:188,0
DA:189,0
DA:191,0
DA:193,0
DA:195,0
DA:196,0
DA:197,0
DA:199,0
DA:200,0
DA:202,0
DA:214,0
DA:216,0
DA:222,0
DA:228,0
DA:229,0
DA:231,0
DA:232,0
DA:233,0
DA:235,0
DA:236,0
DA:237,0
DA:241,0
DA:242,0
DA:243,0
DA:244,0
DA:249,0
DA:250,0
DA:251,0
DA:252,0
DA:253,0
DA:254,0
DA:255,0
DA:256,0
DA:261,0
DA:262,0
DA:266,0
DA:267,0
DA:268,0
DA:270,0
DA:271,0
DA:275,0
DA:276,0
DA:277,0
DA:281,0
DA:282,0
DA:283,0
DA:284,0
DA:285,0
DA:286,0
DA:287,0
DA:288,0
DA:293,0
DA:294,0
DA:295,0
DA:296,0
DA:297,0
DA:298,0
DA:299,0
DA:300,0
DA:301,0
DA:307,0
DA:308,0
DA:309,0
DA:310,0
DA:311,0
DA:312,0
DA:317,0
DA:318,0
DA:319,0
DA:320,0
DA:321,0
DA:322,0
DA:327,0
DA:328,0
DA:331,0
DA:332,0
DA:333,0
DA:335,0
DA:336,0
DA:337,0
DA:338,0
DA:340,0
DA:341,0
DA:342,0
DA:344,0
DA:351,0
DA:352,0
DA:355,0
DA:356,0
DA:358,0
DA:359,0
DA:363,0
DA:364,0
DA:366,0
DA:367,0
DA:371,0
DA:372,0
DA:373,0
DA:376,0
DA:380,0
DA:383,0
DA:384,0
DA:385,0
DA:386,0
DA:389,0
DA:390,0
DA:391,0
DA:393,0
DA:394,0
DA:395,0
DA:399,0
DA:401,0
DA:404,0
DA:407,0
DA:408,0
DA:411,0
DA:412,0
DA:415,0
DA:416,0
DA:417,0
DA:420,0
DA:421,0
DA:423,0
DA:425,0
DA:428,0
DA:430,0
DA:434,0
DA:437,0
DA:439,0
DA:443,0
DA:446,0
DA:447,0
DA:448,0
DA:449,0
DA:452,0
DA:453,0
DA:454,0
DA:455,0
DA:456,0
DA:457,0
DA:458,0
DA:459,0
DA:460,0
DA:462,0
DA:473,0
DA:474,0
DA:475,0
DA:478,0
DA:483,0
DA:484,0
DA:488,0
DA:489,0
DA:491,0
DA:492,0
DA:493,0
DA:497,0
DA:500,0
DA:501,0
DA:504,0
DA:505,0
DA:508,0
DA:509,0
DA:512,0
DA:513,0
DA:515,0
DA:519,0
DA:524,0
DA:525,0
DA:526,0
DA:527,0
DA:529,0
DA:530,0
DA:531,0
DA:532,0
DA:535,0
DA:536,0
DA:540,0
DA:542,0
DA:547,0
DA:548,0
DA:550,0
DA:557,0
DA:558,0
DA:561,0
DA:562,0
DA:563,0
DA:566,0
DA:567,0
DA:571,0
DA:572,0
DA:574,0
DA:577,0
DA:578,0
DA:581,0
DA:582,0
DA:583,0
DA:586,0
DA:587,0
DA:588,0
DA:589,0
DA:590,0
DA:595,0
DA:596,0
DA:597,0
DA:598,0
DA:600,0
DA:601,0
DA:603,0
DA:604,0
DA:606,0
DA:609,0
DA:611,0
DA:612,0
DA:613,0
DA:614,0
DA:620,0
DA:621,0
DA:622,0
DA:625,0
DA:628,0
DA:629,0
DA:631,0
DA:632,0
DA:633,0
DA:635,0
DA:637,0
DA:638,0
DA:640,0
DA:641,0
DA:642,0
DA:645,0
DA:651,0
DA:654,0
DA:655,0
DA:656,0
DA:657,0
DA:660,0
DA:667,0
DA:669,0
DA:671,0
DA:672,0
DA:673,0
DA:674,0
DA:675,0
DA:676,0
DA:677,0
DA:678,0
DA:688,0
DA:690,0
DA:691,0
DA:692,0
DA:693,0
DA:694,0
DA:695,0
DA:697,0
DA:701,0
DA:702,0
DA:703,0
DA:707,0
DA:708,0
DA:709,0
DA:710,0
DA:713,0
DA:719,0
DA:720,0
DA:722,0
DA:723,0
DA:724,0
DA:725,0
DA:726,0
DA:728,0
DA:729,0
DA:730,0
DA:735,0
DA:736,0
DA:737,0
DA:742,0
DA:743,0
DA:744,0
DA:745,0
DA:746,0
DA:747,0
DA:748,0
DA:753,0
DA:756,0
DA:757,0
DA:758,0
DA:759,0
DA:760,0
DA:761,0
DA:762,0
DA:767,0
DA:768,0
DA:769,0
DA:770,0
DA:771,0
DA:772,0
DA:773,0
DA:780,0
DA:781,0
DA:782,0
DA:783,0
DA:786,0
DA:787,0
DA:788,0
DA:790,0
DA:791,0
DA:793,0
DA:794,0
DA:796,0
DA:797,0
DA:801,0
DA:802,0
DA:804,0
DA:805,0
DA:810,0
DA:811,0
DA:812,0
DA:813,0
DA:817,0
DA:818,0
DA:819,0
DA:820,0
DA:824,0
DA:825,0
DA:826,0
DA:829,0
DA:830,0
DA:832,0
DA:833,0
DA:834,0
DA:836,0
DA:837,0
DA:838,0
DA:844,0
DA:845,0
DA:846,0
DA:849,0
DA:850,0
DA:851,0
DA:855,0
DA:856,0
DA:857,0
DA:858,0
DA:861,0
DA:866,0
DA:868,0
DA:870,0
DA:874,0
DA:877,0
DA:880,0
DA:885,0
DA:886,0
DA:887,0
DA:888,0
DA:889,0
DA:890,0
DA:891,0
DA:892,0
DA:893,0
DA:896,0
DA:898,0
DA:899,0
DA:901,0
DA:905,0
DA:906,0
DA:907,0
DA:908,0
DA:909,0
DA:910,0
DA:911,0
DA:915,0
DA:918,0
DA:919,0
DA:920,0
DA:921,0
DA:922,0
DA:923,0
DA:924,0
DA:925,0
DA:927,0
DA:932,0
DA:933,0
DA:934,0
DA:939,0
DA:940,0
DA:941,0
DA:942,0
DA:944,0
DA:948,0
DA:949,0
DA:950,0
DA:952,0
DA:954,0
DA:955,0
DA:956,0
DA:957,0
DA:958,0
DA:961,0
DA:962,0
DA:963,0
DA:964,0
DA:965,0
DA:966,0
DA:967,0
DA:971,0
DA:972,0
DA:976,0
DA:977,0
DA:980,0
DA:981,0
DA:982,0
DA:985,0
DA:986,0
DA:987,0
DA:988,0
DA:989,0
DA:993,0
DA:994,0
DA:995,0
DA:996,0
DA:1001,0
DA:1004,0
DA:1005,0
DA:1008,0
DA:1010,0
DA:1011,0
DA:1012,0
DA:1014,0
DA:1016,0
DA:1017,0
DA:1020,0
DA:1021,0
DA:1022,0
DA:1025,0
DA:1028,0
DA:1029,0
DA:1030,0
DA:1031,0
DA:1032,0
DA:1033,0
DA:1034,0
DA:1035,0
DA:1038,0
DA:1039,0
DA:1040,0
DA:1043,0
DA:1046,0
DA:1047,0
DA:1049,0
DA:1050,0
DA:1051,0
DA:1053,0
DA:1055,0
DA:1056,0
DA:1059,0
DA:1060,0
DA:1061,0
DA:1062,0
DA:1063,0
DA:1064,0
DA:1065,0
DA:1067,0
DA:1068,0
DA:1070,0
DA:1073,0
DA:1074,0
DA:1075,0
DA:1078,0
DA:1082,0
DA:1083,0
DA:1087,0
DA:1090,0
DA:1091,0
DA:1092,0
DA:1095,0
DA:1096,0
DA:1099,0
DA:1100,0
DA:1101,0
DA:1102,0
DA:1103,0
DA:1104,0
DA:1105,0
DA:1108,0
DA:1109,0
DA:1110,0
DA:1111,0
DA:1112,0
DA:1115,0
DA:1116,0
DA:1117,0
DA:1118,0
DA:1119,0
DA:1120,0
DA:1121,0
DA:1124,0
DA:1125,0
DA:1126,0
DA:1127,0
DA:1128,0
DA:1131,0
DA:1132,0
DA:1133,0
DA:1135,0
DA:1139,0
DA:1142,0
DA:1143,0
DA:1146,0
DA:1147,0
DA:1148,0
DA:1150,0
DA:1151,0
DA:1153,0
DA:1161,0
DA:1162,0
DA:1163,0
DA:1164,0
DA:1165,0
DA:1166,0
DA:1167,0
DA:1168,0
DA:1169,0
DA:1173,0
DA:1174,0
DA:1175,0
DA:1176,0
DA:1177,0
DA:1179,0
DA:1180,0
DA:1181,0
DA:1182,0
DA:1189,0
DA:1190,0
DA:1193,0
DA:1197,0
DA:1198,0
DA:1199,0
DA:1200,0
DA:1201,0
DA:1205,0
DA:1208,0
DA:1209,0
DA:1210,0
DA:1211,0
DA:1212,0
DA:1216,0
DA:1217,0
DA:1218,0
DA:1220,0
DA:1221,0
DA:1224,0
DA:1225,0
DA:1226,0
DA:1229,0
DA:1230,0
DA:1231,0
DA:1232,0
DA:1233,0
DA:1236,0
DA:1237,0
DA:1238,0
DA:1239,0
DA:1240,0
DA:1241,0
DA:1242,0
DA:1246,0
DA:1250,0
DA:1255,0
DA:1256,0
DA:1258,0
DA:1260,0
DA:1261,0
DA:1262,0
DA:1264,0
DA:1268,0
DA:1269,0
DA:1277,0
DA:1280,0
DA:1281,0
DA:1282,0
DA:1285,0
DA:1286,0
DA:1289,0
DA:1290,0
DA:1292,0
DA:1293,0
DA:1295,0
DA:1299,0
DA:1302,0
DA:1303,0
DA:1306,0
DA:1307,0
DA:1308,0
DA:1309,0
DA:1313,0
DA:1314,0
DA:1315,0
DA:1318,0
DA:1322,0
DA:1323,0
DA:1324,0
DA:1328,0
DA:1329,0
DA:1330,0
DA:1332,0
DA:1333,0
DA:1336,0
DA:1337,0
DA:1338,0
DA:1341,0
DA:1342,0
DA:1343,0
DA:1346,0
DA:1347,0
DA:1348,0
DA:1349,0
DA:1350,0
DA:1351,0
DA:1352,0
DA:1353,0
DA:1356,0
DA:1357,0
DA:1358,0
DA:1359,0
DA:1360,0
DA:1361,0
DA:1362,0
DA:1363,0
DA:1366,0
DA:1367,0
DA:1371,0
DA:1372,0
DA:1373,0
DA:1375,0
DA:1376,0
DA:1379,0
DA:1380,0
DA:1381,0
DA:1383,0
DA:1384,0
DA:1385,0
DA:1386,0
DA:1387,0
DA:1388,0
DA:1389,0
DA:1393,0
DA:1394,0
DA:1395,0
DA:1396,0
DA:1401,0
DA:1402,0
DA:1405,0
DA:1406,0
DA:1409,0
DA:1410,0
DA:1413,0
DA:1416,0
DA:1420,0
DA:1421,0
DA:1424,0
DA:1429,0
DA:1430,0
DA:1431,0
DA:1432,0
DA:1436,0
DA:1437,0
DA:1440,0
DA:1441,0
DA:1444,0
DA:1445,0
DA:1446,0
DA:1447,0
DA:1449,0
DA:1459,0
DA:1460,0
DA:1461,0
DA:1462,0
DA:1465,0
DA:1470,0
DA:1471,0
DA:1472,0
DA:1476,0
DA:1477,0
DA:1480,0
DA:1481,0
DA:1483,0
DA:1484,0
DA:1485,0
DA:1490,0
DA:1493,0
DA:1495,0
DA:1497,0
DA:1498,0
DA:1499,0
DA:1502,0
DA:1503,0
DA:1504,0
DA:1507,0
DA:1508,0
DA:1509,0
DA:1512,0
DA:1513,0
DA:1514,0
DA:1517,0
DA:1518,0
DA:1519,0
DA:1522,0
DA:1523,0
DA:1524,0
DA:1527,0
DA:1528,0
DA:1529,0
DA:1532,0
DA:1533,0
DA:1534,0
DA:1537,0
DA:1538,0
DA:1544,0
DA:1545,0
DA:1546,0
DA:1547,0
DA:1552,0
DA:1553,0
DA:1555,0
DA:1556,0
DA:1557,0
DA:1559,0
DA:1560,0
DA:1561,0
DA:1562,0
DA:1563,0
DA:1569,0
DA:1572,0
DA:1573,0
DA:1585,0
DA:1589,0
DA:1590,0
DA:1594,0
DA:1595,0
DA:1598,0
DA:1599,0
DA:1602,0
DA:1603,0
DA:1607,0
DA:1608,0
DA:1609,0
DA:1611,0
DA:1612,0
DA:1613,0
DA:1615,0
DA:1617,0
DA:1618,0
DA:1619,0
DA:1622,0
DA:1623,0
DA:1624,0
DA:1625,0
DA:1631,0
DA:1632,0
DA:1638,0
DA:1639,0
DA:1641,0
DA:1642,0
DA:1644,0
DA:1645,0
DA:1646,0
DA:1648,0
DA:1649,0
DA:1650,0
DA:1654,0
DA:1659,0
DA:1660,0
DA:1661,0
DA:1662,0
DA:1663,0
DA:1664,0
DA:1670,0
DA:1671,0
DA:1676,0
DA:1678,0
DA:1679,0
DA:1681,0
DA:1682,0
DA:1684,0
DA:1685,0
DA:1687,0
DA:1688,0
DA:1690,0
DA:1691,0
DA:1694,0
DA:1699,0
DA:1701,0
DA:1702,0
DA:1705,0
DA:1708,0
DA:1709,0
DA:1710,0
DA:1714,0
DA:1715,0
DA:1718,0
DA:1719,0
DA:1722,0
DA:1724,0
DA:1731,0
DA:1732,0
DA:1733,0
DA:1734,0
DA:1737,0
DA:1740,0
DA:1742,0
DA:1748,0
DA:1749,0
DA:1750,0
DA:1753,0
DA:1755,0
DA:1756,0
DA:1761,0
DA:1762,0
DA:1769,0
DA:1771,0
DA:1772,0
DA:1775,0
DA:1778,0
DA:1779,0
DA:1780,0
DA:1782,0
DA:1787,0
DA:1788,0
DA:1789,0
DA:1790,0
DA:1794,0
DA:1798,0
DA:1799,0
LF:893
LH:0
BRDA:167,0,0,0
BRDA:167,0,1,0
BRDA:170,1,0,0
BRDA:170,1,1,0
BRDA:200,2,0,0
BRDA:200,2,1,0
BRDA:209,3,0,0
BRDA:209,3,1,0
BRDA:212,4,0,0
BRDA:212,4,1,0
BRDA:222,5,0,0
BRDA:222,5,1,0
BRDA:222,5,2,0
BRDA:222,5,3,0
BRDA:222,5,4,0
BRDA:222,5,5,0
BRDA:222,5,6,0
BRDA:222,5,7,0
BRDA:228,6,0,0
BRDA:228,6,1,0
BRDA:228,7,0,0
BRDA:228,7,1,0
BRDA:228,7,2,0
BRDA:235,8,0,0
BRDA:235,8,1,0
BRDA:241,9,0,0
BRDA:241,9,1,0
BRDA:243,10,0,0
BRDA:243,10,1,0
BRDA:250,11,0,0
BRDA:250,11,1,0
BRDA:250,12,0,0
BRDA:250,12,1,0
BRDA:255,13,0,0
BRDA:255,13,1,0
BRDA:255,14,0,0
BRDA:255,14,1,0
BRDA:261,15,0,0
BRDA:261,15,1,0
BRDA:270,16,0,0
BRDA:270,16,1,0
BRDA:270,17,0,0
BRDA:270,17,1,0
BRDA:270,17,2,0
BRDA:275,18,0,0
BRDA:275,18,1,0
BRDA:275,19,0,0
BRDA:275,19,1,0
BRDA:281,20,0,0
BRDA:281,20,1,0
BRDA:281,21,0,0
BRDA:281,21,1,0
BRDA:281,21,2,0
BRDA:287,22,0,0
BRDA:287,22,1,0
BRDA:287,23,0,0
BRDA:287,23,1,0
BRDA:293,24,0,0
BRDA:293,24,1,0
BRDA:295,25,0,0
BRDA:295,25,1,0
BRDA:300,26,0,0
BRDA:300,26,1,0
BRDA:300,27,0,0
BRDA:300,27,1,0
BRDA:307,28,0,0
BRDA:307,28,1,0
BRDA:307,29,0,0
BRDA:307,29,1,0
BRDA:311,30,0,0
BRDA:311,30,1,0
BRDA:311,31,0,0
BRDA:311,31,1,0
BRDA:317,32,0,0
BRDA:317,32,1,0
BRDA:317,33,0,0
BRDA:317,33,1,0
BRDA:321,34,0,0
BRDA:321,34,1,0
BRDA:321,35,0,0
BRDA:321,35,1,0
BRDA:327,36,0,0
BRDA:327,36,1,0
BRDA:332,37,0,0
BRDA:332,37,1,0
BRDA:336,38,0,0
BRDA:336,38,1,0
BRDA:340,39,0,0
BRDA:340,39,1,0
BRDA:341,40,0,0
BRDA:341,40,1,0
BRDA:355,41,0,0
BRDA:355,41,1,0
BRDA:355,42,0,0
BRDA:355,42,1,0
BRDA:358,43,0,0
BRDA:358,43,1,0
BRDA:358,44,0,0
BRDA:358,44,1,0
BRDA:363,45,0,0
BRDA:363,45,1,0
BRDA:363,46,0,0
BRDA:363,46,1,0
BRDA:366,47,0,0
BRDA:366,47,1,0
BRDA:366,48,0,0
BRDA:366,48,1,0
BRDA:371,49,0,0
BRDA:371,49,1,0
BRDA:371,50,0,0
BRDA:371,50,1,0
BRDA:383,51,0,0
BRDA:383,51,1,0
BRDA:389,52,0,0
BRDA:389,52,1,0
BRDA:389,53,0,0
BRDA:389,53,1,0
BRDA:393,54,0,0
BRDA:393,54,1,0
BRDA:399,55,0,0
BRDA:399,55,1,0
BRDA:415,56,0,0
BRDA:415,56,1,0
BRDA:420,57,0,0
BRDA:420,57,1,0
BRDA:423,58,0,0
BRDA:423,58,1,0
BRDA:423,59,0,0
BRDA:423,59,1,0
BRDA:430,60,0,0
BRDA:430,60,1,0
BRDA:430,61,0,0
BRDA:430,61,1,0
BRDA:446,62,0,0
BRDA:446,62,1,0
BRDA:447,63,0,0
BRDA:447,63,1,0
BRDA:453,64,0,0
BRDA:453,64,1,0
BRDA:456,65,0,0
BRDA:456,65,1,0
BRDA:456,66,0,0
BRDA:456,66,1,0
BRDA:457,67,0,0
BRDA:457,67,1,0
BRDA:462,68,0,0
BRDA:462,68,1,0
BRDA:462,69,0,0
BRDA:462,69,1,0
BRDA:474,70,0,0
BRDA:474,70,1,0
BRDA:478,71,0,0
BRDA:478,71,1,0
BRDA:478,72,0,0
BRDA:478,72,1,0
BRDA:489,73,0,0
BRDA:489,73,1,0
BRDA:535,74,0,0
BRDA:535,74,1,0
BRDA:536,75,0,0
BRDA:536,75,1,0
BRDA:542,76,0,0
BRDA:542,76,1,0
BRDA:542,76,2,0
BRDA:542,76,3,0
BRDA:542,76,4,0
BRDA:542,76,5,0
BRDA:548,77,0,0
BRDA:548,77,1,0
BRDA:550,78,0,0
BRDA:550,78,1,0
BRDA:551,79,0,0
BRDA:551,79,1,0
BRDA:551,79,2,0
BRDA:551,79,3,0
BRDA:557,80,0,0
BRDA:557,80,1,0
BRDA:557,81,0,0
BRDA:557,81,1,0
BRDA:557,81,2,0
BRDA:562,82,0,0
BRDA:562,82,1,0
BRDA:566,83,0,0
BRDA:566,83,1,0
BRDA:571,84,0,0
BRDA:571,84,1,0
BRDA:571,85,0,0
BRDA:571,85,1,0
BRDA:577,86,0,0
BRDA:577,86,1,0
BRDA:581,87,0,0
BRDA:581,87,1,0
BRDA:582,88,0,0
BRDA:582,88,1,0
BRDA:582,89,0,0
BRDA:582,89,1,0
BRDA:583,90,0,0
BRDA:583,90,1,0
BRDA:583,91,0,0
BRDA:583,91,1,0
BRDA:588,92,0,0
BRDA:588,92,1,0
BRDA:589,93,0,0
BRDA:589,93,1,0
BRDA:603,94,0,0
BRDA:603,94,1,0
BRDA:611,95,0,0
BRDA:611,95,1,0
BRDA:611,96,0,0
BRDA:611,96,1,0
BRDA:612,97,0,0
BRDA:612,97,1,0
BRDA:612,98,0,0
BRDA:612,98,1,0
BRDA:613,99,0,0
BRDA:613,99,1,0
BRDA:613,100,0,0
BRDA:613,100,1,0
BRDA:620,101,0,0
BRDA:620,101,1,0
BRDA:625,102,0,0
BRDA:625,102,1,0
BRDA:625,103,0,0
BRDA:625,103,1,0
BRDA:629,104,0,0
BRDA:629,104,1,0
BRDA:635,105,0,0
BRDA:635,105,1,0
BRDA:640,106,0,0
BRDA:640,106,1,0
BRDA:645,107,0,0
BRDA:645,107,1,0
BRDA:645,108,0,0
BRDA:645,108,1,0
BRDA:656,109,0,0
BRDA:656,109,1,0
BRDA:656,110,0,0
BRDA:656,110,1,0
BRDA:667,111,0,0
BRDA:667,111,1,0
BRDA:667,112,0,0
BRDA:667,112,1,0
BRDA:667,113,0,0
BRDA:667,113,1,0
BRDA:669,114,0,0
BRDA:669,114,1,0
BRDA:671,115,0,0
BRDA:671,115,1,0
BRDA:677,116,0,0
BRDA:677,116,1,0
BRDA:688,117,0,0
BRDA:688,117,1,0
BRDA:692,118,0,0
BRDA:692,118,1,0
BRDA:695,119,0,0
BRDA:695,119,1,0
BRDA:701,120,0,0
BRDA:701,120,1,0
BRDA:701,121,0,0
BRDA:701,121,1,0
BRDA:702,122,0,0
BRDA:702,122,1,0
BRDA:702,123,0,0
BRDA:702,123,1,0
BRDA:703,124,0,0
BRDA:703,124,1,0
BRDA:703,125,0,0
BRDA:703,125,1,0
BRDA:709,126,0,0
BRDA:709,126,1,0
BRDA:709,127,0,0
BRDA:709,127,1,0
BRDA:723,128,0,0
BRDA:723,128,1,0
BRDA:728,129,0,0
BRDA:728,129,1,0
BRDA:735,130,0,0
BRDA:735,130,1,0
BRDA:747,131,0,0
BRDA:747,131,1,0
BRDA:747,132,0,0
BRDA:747,132,1,0
BRDA:756,133,0,0
BRDA:756,133,1,0
BRDA:756,134,0,0
BRDA:756,134,1,0
BRDA:761,135,0,0
BRDA:761,135,1,0
BRDA:761,136,0,0
BRDA:761,136,1,0
BRDA:767,137,0,0
BRDA:767,137,1,0
BRDA:772,138,0,0
BRDA:772,138,1,0
BRDA:772,139,0,0
BRDA:772,139,1,0
BRDA:780,140,0,0
BRDA:780,140,1,0
BRDA:781,141,0,0
BRDA:781,141,1,0
BRDA:782,142,0,0
BRDA:782,142,1,0
BRDA:783,143,0,0
BRDA:783,143,1,0
BRDA:787,144,0,0
BRDA:787,144,1,0
BRDA:790,145,0,0
BRDA:790,145,1,0
BRDA:793,146,0,0
BRDA:793,146,1,0
BRDA:796,147,0,0
BRDA:796,147,1,0
BRDA:801,148,0,0
BRDA:801,148,1,0
BRDA:801,149,0,0
BRDA:801,149,1,0
BRDA:804,150,0,0
BRDA:804,150,1,0
BRDA:804,151,0,0
BRDA:804,151,1,0
BRDA:830,152,0,0
BRDA:830,152,1,0
BRDA:836,153,0,0
BRDA:836,153,1,0
BRDA:849,154,0,0
BRDA:849,154,1,0
BRDA:849,155,0,0
BRDA:849,155,1,0
BRDA:850,156,0,0
BRDA:850,156,1,0
BRDA:850,157,0,0
BRDA:850,157,1,0
BRDA:851,158,0,0
BRDA:851,158,1,0
BRDA:851,159,0,0
BRDA:851,159,1,0
BRDA:857,160,0,0
BRDA:857,160,1,0
BRDA:857,161,0,0
BRDA:857,161,1,0
BRDA:868,162,0,0
BRDA:868,162,1,0
BRDA:870,163,0,0
BRDA:870,163,1,0
BRDA:870,164,0,0
BRDA:870,164,1,0
BRDA:885,165,0,0
BRDA:885,165,1,0
BRDA:885,166,0,0
BRDA:885,166,1,0
BRDA:886,167,0,0
BRDA:886,167,1,0
BRDA:886,168,0,0
BRDA:886,168,1,0
BRDA:887,169,0,0
BRDA:887,169,1,0
BRDA:887,170,0,0
BRDA:887,170,1,0
BRDA:887,170,2,0
BRDA:888,171,0,0
BRDA:888,171,1,0
BRDA:889,172,0,0
BRDA:889,172,1,0
BRDA:890,173,0,0
BRDA:890,173,1,0
BRDA:898,174,0,0
BRDA:898,174,1,0
BRDA:905,175,0,0
BRDA:905,175,1,0
BRDA:918,176,0,0
BRDA:918,176,1,0
BRDA:933,177,0,0
BRDA:933,177,1,0
BRDA:939,178,0,0
BRDA:939,178,1,0
BRDA:941,179,0,0
BRDA:941,179,1,0
BRDA:948,180,0,0
BRDA:948,180,1,0
BRDA:952,181,0,0
BRDA:952,181,1,0
BRDA:961,182,0,0
BRDA:961,182,1,0
BRDA:961,183,0,0
BRDA:961,183,1,0
BRDA:993,184,0,0
BRDA:993,184,1,0
BRDA:993,185,0,0
BRDA:993,185,1,0
BRDA:994,186,0,0
BRDA:994,186,1,0
BRDA:995,187,0,0
BRDA:995,187,1,0
BRDA:995,188,0,0
BRDA:995,188,1,0
BRDA:996,189,0,0
BRDA:996,189,1,0
BRDA:996,190,0,0
BRDA:996,190,1,0
BRDA:1014,191,0,0
BRDA:1014,191,1,0
BRDA:1047,192,0,0
BRDA:1047,192,1,0
BRDA:1053,193,0,0
BRDA:1053,193,1,0
BRDA:1067,194,0,0
BRDA:1067,194,1,0
BRDA:1099,195,0,0
BRDA:1099,195,1,0
BRDA:1100,196,0,0
BRDA:1100,196,1,0
BRDA:1108,197,0,0
BRDA:1108,197,1,0
BRDA:1115,198,0,0
BRDA:1115,198,1,0
BRDA:1116,199,0,0
BRDA:1116,199,1,0
BRDA:1124,200,0,0
BRDA:1124,200,1,0
BRDA:1146,201,0,0
BRDA:1146,201,1,0
BRDA:1161,202,0,0
BRDA:1161,202,1,0
BRDA:1173,203,0,0
BRDA:1173,203,1,0
BRDA:1176,204,0,0
BRDA:1176,204,1,0
BRDA:1208,205,0,0
BRDA:1208,205,1,0
BRDA:1229,206,0,0
BRDA:1229,206,1,0
BRDA:1258,207,0,0
BRDA:1258,207,1,0
BRDA:1258,208,0,0
BRDA:1258,208,1,0
BRDA:1269,209,0,0
BRDA:1269,209,1,0
BRDA:1302,210,0,0
BRDA:1302,210,1,0
BRDA:1303,211,0,0
BRDA:1303,211,1,0
BRDA:1306,212,0,0
BRDA:1306,212,1,0
BRDA:1313,213,0,0
BRDA:1313,213,1,0
BRDA:1318,214,0,0
BRDA:1318,214,1,0
BRDA:1318,215,0,0
BRDA:1318,215,1,0
BRDA:1322,216,0,0
BRDA:1322,216,1,0
BRDA:1328,217,0,0
BRDA:1328,217,1,0
BRDA:1328,218,0,0
BRDA:1328,218,1,0
BRDA:1329,219,0,0
BRDA:1329,219,1,0
BRDA:1329,220,0,0
BRDA:1329,220,1,0
BRDA:1336,221,0,0
BRDA:1336,221,1,0
BRDA:1366,222,0,0
BRDA:1366,222,1,0
BRDA:1366,223,0,0
BRDA:1366,223,1,0
BRDA:1367,224,0,0
BRDA:1367,224,1,0
BRDA:1367,225,0,0
BRDA:1367,225,1,0
BRDA:1371,226,0,0
BRDA:1371,226,1,0
BRDA:1371,227,0,0
BRDA:1371,227,1,0
BRDA:1393,228,0,0
BRDA:1393,228,1,0
BRDA:1401,229,0,0
BRDA:1401,229,1,0
BRDA:1413,230,0,0
BRDA:1413,230,1,0
BRDA:1413,231,0,0
BRDA:1413,231,1,0
BRDA:1424,232,0,0
BRDA:1424,232,1,0
BRDA:1424,232,2,0
BRDA:1424,232,3,0
BRDA:1424,232,4,0
BRDA:1424,232,5,0
BRDA:1424,232,6,0
BRDA:1424,232,7,0
BRDA:1429,233,0,0
BRDA:1429,233,1,0
BRDA:1431,234,0,0
BRDA:1431,234,1,0
BRDA:1440,235,0,0
BRDA:1440,235,1,0
BRDA:1444,236,0,0
BRDA:1444,236,1,0
BRDA:1445,237,0,0
BRDA:1445,237,1,0
BRDA:1447,238,0,0
BRDA:1447,238,1,0
BRDA:1447,239,0,0
BRDA:1447,239,1,0
BRDA:1461,240,0,0
BRDA:1461,240,1,0
BRDA:1461,241,0,0
BRDA:1461,241,1,0
BRDA:1471,242,0,0
BRDA:1471,242,1,0
BRDA:1471,243,0,0
BRDA:1471,243,1,0
BRDA:1493,244,0,0
BRDA:1493,244,1,0
BRDA:1493,245,0,0
BRDA:1493,245,1,0
BRDA:1495,246,0,0
BRDA:1495,246,1,0
BRDA:1495,246,2,0
BRDA:1495,246,3,0
BRDA:1495,246,4,0
BRDA:1495,246,5,0
BRDA:1495,246,6,0
BRDA:1495,246,7,0
BRDA:1495,246,8,0
BRDA:1503,247,0,0
BRDA:1503,247,1,0
BRDA:1532,248,0,0
BRDA:1532,248,1,0
BRDA:1547,249,0,0
BRDA:1547,249,1,0
BRDA:1547,250,0,0
BRDA:1547,250,1,0
BRDA:1553,251,0,0
BRDA:1553,251,1,0
BRDA:1559,252,0,0
BRDA:1559,252,1,0
BRDA:1563,253,0,0
BRDA:1563,253,1,0
BRDA:1563,254,0,0
BRDA:1563,254,1,0
BRDA:1589,255,0,0
BRDA:1589,255,1,0
BRDA:1589,256,0,0
BRDA:1589,256,1,0
BRDA:1595,257,0,0
BRDA:1595,257,1,0
BRDA:1598,258,0,0
BRDA:1598,258,1,0
BRDA:1598,259,0,0
BRDA:1598,259,1,0
BRDA:1602,260,0,0
BRDA:1602,260,1,0
BRDA:1602,261,0,0
BRDA:1602,261,1,0
BRDA:1607,262,0,0
BRDA:1607,262,1,0
BRDA:1607,263,0,0
BRDA:1607,263,1,0
BRDA:1615,264,0,0
BRDA:1615,264,1,0
BRDA:1623,265,0,0
BRDA:1623,265,1,0
BRDA:1642,266,0,0
BRDA:1642,266,1,0
BRDA:1648,267,0,0
BRDA:1648,267,1,0
BRDA:1661,268,0,0
BRDA:1661,268,1,0
BRDA:1663,269,0,0
BRDA:1663,269,1,0
BRDA:1670,270,0,0
BRDA:1670,270,1,0
BRDA:1670,271,0,0
BRDA:1670,271,1,0
BRDA:1676,272,0,0
BRDA:1676,272,1,0
BRDA:1676,272,2,0
BRDA:1676,272,3,0
BRDA:1676,272,4,0
BRDA:1676,272,5,0
BRDA:1681,273,0,0
BRDA:1681,273,1,0
BRDA:1699,274,0,0
BRDA:1699,274,1,0
BRDA:1699,275,0,0
BRDA:1699,275,1,0
BRDA:1705,276,0,0
BRDA:1705,276,1,0
BRDA:1705,277,0,0
BRDA:1705,277,1,0
BRDA:1708,278,0,0
BRDA:1708,278,1,0
BRDA:1708,279,0,0
BRDA:1708,279,1,0
BRDA:1714,280,0,0
BRDA:1714,280,1,0
BRDA:1719,281,0,0
BRDA:1719,281,1,0
BRDA:1719,282,0,0
BRDA:1719,282,1,0
BRDA:1722,283,0,0
BRDA:1722,283,1,0
BRDA:1724,284,0,0
BRDA:1724,284,1,0
BRDA:1724,285,0,0
BRDA:1724,285,1,0
BRDA:1731,286,0,0
BRDA:1731,286,1,0
BRDA:1731,287,0,0
BRDA:1731,287,1,0
BRDA:1731,287,2,0
BRDA:1740,288,0,0
BRDA:1740,288,1,0
BRDA:1740,289,0,0
BRDA:1740,289,1,0
BRDA:1749,290,0,0
BRDA:1749,290,1,0
BRDA:1749,291,0,0
BRDA:1749,291,1,0
BRDA:1753,292,0,0
BRDA:1753,292,1,0
BRDA:1753,293,0,0
BRDA:1753,293,1,0
BRDA:1755,294,0,0
BRDA:1755,294,1,0
BRDA:1756,295,0,0
BRDA:1756,295,1,0
BRDA:1756,296,0,0
BRDA:1756,296,1,0
BRDA:1761,297,0,0
BRDA:1761,297,1,0
BRDA:1761,298,0,0
BRDA:1761,298,1,0
BRDA:1769,299,0,0
BRDA:1769,299,1,0
BRDA:1775,300,0,0
BRDA:1775,300,1,0
BRDA:1775,301,0,0
BRDA:1775,301,1,0
BRDA:1780,302,0,0
BRDA:1780,302,1,0
BRDA:1780,303,0,0
BRDA:1780,303,1,0
BRDA:1787,304,0,0
BRDA:1787,304,1,0
BRDA:1789,305,0,0
BRDA:1789,305,1,0
BRDA:1794,306,0,0
BRDA:1794,306,1,0
BRDA:1794,307,0,0
BRDA:1794,307,1,0
BRF:651
BRH:0
end_of_record
TN:
SF:client/src/lib/games/DanceInterlude.ts
FN:27,(anonymous_0)
FN:57,(anonymous_1)
FN:78,(anonymous_2)
FN:80,(anonymous_3)
FN:94,(anonymous_4)
FN:103,(anonymous_5)
FN:134,(anonymous_6)
FN:143,(anonymous_7)
FN:154,(anonymous_8)
FN:210,(anonymous_9)
FN:211,(anonymous_10)
FN:216,(anonymous_11)
FN:222,(anonymous_12)
FN:233,(anonymous_13)
FN:242,(anonymous_14)
FN:254,(anonymous_15)
FN:267,(anonymous_16)
FN:280,(anonymous_17)
FN:290,(anonymous_18)
FN:301,(anonymous_19)
FN:312,(anonymous_20)
FN:322,(anonymous_21)
FN:324,(anonymous_22)
FN:325,(anonymous_23)
FN:352,(anonymous_24)
FN:354,(anonymous_25)
FN:364,(anonymous_26)
FN:386,(anonymous_27)
FN:410,(anonymous_28)
FN:411,(anonymous_29)
FN:424,(anonymous_30)
FN:437,(anonymous_31)
FN:488,(anonymous_32)
FN:512,(anonymous_33)
FN:538,(anonymous_34)
FN:556,(anonymous_35)
FN:557,(anonymous_36)
FN:577,(anonymous_37)
FN:626,(anonymous_38)
FN:633,(anonymous_39)
FNF:40
FNH:0
FNDA:0,(anonymous_0)
FNDA:0,(anonymous_1)
FNDA:0,(anonymous_2)
FNDA:0,(anonymous_3)
FNDA:0,(anonymous_4)
FNDA:0,(anonymous_5)
FNDA:0,(anonymous_6)
FNDA:0,(anonymous_7)
FNDA:0,(anonymous_8)
FNDA:0,(anonymous_9)
FNDA:0,(anonymous_10)
FNDA:0,(anonymous_11)
FNDA:0,(anonymous_12)
FNDA:0,(anonymous_13)
FNDA:0,(anonymous_14)
FNDA:0,(anonymous_15)
FNDA:0,(anonymous_16)
FNDA:0,(anonymous_17)
FNDA:0,(anonymous_18)
FNDA:0,(anonymous_19)
FNDA:0,(anonymous_20)
FNDA:0,(anonymous_21)
FNDA:0,(anonymous_22)
FNDA:0,(anonymous_23)
FNDA:0,(anonymous_24)
FNDA:0,(anonymous_25)
FNDA:0,(anonymous_26)
FNDA:0,(anonymous_27)
FNDA:0,(anonymous_28)
FNDA:0,(anonymous_29)
FNDA:0,(anonymous_30)
FNDA:0,(anonymous_31)
FNDA:0,(anonymous_32)
FNDA:0,(anonymous_33)
FNDA:0,(anonymous_34)
FNDA:0,(anonymous_35)
FNDA:0,(anonymous_36)
FNDA:0,(anonymous_37)
FNDA:0,(anonymous_38)
FNDA:0,(anonymous_39)
DA:1,0
DA:27,0
DA:29,0
DA:30,0
DA:31,0
DA:32,0
DA:33,0
DA:34,0
DA:35,0
DA:36,0
DA:37,0
DA:38,0
DA:39,0
DA:40,0
DA:43,0
DA:59,0
DA:73,0
DA:74,0
DA:75,0
DA:80,0
DA:81,0
DA:83,0
DA:84,0
DA:85,0
DA:96,0
DA:104,0
DA:107,0
DA:108,0
DA:109,0
DA:113,0
DA:116,0
DA:119,0
DA:122,0
DA:125,0
DA:126,0
DA:127,0
DA:129,0
DA:136,0
DA:137,0
DA:138,0
DA:140,0
DA:141,0
DA:142,0
DA:143,0
DA:144,0
DA:147,0
DA:150,0
DA:155,0
DA:156,0
DA:159,0
DA:161,0
DA:163,0
DA:164,0
DA:167,0
DA:168,0
DA:169,0
DA:172,0
DA:173,0
DA:176,0
DA:177,0
DA:180,0
DA:181,0
DA:184,0
DA:185,0
DA:188,0
DA:189,0
DA:192,0
DA:193,0
DA:196,0
DA:197,0
DA:200,0
DA:201,0
DA:204,0
DA:205,0
DA:206,0
DA:211,0
DA:212,0
DA:217,0
DA:218,0
DA:219,0
DA:224,0
DA:225,0
DA:228,0
DA:229,0
DA:235,0
DA:236,0
DA:239,0
DA:244,0
DA:245,0
DA:248,0
DA:251,0
DA:256,0
DA:257,0
DA:260,0
DA:261,0
DA:263,0
DA:269,0
DA:270,0
DA:273,0
DA:274,0
DA:277,0
DA:282,0
DA:283,0
DA:286,0
DA:287,0
DA:292,0
DA:293,0
DA:296,0
DA:297,0
DA:298,0
DA:303,0
DA:304,0
DA:305,0
DA:306,0
DA:309,0
DA:314,0
DA:315,0
DA:319,0
DA:324,0
DA:325,0
DA:326,0
DA:338,0
DA:339,0
DA:340,0
DA:342,0
DA:343,0
DA:344,0
DA:345,0
DA:346,0
DA:347,0
DA:354,0
DA:355,0
DA:359,0
DA:360,0
DA:365,0
DA:368,0
DA:371,0
DA:374,0
DA:377,0
DA:380,0
DA:383,0
DA:388,0
DA:389,0
DA:390,0
DA:391,0
DA:392,0
DA:393,0
DA:396,0
DA:397,0
DA:400,0
DA:401,0
DA:402,0
DA:403,0
DA:404,0
DA:405,0
DA:406,0
DA:411,0
DA:412,0
DA:416,0
DA:417,0
DA:419,0
DA:420,0
DA:425,0
DA:426,0
DA:427,0
DA:430,0
DA:431,0
DA:432,0
DA:434,0
DA:439,0
DA:440,0
DA:441,0
DA:442,0
DA:443,0
DA:446,0
DA:447,0
DA:450,0
DA:451,0
DA:452,0
DA:455,0
DA:456,0
DA:457,0
DA:458,0
DA:460,0
DA:461,0
DA:462,0
DA:463,0
DA:464,0
DA:465,0
DA:466,0
DA:467,0
DA:470,0
DA:471,0
DA:472,0
DA:473,0
DA:475,0
DA:476,0
DA:477,0
DA:478,0
DA:479,0
DA:480,0
DA:483,0
DA:484,0
DA:485,0
DA:489,0
DA:490,0
DA:493,0
DA:494,0
DA:495,0
DA:498,0
DA:499,0
DA:502,0
DA:503,0
DA:506,0
DA:507,0
DA:509,0
DA:513,0
DA:514,0
DA:517,0
DA:518,0
DA:519,0
DA:520,0
DA:521,0
DA:522,0
DA:525,0
DA:526,0
DA:527,0
DA:528,0
DA:529,0
DA:532,0
DA:533,0
DA:535,0
DA:539,0
DA:541,0
DA:542,0
DA:545,0
DA:546,0
DA:547,0
DA:548,0
DA:549,0
DA:550,0
DA:551,0
DA:557,0
DA:558,0
DA:560,0
DA:561,0
DA:562,0
DA:563,0
DA:565,0
DA:566,0
DA:567,0
DA:568,0
DA:569,0
DA:570,0
DA:571,0
DA:572,0
DA:573,0
DA:578,0
DA:579,0
DA:582,0
DA:583,0
DA:594,0
DA:604,0
DA:614,0
DA:615,0
DA:628,0
DA:629,0
DA:634,0
DA:635,0
DA:636,0
DA:637,0
DA:638,0
DA:639,0
DA:640,0
DA:641,0
DA:643,0
DA:644,0
DA:645,0
DA:646,0
DA:647,0
DA:648,0
DA:650,0
DA:656,0
DA:657,0
LF:284
LH:0
BRDA:81,0,0,0
BRDA:81,0,1,0
BRDA:81,1,0,0
BRDA:81,1,1,0
BRDA:83,2,0,0
BRDA:83,2,1,0
BRDA:107,3,0,0
BRDA:107,3,1,0
BRDA:125,4,0,0
BRDA:125,4,1,0
BRDA:126,5,0,0
BRDA:126,5,1,0
BRDA:127,6,0,0
BRDA:127,6,1,0
BRDA:127,7,0,0
BRDA:127,7,1,0
BRDA:129,8,0,0
BRDA:129,8,1,0
BRDA:129,9,0,0
BRDA:129,9,1,0
BRDA:138,10,0,0
BRDA:138,10,1,0
BRDA:138,11,0,0
BRDA:138,11,1,0
BRDA:161,12,0,0
BRDA:161,12,1,0
BRDA:161,12,2,0
BRDA:161,12,3,0
BRDA:161,12,4,0
BRDA:161,12,5,0
BRDA:161,12,6,0
BRDA:161,12,7,0
BRDA:161,12,8,0
BRDA:161,12,9,0
BRDA:161,12,10,0
BRDA:161,13,0,0
BRDA:161,13,1,0
BRDA:161,14,0,0
BRDA:161,14,1,0
BRDA:212,15,0,0
BRDA:212,15,1,0
BRDA:218,16,0,0
BRDA:218,16,1,0
BRDA:228,17,0,0
BRDA:228,17,1,0
BRDA:260,18,0,0
BRDA:260,18,1,0
BRDA:314,19,0,0
BRDA:314,19,1,0
BRDA:324,20,0,0
BRDA:324,20,1,0
BRDA:340,21,0,0
BRDA:340,21,1,0
BRDA:343,22,0,0
BRDA:343,22,1,0
BRDA:359,23,0,0
BRDA:359,23,1,0
BRDA:539,24,0,0
BRDA:539,24,1,0
BRDA:558,25,0,0
BRDA:558,25,1,0
BRDA:582,26,0,0
BRDA:582,26,1,0
BRDA:614,27,0,0
BRDA:614,27,1,0
BRDA:628,28,0,0
BRDA:628,28,1,0
BRDA:636,29,0,0
BRDA:636,29,1,0
BRDA:643,30,0,0
BRDA:643,30,1,0
BRF:71
BRH:0
end_of_record
TN:
SF:client/src/lib/games/DefenderGame.ts
FN:43,(anonymous_13)
FN:80,(anonymous_14)
FN:100,(anonymous_16)
FN:107,(anonymous_17)
FN:144,(anonymous_18)
FN:162,(anonymous_19)
FN:170,(anonymous_20)
FN:177,(anonymous_21)
FN:196,(anonymous_22)
FN:211,(anonymous_23)
FN:244,(anonymous_24)
FN:270,(anonymous_25)
FN:296,(anonymous_26)
FN:311,(anonymous_27)
FN:340,(anonymous_28)
FN:353,(anonymous_29)
FN:355,(anonymous_30)
FN:366,(anonymous_31)
FN:375,(anonymous_32)
FN:405,(anonymous_33)
FN:411,(anonymous_34)
FN:413,(anonymous_35)
FN:414,(anonymous_36)
FN:432,(anonymous_37)
FN:456,(anonymous_38)
FN:471,(anonymous_39)
FN:478,(anonymous_40)
FN:482,(anonymous_41)
FN:495,(anonymous_42)
FN:499,(anonymous_43)
FN:512,(anonymous_44)
FN:518,(anonymous_45)
FN:524,(anonymous_46)
FN:547,(anonymous_47)
FN:554,(anonymous_48)
FN:561,(anonymous_49)
FN:564,(anonymous_50)
FN:565,(anonymous_51)
FN:583,(anonymous_52)
FN:634,(anonymous_53)
FN:682,(anonymous_54)
FN:695,(anonymous_55)
FN:717,(anonymous_56)
FN:746,(anonymous_57)
FN:758,(anonymous_58)
FN:770,(anonymous_59)
FN:782,(anonymous_60)
FN:794,(anonymous_61)
FN:806,(anonymous_62)
FN:815,(anonymous_63)
FN:824,(anonymous_64)
FN:835,(anonymous_65)
FN:843,(anonymous_66)
FN:850,(anonymous_67)
FN:861,(anonymous_68)
FN:872,(anonymous_69)
FN:883,(anonymous_70)
FN:884,(anonymous_71)
FN:890,(anonymous_72)
FN:897,(anonymous_73)
FNF:60
FNH:0
FNDA:0,(anonymous_13)
FNDA:0,(anonymous_14)
FNDA:0,(anonymous_16)
FNDA:0,(anonymous_17)
FNDA:0,(anonymous_18)
FNDA:0,(anonymous_19)
FNDA:0,(anonymous_20)
FNDA:0,(anonymous_21)
FNDA:0,(anonymous_22)
FNDA:0,(anonymous_23)
FNDA:0,(anonymous_24)
FNDA:0,(anonymous_25)
FNDA:0,(anonymous_26)
FNDA:0,(anonymous_27)
FNDA:0,(anonymous_28)
FNDA:0,(anonymous_29)
FNDA:0,(anonymous_30)
FNDA:0,(anonymous_31)
FNDA:0,(anonymous_32)
FNDA:0,(anonymous_33)
FNDA:0,(anonymous_34)
FNDA:0,(anonymous_35)
FNDA:0,(anonymous_36)
FNDA:0,(anonymous_37)
FNDA:0,(anonymous_38)
FNDA:0,(anonymous_39)
FNDA:0,(anonymous_40)
FNDA:0,(anonymous_41)
FNDA:0,(anonymous_42)
FNDA:0,(anonymous_43)
FNDA:0,(anonymous_44)
FNDA:0,(anonymous_45)
FNDA:0,(anonymous_46)
FNDA:0,(anonymous_47)
FNDA:0,(anonymous_48)
FNDA:0,(anonymous_49)
FNDA:0,(anonymous_50)
FNDA:0,(anonymous_51)
FNDA:0,(anonymous_52)
FNDA:0,(anonymous_53)
FNDA:0,(anonymous_54)
FNDA:0,(anonymous_55)
FNDA:0,(anonymous_56)
FNDA:0,(anonymous_57)
FNDA:0,(anonymous_58)
FNDA:0,(anonymous_59)
FNDA:0,(anonymous_60)
FNDA:0,(anonymous_61)
FNDA:0,(anonymous_62)
FNDA:0,(anonymous_63)
FNDA:0,(anonymous_64)
FNDA:0,(anonymous_65)
FNDA:0,(anonymous_66)
FNDA:0,(anonymous_67)
FNDA:0,(anonymous_68)
FNDA:0,(anonymous_69)
FNDA:0,(anonymous_70)
FNDA:0,(anonymous_71)
FNDA:0,(anonymous_72)
FNDA:0,(anonymous_73)
DA:1,0
DA:43,0
DA:45,0
DA:46,0
DA:47,0
DA:48,0
DA:49,0
DA:50,0
DA:51,0
DA:52,0
DA:53,0
DA:54,0
DA:55,0
DA:56,0
DA:57,0
DA:70,0
DA:71,0
DA:73,0
DA:75,0
DA:76,0
DA:77,0
DA:78,0
DA:82,0
DA:92,0
DA:93,0
DA:96,0
DA:99,0
DA:100,0
DA:101,0
DA:103,0
DA:108,0
DA:110,0
DA:112,0
DA:114,0
DA:116,0
DA:117,0
DA:119,0
DA:122,0
DA:125,0
DA:140,0
DA:145,0
DA:146,0
DA:158,0
DA:164,0
DA:167,0
DA:170,0
DA:171,0
DA:172,0
DA:177,0
DA:178,0
DA:180,0
DA:185,0
DA:187,0
DA:190,0
DA:193,0
DA:196,0
DA:197,0
DA:198,0
DA:199,0
DA:201,0
DA:202,0
DA:203,0
DA:208,0
DA:212,0
DA:214,0
DA:215,0
DA:216,0
DA:217,0
DA:218,0
DA:219,0
DA:221,0
DA:224,0
DA:225,0
DA:226,0
DA:229,0
DA:230,0
DA:231,0
DA:235,0
DA:237,0
DA:238,0
DA:239,0
DA:246,0
DA:247,0
DA:251,0
DA:252,0
DA:255,0
DA:256,0
DA:257,0
DA:258,0
DA:262,0
DA:263,0
DA:267,0
DA:271,0
DA:274,0
DA:275,0
DA:279,0
DA:280,0
DA:281,0
DA:282,0
DA:286,0
DA:287,0
DA:288,0
DA:289,0
DA:290,0
DA:291,0
DA:298,0
DA:299,0
DA:301,0
DA:302,0
DA:304,0
DA:307,0
DA:308,0
DA:313,0
DA:314,0
DA:317,0
DA:318,0
DA:319,0
DA:321,0
DA:322,0
DA:325,0
DA:337,0
DA:341,0
DA:350,0
DA:355,0
DA:356,0
DA:357,0
DA:358,0
DA:360,0
DA:366,0
DA:367,0
DA:368,0
DA:369,0
DA:371,0
DA:377,0
DA:378,0
DA:389,0
DA:390,0
DA:391,0
DA:392,0
DA:393,0
DA:394,0
DA:398,0
DA:399,0
DA:400,0
DA:406,0
DA:408,0
DA:413,0
DA:414,0
DA:415,0
DA:416,0
DA:417,0
DA:418,0
DA:419,0
DA:421,0
DA:422,0
DA:423,0
DA:424,0
DA:425,0
DA:426,0
DA:432,0
DA:433,0
DA:434,0
DA:435,0
DA:436,0
DA:437,0
DA:439,0
DA:440,0
DA:441,0
DA:442,0
DA:443,0
DA:444,0
DA:445,0
DA:449,0
DA:450,0
DA:451,0
DA:456,0
DA:457,0
DA:458,0
DA:459,0
DA:460,0
DA:461,0
DA:463,0
DA:464,0
DA:465,0
DA:472,0
DA:479,0
DA:480,0
DA:482,0
DA:483,0
DA:484,0
DA:485,0
DA:486,0
DA:487,0
DA:492,0
DA:496,0
DA:497,0
DA:499,0
DA:500,0
DA:501,0
DA:502,0
DA:503,0
DA:504,0
DA:509,0
DA:513,0
DA:514,0
DA:515,0
DA:520,0
DA:521,0
DA:526,0
DA:527,0
DA:528,0
DA:529,0
DA:530,0
DA:531,0
DA:532,0
DA:533,0
DA:534,0
DA:537,0
DA:538,0
DA:541,0
DA:544,0
DA:547,0
DA:548,0
DA:549,0
DA:554,0
DA:555,0
DA:556,0
DA:561,0
DA:564,0
DA:565,0
DA:567,0
DA:570,0
DA:571,0
DA:572,0
DA:573,0
DA:577,0
DA:580,0
DA:584,0
DA:586,0
DA:587,0
DA:588,0
DA:596,0
DA:597,0
DA:598,0
DA:599,0
DA:600,0
DA:601,0
DA:604,0
DA:605,0
DA:606,0
DA:607,0
DA:608,0
DA:609,0
DA:610,0
DA:611,0
DA:612,0
DA:613,0
DA:614,0
DA:622,0
DA:623,0
DA:624,0
DA:625,0
DA:626,0
DA:627,0
DA:628,0
DA:631,0
DA:635,0
DA:636,0
DA:637,0
DA:639,0
DA:640,0
DA:641,0
DA:642,0
DA:643,0
DA:644,0
DA:645,0
DA:647,0
DA:649,0
DA:650,0
DA:651,0
DA:653,0
DA:654,0
DA:655,0
DA:656,0
DA:658,0
DA:659,0
DA:662,0
DA:663,0
DA:664,0
DA:665,0
DA:666,0
DA:667,0
DA:669,0
DA:670,0
DA:671,0
DA:673,0
DA:674,0
DA:675,0
DA:676,0
DA:683,0
DA:684,0
DA:685,0
DA:689,0
DA:690,0
DA:691,0
DA:692,0
DA:697,0
DA:698,0
DA:699,0
DA:700,0
DA:701,0
DA:702,0
DA:705,0
DA:706,0
DA:709,0
DA:710,0
DA:711,0
DA:712,0
DA:713,0
DA:718,0
DA:719,0
DA:720,0
DA:721,0
DA:724,0
DA:725,0
DA:726,0
DA:727,0
DA:728,0
DA:732,0
DA:733,0
DA:736,0
DA:737,0
DA:738,0
DA:739,0
DA:740,0
DA:741,0
DA:743,0
DA:747,0
DA:748,0
DA:749,0
DA:755,0
DA:759,0
DA:760,0
DA:761,0
DA:767,0
DA:771,0
DA:772,0
DA:773,0
DA:779,0
DA:783,0
DA:784,0
DA:785,0
DA:791,0
DA:795,0
DA:796,0
DA:797,0
DA:798,0
DA:799,0
DA:800,0
DA:801,0
DA:802,0
DA:803,0
DA:807,0
DA:808,0
DA:809,0
DA:812,0
DA:816,0
DA:817,0
DA:818,0
DA:819,0
DA:826,0
DA:827,0
DA:828,0
DA:830,0
DA:831,0
DA:837,0
DA:838,0
DA:839,0
DA:840,0
DA:844,0
DA:845,0
DA:846,0
DA:851,0
DA:852,0
DA:853,0
DA:854,0
DA:857,0
DA:862,0
DA:863,0
DA:864,0
DA:865,0
DA:868,0
DA:873,0
DA:874,0
DA:875,0
DA:876,0
DA:879,0
DA:884,0
DA:885,0
DA:886,0
DA:890,0
DA:891,0
DA:894,0
DA:895,0
DA:897,0
DA:898,0
DA:899,0
DA:900,0
LF:408
LH:0
BRDA:114,0,0,0
BRDA:114,0,1,0
BRDA:117,1,0,0
BRDA:117,1,1,0
BRDA:136,2,0,0
BRDA:136,2,1,0
BRDA:171,3,0,0
BRDA:171,3,1,0
BRDA:178,4,0,0
BRDA:178,4,1,0
BRDA:178,5,0,0
BRDA:178,5,1,0
BRDA:196,6,0,0
BRDA:196,6,1,0
BRDA:199,7,0,0
BRDA:199,7,1,0
BRDA:202,8,0,0
BRDA:202,8,1,0
BRDA:202,9,0,0
BRDA:202,9,1,0
BRDA:208,10,0,0
BRDA:208,10,1,0
BRDA:208,11,0,0
BRDA:208,11,1,0
BRDA:214,12,0,0
BRDA:214,12,1,0
BRDA:214,13,0,0
BRDA:214,13,1,0
BRDA:217,14,0,0
BRDA:217,14,1,0
BRDA:217,15,0,0
BRDA:217,15,1,0
BRDA:224,16,0,0
BRDA:224,16,1,0
BRDA:224,17,0,0
BRDA:224,17,1,0
BRDA:224,17,2,0
BRDA:229,18,0,0
BRDA:229,18,1,0
BRDA:235,19,0,0
BRDA:235,19,1,0
BRDA:235,20,0,0
BRDA:235,20,1,0
BRDA:237,21,0,0
BRDA:237,21,1,0
BRDA:237,22,0,0
BRDA:237,22,1,0
BRDA:246,23,0,0
BRDA:246,23,1,0
BRDA:255,24,0,0
BRDA:255,24,1,0
BRDA:262,25,0,0
BRDA:262,25,1,0
BRDA:274,26,0,0
BRDA:274,26,1,0
BRDA:274,27,0,0
BRDA:274,27,1,0
BRDA:280,28,0,0
BRDA:280,28,1,0
BRDA:286,29,0,0
BRDA:286,29,1,0
BRDA:288,30,0,0
BRDA:288,30,1,0
BRDA:288,31,0,0
BRDA:288,31,1,0
BRDA:299,32,0,0
BRDA:299,32,1,0
BRDA:299,33,0,0
BRDA:299,33,1,0
BRDA:301,34,0,0
BRDA:301,34,1,0
BRDA:317,35,0,0
BRDA:317,35,1,0
BRDA:317,36,0,0
BRDA:317,36,1,0
BRDA:319,37,0,0
BRDA:319,37,1,0
BRDA:319,38,0,0
BRDA:319,38,1,0
BRDA:360,39,0,0
BRDA:360,39,1,0
BRDA:360,39,2,0
BRDA:360,39,3,0
BRDA:360,39,4,0
BRDA:360,39,5,0
BRDA:371,40,0,0
BRDA:371,40,1,0
BRDA:371,40,2,0
BRDA:377,41,0,0
BRDA:377,41,1,0
BRDA:377,42,0,0
BRDA:377,42,1,0
BRDA:392,43,0,0
BRDA:392,43,1,0
BRDA:398,44,0,0
BRDA:398,44,1,0
BRDA:415,45,0,0
BRDA:415,45,1,0
BRDA:415,46,0,0
BRDA:415,46,1,0
BRDA:418,47,0,0
BRDA:418,47,1,0
BRDA:421,48,0,0
BRDA:421,48,1,0
BRDA:421,49,0,0
BRDA:421,49,1,0
BRDA:422,50,0,0
BRDA:422,50,1,0
BRDA:422,51,0,0
BRDA:422,51,1,0
BRDA:423,52,0,0
BRDA:423,52,1,0
BRDA:423,53,0,0
BRDA:423,53,1,0
BRDA:424,54,0,0
BRDA:424,54,1,0
BRDA:424,55,0,0
BRDA:424,55,1,0
BRDA:425,56,0,0
BRDA:425,56,1,0
BRDA:425,57,0,0
BRDA:425,57,1,0
BRDA:433,58,0,0
BRDA:433,58,1,0
BRDA:434,59,0,0
BRDA:434,59,1,0
BRDA:439,60,0,0
BRDA:439,60,1,0
BRDA:439,61,0,0
BRDA:439,61,1,0
BRDA:440,62,0,0
BRDA:440,62,1,0
BRDA:440,63,0,0
BRDA:440,63,1,0
BRDA:441,64,0,0
BRDA:441,64,1,0
BRDA:441,65,0,0
BRDA:441,65,1,0
BRDA:442,66,0,0
BRDA:442,66,1,0
BRDA:442,67,0,0
BRDA:442,67,1,0
BRDA:443,68,0,0
BRDA:443,68,1,0
BRDA:443,69,0,0
BRDA:443,69,1,0
BRDA:444,70,0,0
BRDA:444,70,1,0
BRDA:444,71,0,0
BRDA:444,71,1,0
BRDA:449,72,0,0
BRDA:449,72,1,0
BRDA:449,73,0,0
BRDA:449,73,1,0
BRDA:450,74,0,0
BRDA:450,74,1,0
BRDA:450,75,0,0
BRDA:450,75,1,0
BRDA:450,75,2,0
BRDA:457,76,0,0
BRDA:457,76,1,0
BRDA:457,77,0,0
BRDA:457,77,1,0
BRDA:457,77,2,0
BRDA:464,78,0,0
BRDA:464,78,1,0
BRDA:464,79,0,0
BRDA:464,79,1,0
BRDA:472,80,0,0
BRDA:472,80,1,0
BRDA:472,80,2,0
BRDA:472,80,3,0
BRDA:483,81,0,0
BRDA:483,81,1,0
BRDA:485,82,0,0
BRDA:485,82,1,0
BRDA:500,83,0,0
BRDA:500,83,1,0
BRDA:500,84,0,0
BRDA:500,84,1,0
BRDA:500,84,2,0
BRDA:502,85,0,0
BRDA:502,85,1,0
BRDA:526,86,0,0
BRDA:526,86,1,0
BRDA:526,87,0,0
BRDA:526,87,1,0
BRDA:527,88,0,0
BRDA:527,88,1,0
BRDA:527,89,0,0
BRDA:527,89,1,0
BRDA:528,90,0,0
BRDA:528,90,1,0
BRDA:528,91,0,0
BRDA:528,91,1,0
BRDA:528,91,2,0
BRDA:529,92,0,0
BRDA:529,92,1,0
BRDA:530,93,0,0
BRDA:530,93,1,0
BRDA:531,94,0,0
BRDA:531,94,1,0
BRDA:548,95,0,0
BRDA:548,95,1,0
BRDA:555,96,0,0
BRDA:555,96,1,0
BRDA:570,97,0,0
BRDA:570,97,1,0
BRDA:570,98,0,0
BRDA:570,98,1,0
BRDA:571,99,0,0
BRDA:571,99,1,0
BRDA:571,100,0,0
BRDA:571,100,1,0
BRDA:584,101,0,0
BRDA:584,101,1,0
BRDA:584,102,0,0
BRDA:584,102,1,0
BRDA:587,103,0,0
BRDA:587,103,1,0
BRDA:608,104,0,0
BRDA:608,104,1,0
BRDA:612,105,0,0
BRDA:612,105,1,0
BRDA:636,106,0,0
BRDA:636,106,1,0
BRDA:637,107,0,0
BRDA:637,107,1,0
BRDA:637,108,0,0
BRDA:637,108,1,0
BRDA:637,109,0,0
BRDA:637,109,1,0
BRDA:639,110,0,0
BRDA:639,110,1,0
BRDA:640,111,0,0
BRDA:640,111,1,0
BRDA:684,112,0,0
BRDA:684,112,1,0
BRDA:684,113,0,0
BRDA:684,113,1,0
BRDA:685,114,0,0
BRDA:685,114,1,0
BRDA:685,115,0,0
BRDA:685,115,1,0
BRDA:720,116,0,0
BRDA:720,116,1,0
BRDA:724,117,0,0
BRDA:724,117,1,0
BRDA:748,118,0,0
BRDA:748,118,1,0
BRDA:760,119,0,0
BRDA:760,119,1,0
BRDA:816,120,0,0
BRDA:816,120,1,0
BRDA:818,121,0,0
BRDA:818,121,1,0
BRDA:826,122,0,0
BRDA:826,122,1,0
BRDA:845,123,0,0
BRDA:845,123,1,0
BRDA:853,124,0,0
BRDA:853,124,1,0
BRDA:853,125,0,0
BRDA:853,125,1,0
BRDA:853,126,0,0
BRDA:853,126,1,0
BRDA:854,127,0,0
BRDA:854,127,1,0
BRDA:854,128,0,0
BRDA:854,128,1,0
BRDA:864,129,0,0
BRDA:864,129,1,0
BRDA:864,130,0,0
BRDA:864,130,1,0
BRDA:864,131,0,0
BRDA:864,131,1,0
BRDA:865,132,0,0
BRDA:865,132,1,0
BRDA:865,133,0,0
BRDA:865,133,1,0
BRDA:875,134,0,0
BRDA:875,134,1,0
BRDA:875,135,0,0
BRDA:875,135,1,0
BRDA:885,136,0,0
BRDA:885,136,1,0
BRDA:885,137,0,0
BRDA:885,137,1,0
BRF:288
BRH:0
end_of_record
TN:
SF:client/src/lib/games/LasatGame.ts
FN:89,(anonymous_0)
FN:146,(anonymous_1)
FN:188,(anonymous_2)
FN:228,(anonymous_3)
FN:243,(anonymous_4)
FN:251,(anonymous_5)
FN:270,(anonymous_6)
FN:292,(anonymous_7)
FN:294,(anonymous_8)
FN:296,(anonymous_9)
FN:302,(anonymous_10)
FN:329,(anonymous_11)
FN:365,(anonymous_12)
FN:381,(anonymous_13)
FN:400,(anonymous_14)
FN:430,(anonymous_15)
FN:476,(anonymous_16)
FN:478,(anonymous_17)
FN:497,(anonymous_18)
FN:505,(anonymous_19)
FN:515,(anonymous_20)
FN:520,(anonymous_21)
FN:542,(anonymous_22)
FN:571,(anonymous_23)
FN:595,(anonymous_24)
FN:626,(anonymous_25)
FN:651,(anonymous_26)
FN:692,(anonymous_27)
FN:711,(anonymous_28)
FN:716,(anonymous_29)
FN:740,(anonymous_30)
FN:761,(anonymous_31)
FN:770,(anonymous_32)
FN:788,(anonymous_33)
FN:791,(anonymous_34)
FN:821,(anonymous_35)
FN:869,(anonymous_36)
FN:885,(anonymous_37)
FN:898,(anonymous_38)
FN:916,(anonymous_39)
FN:937,(anonymous_40)
FN:963,(anonymous_41)
FN:997,(anonymous_42)
FN:999,(anonymous_43)
FN:1010,(anonymous_44)
FN:1021,(anonymous_45)
FN:1022,(anonymous_46)
FN:1028,(anonymous_47)
FN:1042,(anonymous_48)
FN:1044,(anonymous_49)
FN:1045,(anonymous_50)
FN:1074,(anonymous_51)
FN:1097,(anonymous_52)
FN:1109,(anonymous_53)
FN:1116,(anonymous_54)
FN:1127,(anonymous_55)
FN:1152,(anonymous_56)
FN:1175,(anonymous_57)
FN:1216,(anonymous_58)
FN:1239,(anonymous_59)
FN:1268,(anonymous_60)
FN:1276,(anonymous_61)
FN:1283,(anonymous_62)
FN:1284,(anonymous_63)
FN:1287,(anonymous_64)
FN:1311,(anonymous_65)
FN:1313,(anonymous_66)
FN:1379,(anonymous_67)
FN:1457,(anonymous_68)
FN:1491,(anonymous_69)
FN:1512,(anonymous_70)
FN:1525,(anonymous_71)
FN:1550,(anonymous_72)
FN:1565,(anonymous_73)
FN:1584,(anonymous_74)
FN:1620,(anonymous_75)
FN:1657,(anonymous_76)
FN:1802,(anonymous_77)
FN:1834,(anonymous_78)
FN:1845,(anonymous_79)
FN:1862,(anonymous_80)
FN:1885,(anonymous_81)
FN:1886,(anonymous_82)
FN:1923,(anonymous_83)
FN:1936,(anonymous_84)
FN:1940,(anonymous_85)
FN:1947,(anonymous_86)
FN:1948,(anonymous_87)
FN:1954,(anonymous_88)
FN:1961,(anonymous_89)
FNF:90
FNH:0
FNDA:0,(anonymous_0)
FNDA:0,(anonymous_1)
FNDA:0,(anonymous_2)
FNDA:0,(anonymous_3)
FNDA:0,(anonymous_4)
FNDA:0,(anonymous_5)
FNDA:0,(anonymous_6)
FNDA:0,(anonymous_7)
FNDA:0,(anonymous_8)
FNDA:0,(anonymous_9)
FNDA:0,(anonymous_10)
FNDA:0,(anonymous_11)
FNDA:0,(anonymous_12)
FNDA:0,(anonymous_13)
FNDA:0,(anonymous_14)
FNDA:0,(anonymous_15)
FNDA:0,(anonymous_16)
FNDA:0,(anonymous_17)
FNDA:0,(anonymous_18)
FNDA:0,(anonymous_19)
FNDA:0,(anonymous_20)
FNDA:0,(anonymous_21)
FNDA:0,(anonymous_22)
FNDA:0,(anonymous_23)
FNDA:0,(anonymous_24)
FNDA:0,(anonymous_25)
FNDA:0,(anonymous_26)
FNDA:0,(anonymous_27)
FNDA:0,(anonymous_28)
FNDA:0,(anonymous_29)
FNDA:0,(anonymous_30)
FNDA:0,(anonymous_31)
FNDA:0,(anonymous_32)
FNDA:0,(anonymous_33)
FNDA:0,(anonymous_34)
FNDA:0,(anonymous_35)
FNDA:0,(anonymous_36)
FNDA:0,(anonymous_37)
FNDA:0,(anonymous_38)
FNDA:0,(anonymous_39)
FNDA:0,(anonymous_40)
FNDA:0,(anonymous_41)
FNDA:0,(anonymous_42)
FNDA:0,(anonymous_43)
FNDA:0,(anonymous_44)
FNDA:0,(anonymous_45)
FNDA:0,(anonymous_46)
FNDA:0,(anonymous_47)
FNDA:0,(anonymous_48)
FNDA:0,(anonymous_49)
FNDA:0,(anonymous_50)
FNDA:0,(anonymous_51)
FNDA:0,(anonymous_52)
FNDA:0,(anonymous_53)
FNDA:0,(anonymous_54)
FNDA:0,(anonymous_55)
FNDA:0,(anonymous_56)
FNDA:0,(anonymous_57)
FNDA:0,(anonymous_58)
FNDA:0,(anonymous_59)
FNDA:0,(anonymous_60)
FNDA:0,(anonymous_61)
FNDA:0,(anonymous_62)
FNDA:0,(anonymous_63)
FNDA:0,(anonymous_64)
FNDA:0,(anonymous_65)
FNDA:0,(anonymous_66)
FNDA:0,(anonymous_67)
FNDA:0,(anonymous_68)
FNDA:0,(anonymous_69)
FNDA:0,(anonymous_70)
FNDA:0,(anonymous_71)
FNDA:0,(anonymous_72)
FNDA:0,(anonymous_73)
FNDA:0,(anonymous_74)
FNDA:0,(anonymous_75)
FNDA:0,(anonymous_76)
FNDA:0,(anonymous_77)
FNDA:0,(anonymous_78)
FNDA:0,(anonymous_79)
FNDA:0,(anonymous_80)
FNDA:0,(anonymous_81)
FNDA:0,(anonymous_82)
FNDA:0,(anonymous_83)
FNDA:0,(anonymous_84)
FNDA:0,(anonymous_85)
FNDA:0,(anonymous_86)
FNDA:0,(anonymous_87)
FNDA:0,(anonymous_88)
FNDA:0,(anonymous_89)
DA:1,0
DA:89,0
DA:91,0
DA:92,0
DA:93,0
DA:94,0
DA:95,0
DA:96,0
DA:97,0
DA:98,0
DA:99,0
DA:100,0
DA:101,0
DA:102,0
DA:103,0
DA:104,0
DA:105,0
DA:106,0
DA:107,0
DA:108,0
DA:109,0
DA:110,0
DA:111,0
DA:112,0
DA:113,0
DA:114,0
DA:115,0
DA:116,0
DA:126,0
DA:148,0
DA:149,0
DA:150,0
DA:151,0
DA:152,0
DA:153,0
DA:154,0
DA:155,0
DA:156,0
DA:157,0
DA:160,0
DA:183,0
DA:184,0
DA:185,0
DA:190,0
DA:193,0
DA:194,0
DA:205,0
DA:206,0
DA:218,0
DA:230,0
DA:233,0
DA:235,0
DA:237,0
DA:243,0
DA:244,0
DA:245,0
DA:252,0
DA:253,0
DA:254,0
DA:255,0
DA:257,0
DA:258,0
DA:271,0
DA:274,0
DA:275,0
DA:276,0
DA:279,0
DA:280,0
DA:281,0
DA:282,0
DA:287,0
DA:288,0
DA:294,0
DA:295,0
DA:296,0
DA:297,0
DA:303,0
DA:326,0
DA:330,0
DA:331,0
DA:332,0
DA:334,0
DA:358,0
DA:359,0
DA:362,0
DA:367,0
DA:368,0
DA:369,0
DA:372,0
DA:373,0
DA:374,0
DA:378,0
DA:383,0
DA:386,0
DA:387,0
DA:391,0
DA:394,0
DA:397,0
DA:400,0
DA:401,0
DA:402,0
DA:403,0
DA:405,0
DA:411,0
DA:414,0
DA:417,0
DA:418,0
DA:422,0
DA:425,0
DA:426,0
DA:430,0
DA:431,0
DA:432,0
DA:433,0
DA:435,0
DA:436,0
DA:438,0
DA:439,0
DA:441,0
DA:442,0
DA:444,0
DA:446,0
DA:447,0
DA:448,0
DA:449,0
DA:450,0
DA:452,0
DA:453,0
DA:459,0
DA:463,0
DA:466,0
DA:467,0
DA:468,0
DA:469,0
DA:473,0
DA:478,0
DA:479,0
DA:480,0
DA:481,0
DA:482,0
DA:483,0
DA:486,0
DA:491,0
DA:492,0
DA:493,0
DA:499,0
DA:500,0
DA:501,0
DA:506,0
DA:507,0
DA:509,0
DA:510,0
DA:511,0
DA:517,0
DA:522,0
DA:524,0
DA:526,0
DA:527,0
DA:528,0
DA:529,0
DA:531,0
DA:532,0
DA:533,0
DA:536,0
DA:537,0
DA:538,0
DA:544,0
DA:545,0
DA:546,0
DA:548,0
DA:549,0
DA:550,0
DA:552,0
DA:553,0
DA:557,0
DA:558,0
DA:559,0
DA:560,0
DA:564,0
DA:565,0
DA:566,0
DA:567,0
DA:573,0
DA:574,0
DA:575,0
DA:577,0
DA:578,0
DA:581,0
DA:582,0
DA:583,0
DA:584,0
DA:588,0
DA:589,0
DA:590,0
DA:591,0
DA:597,0
DA:598,0
DA:599,0
DA:601,0
DA:602,0
DA:605,0
DA:606,0
DA:607,0
DA:608,0
DA:612,0
DA:613,0
DA:614,0
DA:615,0
DA:619,0
DA:620,0
DA:621,0
DA:622,0
DA:628,0
DA:629,0
DA:630,0
DA:645,0
DA:648,0
DA:652,0
DA:655,0
DA:656,0
DA:657,0
DA:658,0
DA:660,0
DA:663,0
DA:664,0
DA:665,0
DA:666,0
DA:668,0
DA:672,0
DA:673,0
DA:677,0
DA:678,0
DA:679,0
DA:683,0
DA:684,0
DA:685,0
DA:689,0
DA:694,0
DA:695,0
DA:698,0
DA:699,0
DA:702,0
DA:703,0
DA:707,0
DA:708,0
DA:713,0
DA:714,0
DA:716,0
DA:717,0
DA:719,0
DA:720,0
DA:721,0
DA:723,0
DA:724,0
DA:725,0
DA:730,0
DA:731,0
DA:732,0
DA:733,0
DA:735,0
DA:736,0
DA:741,0
DA:743,0
DA:745,0
DA:758,0
DA:762,0
DA:764,0
DA:765,0
DA:768,0
DA:770,0
DA:771,0
DA:773,0
DA:774,0
DA:775,0
DA:777,0
DA:778,0
DA:779,0
DA:780,0
DA:785,0
DA:790,0
DA:791,0
DA:792,0
DA:793,0
DA:794,0
DA:795,0
DA:796,0
DA:797,0
DA:799,0
DA:800,0
DA:812,0
DA:813,0
DA:823,0
DA:825,0
DA:826,0
DA:828,0
DA:829,0
DA:831,0
DA:832,0
DA:836,0
DA:837,0
DA:840,0
DA:841,0
DA:843,0
DA:844,0
DA:847,0
DA:848,0
DA:849,0
DA:850,0
DA:855,0
DA:856,0
DA:857,0
DA:858,0
DA:862,0
DA:863,0
DA:864,0
DA:865,0
DA:871,0
DA:872,0
DA:873,0
DA:875,0
DA:877,0
DA:878,0
DA:880,0
DA:881,0
DA:887,0
DA:888,0
DA:889,0
DA:891,0
DA:893,0
DA:894,0
DA:900,0
DA:901,0
DA:902,0
DA:904,0
DA:906,0
DA:907,0
DA:911,0
DA:912,0
DA:917,0
DA:919,0
DA:921,0
DA:934,0
DA:938,0
DA:939,0
DA:940,0
DA:942,0
DA:943,0
DA:959,0
DA:964,0
DA:967,0
DA:968,0
DA:969,0
DA:985,0
DA:987,0
DA:990,0
DA:991,0
DA:993,0
DA:999,0
DA:1000,0
DA:1001,0
DA:1002,0
DA:1004,0
DA:1010,0
DA:1011,0
DA:1012,0
DA:1013,0
DA:1015,0
DA:1022,0
DA:1023,0
DA:1024,0
DA:1029,0
DA:1030,0
DA:1039,0
DA:1044,0
DA:1045,0
DA:1046,0
DA:1047,0
DA:1048,0
DA:1049,0
DA:1050,0
DA:1051,0
DA:1052,0
DA:1053,0
DA:1055,0
DA:1057,0
DA:1058,0
DA:1059,0
DA:1060,0
DA:1061,0
DA:1062,0
DA:1064,0
DA:1067,0
DA:1073,0
DA:1074,0
DA:1075,0
DA:1076,0
DA:1077,0
DA:1079,0
DA:1080,0
DA:1081,0
DA:1082,0
DA:1083,0
DA:1086,0
DA:1087,0
DA:1088,0
DA:1089,0
DA:1097,0
DA:1098,0
DA:1099,0
DA:1100,0
DA:1102,0
DA:1103,0
DA:1104,0
DA:1110,0
DA:1111,0
DA:1112,0
DA:1113,0
DA:1117,0
DA:1118,0
DA:1119,0
DA:1120,0
DA:1123,0
DA:1128,0
DA:1130,0
DA:1131,0
DA:1133,0
DA:1134,0
DA:1136,0
DA:1137,0
DA:1138,0
DA:1141,0
DA:1142,0
DA:1143,0
DA:1146,0
DA:1147,0
DA:1148,0
DA:1153,0
DA:1156,0
DA:1157,0
DA:1158,0
DA:1161,0
DA:1162,0
DA:1163,0
DA:1166,0
DA:1167,0
DA:1168,0
DA:1172,0
DA:1177,0
DA:1180,0
DA:1181,0
DA:1182,0
DA:1183,0
DA:1186,0
DA:1187,0
DA:1188,0
DA:1191,0
DA:1192,0
DA:1193,0
DA:1196,0
DA:1197,0
DA:1198,0
DA:1201,0
DA:1202,0
DA:1203,0
DA:1204,0
DA:1208,0
DA:1209,0
DA:1210,0
DA:1211,0
DA:1212,0
DA:1218,0
DA:1221,0
DA:1222,0
DA:1223,0
DA:1224,0
DA:1227,0
DA:1228,0
DA:1229,0
DA:1230,0
DA:1231,0
DA:1234,0
DA:1235,0
DA:1236,0
DA:1241,0
DA:1244,0
DA:1245,0
DA:1246,0
DA:1247,0
DA:1250,0
DA:1251,0
DA:1252,0
DA:1253,0
DA:1254,0
DA:1255,0
DA:1258,0
DA:1259,0
DA:1260,0
DA:1263,0
DA:1264,0
DA:1265,0
DA:1270,0
DA:1273,0
DA:1276,0
DA:1277,0
DA:1278,0
DA:1283,0
DA:1284,0
DA:1287,0
DA:1290,0
DA:1293,0
DA:1294,0
DA:1298,0
DA:1299,0
DA:1300,0
DA:1301,0
DA:1302,0
DA:1303,0
DA:1304,0
DA:1308,0
DA:1313,0
DA:1314,0
DA:1316,0
DA:1318,0
DA:1319,0
DA:1320,0
DA:1321,0
DA:1322,0
DA:1323,0
DA:1326,0
DA:1327,0
DA:1328,0
DA:1329,0
DA:1330,0
DA:1331,0
DA:1332,0
DA:1333,0
DA:1335,0
DA:1337,0
DA:1338,0
DA:1341,0
DA:1342,0
DA:1343,0
DA:1344,0
DA:1347,0
DA:1348,0
DA:1349,0
DA:1350,0
DA:1351,0
DA:1352,0
DA:1353,0
DA:1354,0
DA:1355,0
DA:1357,0
DA:1358,0
DA:1359,0
DA:1360,0
DA:1361,0
DA:1362,0
DA:1363,0
DA:1366,0
DA:1367,0
DA:1368,0
DA:1369,0
DA:1370,0
DA:1371,0
DA:1375,0
DA:1381,0
DA:1384,0
DA:1385,0
DA:1388,0
DA:1389,0
DA:1390,0
DA:1391,0
DA:1394,0
DA:1395,0
DA:1396,0
DA:1399,0
DA:1400,0
DA:1401,0
DA:1402,0
DA:1403,0
DA:1404,0
DA:1407,0
DA:1408,0
DA:1409,0
DA:1410,0
DA:1411,0
DA:1412,0
DA:1415,0
DA:1416,0
DA:1417,0
DA:1418,0
DA:1421,0
DA:1424,0
DA:1425,0
DA:1428,0
DA:1429,0
DA:1430,0
DA:1431,0
DA:1432,0
DA:1433,0
DA:1434,0
DA:1437,0
DA:1438,0
DA:1439,0
DA:1440,0
DA:1441,0
DA:1445,0
DA:1446,0
DA:1447,0
DA:1448,0
DA:1449,0
DA:1450,0
DA:1451,0
DA:1452,0
DA:1456,0
DA:1457,0
DA:1458,0
DA:1459,0
DA:1464,0
DA:1465,0
DA:1466,0
DA:1467,0
DA:1468,0
DA:1469,0
DA:1473,0
DA:1474,0
DA:1475,0
DA:1476,0
DA:1477,0
DA:1478,0
DA:1479,0
DA:1480,0
DA:1481,0
DA:1482,0
DA:1486,0
DA:1488,0
DA:1492,0
DA:1495,0
DA:1496,0
DA:1497,0
DA:1498,0
DA:1501,0
DA:1504,0
DA:1505,0
DA:1506,0
DA:1507,0
DA:1509,0
DA:1514,0
DA:1517,0
DA:1518,0
DA:1519,0
DA:1520,0
DA:1521,0
DA:1522,0
DA:1525,0
DA:1526,0
DA:1528,0
DA:1529,0
DA:1531,0
DA:1532,0
DA:1533,0
DA:1534,0
DA:1535,0
DA:1539,0
DA:1542,0
DA:1543,0
DA:1544,0
DA:1545,0
DA:1546,0
DA:1547,0
DA:1550,0
DA:1551,0
DA:1552,0
DA:1554,0
DA:1555,0
DA:1556,0
DA:1557,0
DA:1558,0
DA:1562,0
DA:1567,0
DA:1568,0
DA:1569,0
DA:1570,0
DA:1571,0
DA:1572,0
DA:1575,0
DA:1576,0
DA:1577,0
DA:1578,0
DA:1579,0
DA:1580,0
DA:1585,0
DA:1586,0
DA:1589,0
DA:1590,0
DA:1591,0
DA:1594,0
DA:1595,0
DA:1596,0
DA:1597,0
DA:1598,0
DA:1599,0
DA:1600,0
DA:1601,0
DA:1604,0
DA:1605,0
DA:1606,0
DA:1609,0
DA:1610,0
DA:1611,0
DA:1612,0
DA:1613,0
DA:1614,0
DA:1617,0
DA:1621,0
DA:1622,0
DA:1623,0
DA:1624,0
DA:1627,0
DA:1628,0
DA:1631,0
DA:1632,0
DA:1635,0
DA:1636,0
DA:1637,0
DA:1638,0
DA:1641,0
DA:1642,0
DA:1643,0
DA:1646,0
DA:1647,0
DA:1648,0
DA:1649,0
DA:1652,0
DA:1653,0
DA:1654,0
DA:1658,0
DA:1659,0
DA:1662,0
DA:1663,0
DA:1664,0
DA:1665,0
DA:1668,0
DA:1671,0
DA:1672,0
DA:1673,0
DA:1674,0
DA:1675,0
DA:1676,0
DA:1677,0
DA:1680,0
DA:1681,0
DA:1682,0
DA:1685,0
DA:1686,0
DA:1687,0
DA:1688,0
DA:1689,0
DA:1693,0
DA:1694,0
DA:1697,0
DA:1698,0
DA:1699,0
DA:1702,0
DA:1703,0
DA:1706,0
DA:1707,0
DA:1708,0
DA:1709,0
DA:1710,0
DA:1714,0
DA:1715,0
DA:1716,0
DA:1717,0
DA:1720,0
DA:1721,0
DA:1722,0
DA:1723,0
DA:1724,0
DA:1727,0
DA:1728,0
DA:1729,0
DA:1730,0
DA:1733,0
DA:1734,0
DA:1735,0
DA:1736,0
DA:1737,0
DA:1741,0
DA:1742,0
DA:1743,0
DA:1746,0
DA:1747,0
DA:1748,0
DA:1749,0
DA:1752,0
DA:1753,0
DA:1754,0
DA:1755,0
DA:1756,0
DA:1759,0
DA:1760,0
DA:1761,0
DA:1762,0
DA:1765,0
DA:1766,0
DA:1767,0
DA:1768,0
DA:1769,0
DA:1770,0
DA:1771,0
DA:1772,0
DA:1774,0
DA:1775,0
DA:1776,0
DA:1777,0
DA:1781,0
DA:1782,0
DA:1783,0
DA:1784,0
DA:1785,0
DA:1790,0
DA:1791,0
DA:1792,0
DA:1794,0
DA:1795,0
DA:1796,0
DA:1797,0
DA:1799,0
DA:1803,0
DA:1805,0
DA:1807,0
DA:1808,0
DA:1809,0
DA:1810,0
DA:1811,0
DA:1812,0
DA:1814,0
DA:1815,0
DA:1816,0
DA:1817,0
DA:1818,0
DA:1819,0
DA:1821,0
DA:1824,0
DA:1825,0
DA:1826,0
DA:1827,0
DA:1828,0
DA:1831,0
DA:1835,0
DA:1836,0
DA:1837,0
DA:1838,0
DA:1839,0
DA:1840,0
DA:1841,0
DA:1842,0
DA:1846,0
DA:1847,0
DA:1849,0
DA:1856,0
DA:1857,0
DA:1859,0
DA:1864,0
DA:1865,0
DA:1866,0
DA:1867,0
DA:1868,0
DA:1871,0
DA:1872,0
DA:1876,0
DA:1879,0
DA:1882,0
DA:1886,0
DA:1887,0
DA:1889,0
DA:1890,0
DA:1891,0
DA:1892,0
DA:1893,0
DA:1894,0
DA:1896,0
DA:1897,0
DA:1898,0
DA:1899,0
DA:1900,0
DA:1903,0
DA:1904,0
DA:1907,0
DA:1908,0
DA:1911,0
DA:1915,0
DA:1916,0
DA:1917,0
DA:1918,0
DA:1919,0
DA:1920,0
DA:1924,0
DA:1925,0
DA:1927,0
DA:1928,0
DA:1929,0
DA:1930,0
DA:1931,0
DA:1932,0
DA:1941,0
DA:1942,0
DA:1943,0
DA:1948,0
DA:1949,0
DA:1950,0
DA:1954,0
DA:1955,0
DA:1958,0
DA:1959,0
DA:1961,0
DA:1962,0
DA:1963,0
LF:920
LH:0
BRDA:239,0,0,0
BRDA:239,0,1,0
BRDA:240,1,0,0
BRDA:240,1,1,0
BRDA:274,2,0,0
BRDA:274,2,1,0
BRDA:274,3,0,0
BRDA:274,3,1,0
BRDA:279,4,0,0
BRDA:279,4,1,0
BRDA:279,5,0,0
BRDA:279,5,1,0
BRDA:287,6,0,0
BRDA:287,6,1,0
BRDA:297,7,0,0
BRDA:297,7,1,0
BRDA:297,8,0,0
BRDA:297,8,1,0
BRDA:309,9,0,0
BRDA:309,9,1,0
BRDA:309,10,0,0
BRDA:309,10,1,0
BRDA:310,11,0,0
BRDA:310,11,1,0
BRDA:310,12,0,0
BRDA:310,12,1,0
BRDA:311,13,0,0
BRDA:311,13,1,0
BRDA:311,14,0,0
BRDA:311,14,1,0
BRDA:367,15,0,0
BRDA:367,15,1,0
BRDA:367,16,0,0
BRDA:367,16,1,0
BRDA:372,17,0,0
BRDA:372,17,1,0
BRDA:386,18,0,0
BRDA:386,18,1,0
BRDA:401,19,0,0
BRDA:401,19,1,0
BRDA:402,20,0,0
BRDA:402,20,1,0
BRDA:417,21,0,0
[...]
DA:372,0
DA:373,0
DA:374,0
DA:375,0
DA:376,0
DA:377,0
DA:378,0
DA:379,0
DA:380,0
DA:381,0
DA:382,0
DA:383,0
LF:246
LH:0
BRDA:51,0,0,0
BRDA:51,0,1,0
BRDA:56,1,0,0
BRDA:56,1,1,0
BRDA:58,2,0,0
BRDA:58,2,1,0
BRDA:74,3,0,0
BRDA:74,3,1,0
BRDA:76,4,0,0
BRDA:76,4,1,0
BRDA:90,5,0,0
BRDA:90,5,1,0
BRDA:90,6,0,0
BRDA:90,6,1,0
BRDA:102,7,0,0
BRDA:102,7,1,0
BRDA:104,8,0,0
BRDA:104,8,1,0
BRDA:105,9,0,0
BRDA:105,9,1,0
BRDA:108,10,0,0
BRDA:108,10,1,0
BRDA:108,11,0,0
BRDA:108,11,1,0
BRDA:108,12,0,0
BRDA:108,12,1,0
BRDA:108,13,0,0
BRDA:108,13,1,0
BRDA:108,14,0,0
BRDA:108,14,1,0
BRDA:108,15,0,0
BRDA:108,15,1,0
BRDA:108,16,0,0
BRDA:108,16,1,0
BRDA:109,17,0,0
BRDA:109,17,1,0
BRDA:109,18,0,0
BRDA:109,18,1,0
BRDA:109,19,0,0
BRDA:109,19,1,0
BRDA:109,20,0,0
BRDA:109,20,1,0
BRDA:109,21,0,0
BRDA:109,21,1,0
BRDA:109,22,0,0
BRDA:109,22,1,0
BRDA:109,23,0,0
BRDA:109,23,1,0
BRDA:110,24,0,0
BRDA:110,24,1,0
BRDA:110,25,0,0
BRDA:110,25,1,0
BRDA:110,26,0,0
BRDA:110,26,1,0
BRDA:110,27,0,0
BRDA:110,27,1,0
BRDA:112,28,0,0
BRDA:112,28,1,0
BRDA:116,29,0,0
BRDA:116,29,1,0
BRDA:116,30,0,0
BRDA:116,30,1,0
BRDA:118,31,0,0
BRDA:118,31,1,0
BRDA:118,32,0,0
BRDA:118,32,1,0
BRDA:118,32,2,0
BRDA:118,32,3,0
BRDA:123,33,0,0
BRDA:123,33,1,0
BRDA:124,34,0,0
BRDA:124,34,1,0
BRDA:126,35,0,0
BRDA:126,35,1,0
BRDA:126,36,0,0
BRDA:126,36,1,0
BRDA:126,37,0,0
BRDA:126,37,1,0
BRDA:201,38,0,0
BRDA:201,38,1,0
BRDA:204,39,0,0
BRDA:204,39,1,0
BRDA:205,40,0,0
BRDA:205,40,1,0
BRDA:217,41,0,0
BRDA:217,41,1,0
BRDA:217,41,2,0
BRDA:217,41,3,0
BRDA:217,41,4,0
BRDA:217,41,5,0
BRDA:217,41,6,0
BRDA:217,41,7,0
BRDA:217,41,8,0
BRDA:217,41,9,0
BRDA:217,41,10,0
BRDA:217,41,11,0
BRDA:217,41,12,0
BRDA:217,41,13,0
BRDA:217,41,14,0
BRDA:217,41,15,0
BRDA:361,42,0,0
BRDA:361,42,1,0
BRDA:363,43,0,0
BRDA:363,43,1,0
BRDA:364,44,0,0
BRDA:364,44,1,0
BRF:106
BRH:0
end_of_record
TN:
SF:client/src/lib/stores/useGame.tsx
FN:16,(anonymous_0)
FN:19,(anonymous_1)
FN:20,(anonymous_2)
FN:29,(anonymous_3)
FN:30,(anonymous_4)
FN:33,(anonymous_5)
FN:34,(anonymous_6)
FNF:7
FNH:0
FNDA:0,(anonymous_0)
FNDA:0,(anonymous_1)
FNDA:0,(anonymous_2)
FNDA:0,(anonymous_3)
FNDA:0,(anonymous_4)
FNDA:0,(anonymous_5)
FNDA:0,(anonymous_6)
DA:1,0
DA:2,0
DA:15,0
DA:16,0
DA:20,0
DA:22,0
DA:23,0
DA:25,0
DA:30,0
DA:34,0
DA:36,0
DA:37,0
DA:39,0
LF:13
LH:0
BRDA:22,0,0,0
BRDA:22,0,1,0
BRDA:36,1,0,0
BRDA:36,1,1,0
BRF:4
BRH:0
end_of_record
TN:
SF:client/src/lib/stores/useGameStore.tsx
FN:33,(anonymous_0)
FN:41,(anonymous_1)
FN:44,(anonymous_2)
FN:49,(anonymous_3)
FN:51,(anonymous_4)
FN:53,(anonymous_5)
FN:55,(anonymous_6)
FN:55,(anonymous_7)
FN:59,(anonymous_8)
FN:62,(anonymous_9)
FN:73,(anonymous_10)
FN:81,(anonymous_11)
FN:81,(anonymous_12)
FN:85,(anonymous_13)
FN:91,(anonymous_14)
FNF:15
FNH:0
FNDA:0,(anonymous_0)
FNDA:0,(anonymous_1)
FNDA:0,(anonymous_2)
FNDA:0,(anonymous_3)
FNDA:0,(anonymous_4)
FNDA:0,(anonymous_5)
FNDA:0,(anonymous_6)
FNDA:0,(anonymous_7)
FNDA:0,(anonymous_8)
FNDA:0,(anonymous_9)
FNDA:0,(anonymous_10)
FNDA:0,(anonymous_11)
FNDA:0,(anonymous_12)
FNDA:0,(anonymous_13)
FNDA:0,(anonymous_14)
DA:1,0
DA:2,0
DA:4,0
DA:31,0
DA:33,0
DA:41,0
DA:44,0
DA:49,0
DA:51,0
DA:53,0
DA:55,0
DA:60,0
DA:61,0
DA:62,0
DA:69,0
DA:73,0
DA:81,0
DA:85,0
DA:92,0
DA:94,0
DA:95,0
DA:101,0
LF:22
LH:0
BRDA:37,0,0,0
BRDA:37,0,1,0
BRDA:61,1,0,0
BRDA:61,1,1,0
BRDA:81,2,0,0
BRDA:81,2,1,0
BRDA:81,3,0,0
BRDA:81,3,1,0
BRDA:92,4,0,0
BRDA:92,4,1,0
BRDA:94,5,0,0
BRDA:94,5,1,0
BRF:12
BRH:0
end_of_record
TN:
SF:client/src/lib/stores/useHaptics.tsx
FN:17,(anonymous_0)
FN:21,(anonymous_1)
FN:22,(anonymous_2)
FN:24,(anonymous_3)
FN:36,(anonymous_4)
FN:41,(anonymous_5)
FN:46,(anonymous_6)
FN:51,(anonymous_7)
FN:56,(anonymous_8)
FN:61,(anonymous_9)
FNF:10
FNH:0
FNDA:0,(anonymous_0)
FNDA:0,(anonymous_1)
FNDA:0,(anonymous_2)
FNDA:0,(anonymous_3)
FNDA:0,(anonymous_4)
FNDA:0,(anonymous_5)
FNDA:0,(anonymous_6)
FNDA:0,(anonymous_7)
FNDA:0,(anonymous_8)
FNDA:0,(anonymous_9)
DA:1,0
DA:17,0
DA:21,0
DA:22,0
DA:25,0
DA:26,0
DA:28,0
DA:29,0
DA:31,0
DA:37,0
DA:42,0
DA:47,0
DA:52,0
DA:57,0
DA:62,0
LF:15
LH:0
BRDA:26,0,0,0
BRDA:26,0,1,0
BRDA:26,1,0,0
BRDA:26,1,1,0
BRF:4
BRH:0
end_of_record
TN:
SF:client/src/lib/stores/useScoreStore.tsx
FN:16,(anonymous_0)
FN:20,(anonymous_1)
FN:21,(anonymous_2)
FN:36,(anonymous_3)
FN:41,(anonymous_4)
FN:47,(anonymous_5)
FNF:6
FNH:0
FNDA:0,(anonymous_0)
FNDA:0,(anonymous_1)
FNDA:0,(anonymous_2)
FNDA:0,(anonymous_3)
FNDA:0,(anonymous_4)
FNDA:0,(anonymous_5)
DA:1,0
DA:2,0
DA:14,0
DA:16,0
DA:21,0
DA:22,0
DA:23,0
DA:25,0
DA:26,0
DA:29,0
DA:36,0
DA:42,0
DA:47,0
LF:13
LH:0
BRDA:25,0,0,0
BRDA:25,0,1,0
BRDA:25,1,0,0
BRDA:25,1,1,0
BRDA:42,2,0,0
BRDA:42,2,1,0
BRF:6
BRH:0
end_of_record
TN:
SF:client/src/lib/stores/useSettingsStore.tsx
FN:70,(anonymous_0)
FN:99,(anonymous_1)
FN:107,(anonymous_2)
FN:115,(anonymous_3)
FN:122,(anonymous_4)
FN:132,(anonymous_5)
FN:133,(anonymous_6)
FN:134,(anonymous_7)
FN:135,(anonymous_8)
FN:136,(anonymous_9)
FN:137,(anonymous_10)
FN:138,(anonymous_11)
FN:139,(anonymous_12)
FN:140,(anonymous_13)
FN:141,(anonymous_14)
FN:142,(anonymous_15)
FN:143,(anonymous_16)
FN:144,(anonymous_17)
FN:145,(anonymous_18)
FN:146,(anonymous_19)
FN:147,(anonymous_20)
FN:148,(anonymous_21)
FN:151,(anonymous_22)
FNF:23
FNH:0
FNDA:0,(anonymous_0)
FNDA:0,(anonymous_1)
FNDA:0,(anonymous_2)
FNDA:0,(anonymous_3)
FNDA:0,(anonymous_4)
FNDA:0,(anonymous_5)
FNDA:0,(anonymous_6)
FNDA:0,(anonymous_7)
FNDA:0,(anonymous_8)
FNDA:0,(anonymous_9)
FNDA:0,(anonymous_10)
FNDA:0,(anonymous_11)
FNDA:0,(anonymous_12)
FNDA:0,(anonymous_13)
FNDA:0,(anonymous_14)
FNDA:0,(anonymous_15)
FNDA:0,(anonymous_16)
FNDA:0,(anonymous_17)
FNDA:0,(anonymous_18)
FNDA:0,(anonymous_19)
FNDA:0,(anonymous_20)
FNDA:0,(anonymous_21)
FNDA:0,(anonymous_22)
DA:1,0
DA:70,0
DA:99,0
DA:107,0
DA:115,0
DA:122,0
DA:132,0
DA:133,0
DA:134,0
DA:135,0
DA:136,0
DA:137,0
DA:138,0
DA:139,0
DA:140,0
DA:141,0
DA:142,0
DA:143,0
DA:144,0
DA:145,0
DA:146,0
DA:147,0
DA:148,0
DA:152,0
DA:153,0
DA:154,0
LF:26
LH:0
BRDA:153,0,0,0
BRDA:153,0,1,0
BRF:2
BRH:0
end_of_record
TN:
SF:client/src/lib/stores/useTutorialStore.ts
FN:16,(anonymous_0)
FN:19,(anonymous_1)
FN:19,(anonymous_2)
FN:20,(anonymous_3)
FN:23,(anonymous_4)
FN:26,(anonymous_5)
FN:26,(anonymous_6)
FN:30,(anonymous_7)
FNF:8
FNH:0
FNDA:0,(anonymous_0)
FNDA:0,(anonymous_1)
FNDA:0,(anonymous_2)
FNDA:0,(anonymous_3)
FNDA:0,(anonymous_4)
FNDA:0,(anonymous_5)
FNDA:0,(anonymous_6)
FNDA:0,(anonymous_7)
DA:1,0
DA:2,0
DA:14,0
DA:16,0
DA:19,0
DA:21,0
DA:22,0
DA:23,0
DA:26,0
DA:30,0
LF:10
LH:0
BRDA:22,0,0,0
BRDA:22,0,1,0
BRF:2
BRH:0
end_of_record
TN:
SF:client/src/lib/utils/AdaptiveNarrativeDirector.ts
FN:20,(anonymous_0)
FN:37,(anonymous_1)
FN:42,(anonymous_2)
FN:46,(anonymous_3)
FN:48,(anonymous_4)
FN:49,(anonymous_5)
FN:69,(anonymous_6)
FNF:7
FNH:0
FNDA:0,(anonymous_0)
FNDA:0,(anonymous_1)
FNDA:0,(anonymous_2)
FNDA:0,(anonymous_3)
FNDA:0,(anonymous_4)
FNDA:0,(anonymous_5)
FNDA:0,(anonymous_6)
DA:16,0
DA:21,0
DA:29,0
DA:38,0
DA:39,0
DA:43,0
DA:48,0
DA:49,0
DA:52,0
DA:53,0
DA:54,0
DA:55,0
DA:56,0
DA:57,0
DA:58,0
DA:59,0
DA:62,0
DA:63,0
DA:64,0
DA:65,0
DA:71,0
DA:72,0
DA:74,0
DA:75,0
DA:77,0
LF:25
LH:0
BRDA:48,0,0,0
BRDA:48,0,1,0
BRDA:49,1,0,0
BRDA:49,1,1,0
BRDA:52,2,0,0
BRDA:52,2,1,0
BRDA:52,3,0,0
BRDA:52,3,1,0
BRDA:56,4,0,0
BRDA:56,4,1,0
BRDA:71,5,0,0
BRDA:71,5,1,0
BRDA:74,6,0,0
BRDA:74,6,1,0
BRF:14
BRH:0
end_of_record
TN:
SF:client/src/lib/utils/AssetLoader.ts
FN:11,(anonymous_7)
FN:39,(anonymous_8)
FN:48,(anonymous_10)
FN:50,(anonymous_11)
FN:51,(anonymous_12)
FN:62,(anonymous_13)
FN:88,(anonymous_15)
FN:110,(anonymous_17)
FN:111,(anonymous_19)
FN:114,(anonymous_20)
FN:115,(anonymous_21)
FN:120,(anonymous_22)
FN:121,(anonymous_24)
FN:125,(anonymous_25)
FN:130,(anonymous_26)
FN:138,(anonymous_27)
FN:143,(anonymous_28)
FN:158,(anonymous_29)
FN:166,(anonymous_31)
FN:175,(anonymous_33)
FN:184,(anonymous_35)
FN:186,(anonymous_37)
FN:190,(anonymous_38)
FN:207,(anonymous_39)
FN:209,(anonymous_40)
FNF:25
FNH:1
FNDA:1,(anonymous_7)
FNDA:0,(anonymous_8)
FNDA:0,(anonymous_10)
FNDA:0,(anonymous_11)
FNDA:0,(anonymous_12)
FNDA:0,(anonymous_13)
FNDA:0,(anonymous_15)
FNDA:0,(anonymous_17)
FNDA:0,(anonymous_19)
FNDA:0,(anonymous_20)
FNDA:0,(anonymous_21)
FNDA:0,(anonymous_22)
FNDA:0,(anonymous_24)
FNDA:0,(anonymous_25)
FNDA:0,(anonymous_26)
FNDA:0,(anonymous_27)
FNDA:0,(anonymous_28)
FNDA:0,(anonymous_29)
FNDA:0,(anonymous_31)
FNDA:0,(anonymous_33)
FNDA:0,(anonymous_35)
FNDA:0,(anonymous_37)
FNDA:0,(anonymous_38)
FNDA:0,(anonymous_39)
FNDA:0,(anonymous_40)
DA:11,1
DA:12,1
DA:13,1
DA:16,1
DA:40,0
DA:48,0
DA:50,0
DA:51,0
DA:53,0
DA:56,0
DA:57,0
DA:64,0
DA:65,0
DA:69,0
DA:70,0
DA:74,0
DA:75,0
DA:77,0
DA:78,0
DA:79,0
DA:80,0
DA:81,0
DA:83,0
DA:84,0
DA:89,0
DA:91,0
DA:95,0
DA:99,0
DA:102,0
DA:104,0
DA:106,0
DA:111,0
DA:112,0
DA:113,0
DA:114,0
DA:115,0
DA:116,0
DA:121,0
DA:122,0
DA:123,0
DA:125,0
DA:126,0
DA:127,0
DA:130,0
DA:131,0
DA:132,0
DA:133,0
DA:134,0
DA:135,0
DA:138,0
DA:139,0
DA:140,0
DA:143,0
DA:144,0
DA:145,0
DA:149,0
DA:150,0
DA:151,0
DA:152,0
DA:154,0
DA:159,0
DA:160,0
DA:161,0
DA:163,0
DA:167,0
DA:168,0
DA:169,0
DA:171,0
DA:176,0
DA:177,0
DA:178,0
DA:180,0
DA:185,0
DA:186,0
DA:187,0
DA:192,0
DA:203,0
DA:208,0
DA:209,0
DA:210,0
DA:215,1
LF:81
LH:5
BRDA:56,0,0,0
BRDA:56,0,1,0
BRDA:64,1,0,0
BRDA:64,1,1,0
BRDA:69,2,0,0
BRDA:69,2,1,0
BRDA:89,3,0,0
BRDA:89,3,1,0
BRDA:89,4,0,0
BRDA:89,4,1,0
BRDA:91,5,0,0
BRDA:91,5,1,0
BRDA:91,5,2,0
BRDA:91,5,3,0
BRDA:91,5,4,0
BRDA:91,5,5,0
BRDA:91,5,6,0
BRDA:91,5,7,0
BRDA:91,5,8,0
BRDA:91,5,9,0
BRDA:160,6,0,0
BRDA:160,6,1,0
BRDA:168,7,0,0
BRDA:168,7,1,0
BRDA:177,8,0,0
BRDA:177,8,1,0
BRDA:203,9,0,0
BRDA:203,9,1,0
BRDA:210,10,0,0
BRDA:210,10,1,0
BRF:30
BRH:0
end_of_record
TN:
SF:client/src/lib/utils/GameRenderer.ts
FN:4,(anonymous_0)
FN:8,(anonymous_1)
FN:15,(anonymous_2)
FN:31,(anonymous_3)
FN:40,(anonymous_4)
FN:44,(anonymous_5)
FN:46,(anonymous_6)
FNF:7
FNH:0
FNDA:0,(anonymous_0)
FNDA:0,(anonymous_1)
FNDA:0,(anonymous_2)
FNDA:0,(anonymous_3)
FNDA:0,(anonymous_4)
FNDA:0,(anonymous_5)
FNDA:0,(anonymous_6)
DA:1,0
DA:5,0
DA:9,0
DA:10,0
DA:11,0
DA:12,0
DA:16,0
DA:17,0
DA:18,0
DA:20,0
DA:21,0
DA:22,0
DA:24,0
DA:25,0
DA:28,0
DA:32,0
DA:33,0
DA:34,0
DA:35,0
DA:36,0
DA:37,0
DA:41,0
DA:45,0
DA:46,0
DA:47,0
DA:50,0
DA:51,0
DA:52,0
DA:53,0
LF:29
LH:0
BRDA:15,0,0,0
BRDA:20,1,0,0
BRDA:20,1,1,0
BRDA:31,2,0,0
BRDA:31,3,0,0
BRDA:31,4,0,0
BRF:6
BRH:0
end_of_record
TN:
SF:client/src/lib/utils/InputHandler.ts
FN:5,(anonymous_0)
FN:9,(anonymous_1)
FN:10,(anonymous_2)
FN:15,(anonymous_3)
FN:21,(anonymous_4)
FN:25,(anonymous_5)
FN:33,(anonymous_6)
FN:41,(anonymous_7)
FN:45,(anonymous_8)
FN:49,(anonymous_9)
FNF:10
FNH:0
FNDA:0,(anonymous_0)
FNDA:0,(anonymous_1)
FNDA:0,(anonymous_2)
FNDA:0,(anonymous_3)
FNDA:0,(anonymous_4)
FNDA:0,(anonymous_5)
FNDA:0,(anonymous_6)
FNDA:0,(anonymous_7)
FNDA:0,(anonymous_8)
FNDA:0,(anonymous_9)
DA:1,0
DA:2,0
DA:3,0
DA:6,0
DA:10,0
DA:11,0
DA:12,0
DA:15,0
DA:16,0
DA:17,0
DA:22,0
DA:26,0
DA:27,0
DA:28,0
DA:30,0
DA:34,0
DA:35,0
DA:36,0
DA:38,0
DA:42,0
DA:43,0
DA:44,0
DA:45,0
DA:50,0
DA:51,0
LF:25
LH:0
BRDA:27,0,0,0
BRDA:27,0,1,0
BRDA:35,1,0,0
BRDA:35,1,1,0
BRDA:44,2,0,0
BRDA:44,2,1,0
BRF:6
BRH:0
end_of_record
TN:
SF:client/src/lib/utils/ParticleSystem.ts
FN:35,(anonymous_13)
FN:40,(anonymous_14)
FN:100,(anonymous_15)
FN:100,(anonymous_16)
FN:102,(anonymous_17)
FN:120,(anonymous_18)
FN:140,(anonymous_19)
FN:156,(anonymous_20)
FN:191,(anonymous_21)
FN:214,(anonymous_22)
FN:215,(anonymous_23)
FN:223,(anonymous_24)
FN:279,(anonymous_25)
FN:293,(anonymous_26)
FN:302,(anonymous_27)
FN:307,(anonymous_28)
FNF:16
FNH:0
FNDA:0,(anonymous_13)
FNDA:0,(anonymous_14)
FNDA:0,(anonymous_15)
FNDA:0,(anonymous_16)
FNDA:0,(anonymous_17)
FNDA:0,(anonymous_18)
FNDA:0,(anonymous_19)
FNDA:0,(anonymous_20)
FNDA:0,(anonymous_21)
FNDA:0,(anonymous_22)
FNDA:0,(anonymous_23)
FNDA:0,(anonymous_24)
FNDA:0,(anonymous_25)
FNDA:0,(anonymous_26)
FNDA:0,(anonymous_27)
FNDA:0,(anonymous_28)
DA:29,0
DA:30,0
DA:31,0
DA:36,0
DA:37,0
DA:41,0
DA:42,0
DA:43,0
DA:47,0
DA:51,0
DA:52,0
DA:53,0
DA:54,0
DA:55,0
DA:58,0
DA:59,0
DA:60,0
DA:61,0
DA:62,0
DA:63,0
DA:64,0
DA:65,0
DA:66,0
DA:69,0
DA:70,0
DA:71,0
DA:72,0
DA:73,0
DA:74,0
DA:77,0
DA:78,0
DA:79,0
DA:83,0
DA:87,0
DA:88,0
DA:91,0
DA:95,0
DA:96,0
DA:100,0
DA:101,0
DA:102,0
DA:103,0
DA:104,0
DA:106,0
DA:107,0
DA:108,0
DA:109,0
DA:112,0
DA:122,0
DA:123,0
DA:125,0
DA:126,0
DA:127,0
DA:128,0
DA:129,0
DA:130,0
DA:131,0
DA:132,0
DA:133,0
DA:134,0
DA:135,0
DA:137,0
DA:141,0
DA:142,0
DA:143,0
DA:144,0
DA:145,0
DA:146,0
DA:147,0
DA:148,0
DA:149,0
DA:150,0
DA:151,0
DA:152,0
DA:153,0
DA:158,0
DA:159,0
DA:160,0
DA:163,0
DA:164,0
DA:167,0
DA:168,0
DA:172,0
DA:173,0
DA:177,0
DA:178,0
DA:179,0
DA:180,0
DA:182,0
DA:183,0
DA:184,0
DA:189,0
DA:190,0
DA:191,0
DA:195,0
DA:196,0
DA:197,0
DA:200,0
DA:203,0
DA:205,0
DA:206,0
DA:208,0
DA:211,0
DA:215,0
DA:216,0
DA:218,0
DA:221,0
DA:222,0
DA:223,0
DA:224,0
DA:225,0
DA:226,0
DA:227,0
DA:228,0
DA:229,0
DA:234,0
DA:237,0
DA:238,0
DA:239,0
DA:242,0
DA:245,0
DA:248,0
DA:249,0
DA:250,0
DA:251,0
DA:255,0
DA:256,0
DA:257,0
DA:258,0
DA:262,0
DA:263,0
DA:264,0
DA:265,0
DA:266,0
DA:270,0
DA:271,0
DA:272,0
DA:275,0
DA:281,0
DA:282,0
DA:284,0
DA:286,0
DA:287,0
DA:288,0
DA:290,0
DA:294,0
DA:295,0
DA:303,0
DA:304,0
DA:308,0
DA:309,0
DA:311,0
DA:312,0
DA:315,0
LF:154
LH:0
BRDA:35,0,0,0
BRDA:40,1,0,0
BRDA:40,2,0,0
BRDA:40,3,0,0
BRDA:41,4,0,0
BRDA:41,4,1,0
BRDA:42,5,0,0
BRDA:42,5,1,0
BRDA:42,6,0,0
BRDA:42,6,1,0
BRDA:47,7,0,0
BRDA:47,7,1,0
BRDA:48,8,0,0
BRDA:48,8,1,0
BRDA:55,9,0,0
BRDA:55,9,1,0
BRDA:77,10,0,0
BRDA:77,10,1,0
BRDA:77,11,0,0
BRDA:77,11,1,0
BRDA:87,12,0,0
BRDA:87,12,1,0
BRDA:87,13,0,0
BRDA:87,13,1,0
BRDA:95,14,0,0
BRDA:95,14,1,0
BRDA:95,15,0,0
BRDA:95,15,1,0
BRDA:96,16,0,0
BRDA:96,16,1,0
BRDA:104,17,0,0
BRDA:104,17,1,0
BRDA:106,18,0,0
BRDA:106,18,1,0
BRDA:108,19,0,0
BRDA:108,19,1,0
BRDA:123,20,0,0
BRDA:123,20,1,0
BRDA:140,21,0,0
BRDA:142,22,0,0
BRDA:142,22,1,0
BRDA:167,23,0,0
BRDA:167,23,1,0
BRDA:167,24,0,0
BRDA:167,24,1,0
BRDA:172,25,0,0
BRDA:172,25,1,0
BRDA:177,26,0,0
BRDA:177,26,1,0
BRDA:177,27,0,0
BRDA:177,27,1,0
BRDA:178,28,0,0
BRDA:178,28,1,0
BRDA:178,29,0,0
BRDA:178,29,1,0
BRDA:182,30,0,0
BRDA:182,30,1,0
BRDA:189,31,0,0
BRDA:189,31,1,0
BRDA:195,32,0,0
BRDA:195,32,1,0
BRDA:203,33,0,0
BRDA:203,33,1,0
BRDA:203,34,0,0
BRDA:203,34,1,0
BRDA:203,34,2,0
BRDA:203,34,3,0
BRDA:205,35,0,0
BRDA:205,35,1,0
BRDA:221,36,0,0
BRDA:221,36,1,0
BRDA:221,37,0,0
BRDA:221,37,1,0
BRDA:237,38,0,0
BRDA:237,38,1,0
BRDA:237,39,0,0
BRDA:237,39,1,0
BRDA:245,40,0,0
BRDA:245,40,1,0
BRDA:245,40,2,0
BRDA:245,40,3,0
BRDA:256,41,0,0
BRDA:256,41,1,0
BRDA:284,42,0,0
BRDA:284,42,1,0
BRDA:284,43,0,0
BRDA:284,43,1,0
BRDA:295,44,0,0
BRDA:295,44,1,0
BRDA:308,45,0,0
BRDA:308,45,1,0
BRDA:311,46,0,0
BRDA:311,46,1,0
BRF:93
BRH:0
end_of_record
TN:
SF:client/src/lib/utils/PerformanceMonitor.ts
FN:29,(anonymous_0)
FN:34,(anonymous_1)
FN:42,(anonymous_2)
FN:46,(anonymous_3)
FN:63,(anonymous_4)
FN:87,(anonymous_5)
FN:104,(anonymous_6)
FN:108,(anonymous_7)
FN:110,(anonymous_8)
FN:114,(anonymous_9)
FN:127,(anonymous_10)
FNF:11
FNH:0
FNDA:0,(anonymous_0)
FNDA:0,(anonymous_1)
FNDA:0,(anonymous_2)
FNDA:0,(anonymous_3)
FNDA:0,(anonymous_4)
FNDA:0,(anonymous_5)
FNDA:0,(anonymous_6)
FNDA:0,(anonymous_7)
FNDA:0,(anonymous_8)
FNDA:0,(anonymous_9)
FNDA:0,(anonymous_10)
DA:21,0
DA:22,0
DA:23,0
DA:24,0
DA:25,0
DA:26,0
DA:30,0
DA:31,0
DA:35,0
DA:36,0
DA:37,0
DA:38,0
DA:39,0
DA:43,0
DA:47,0
DA:49,0
DA:50,0
DA:51,0
DA:54,0
DA:55,0
DA:56,0
DA:59,0
DA:62,0
DA:63,0
DA:64,0
DA:67,0
DA:68,0
DA:70,0
DA:78,0
DA:79,0
DA:83,0
DA:89,0
DA:90,0
DA:94,0
DA:95,0
DA:99,0
DA:100,0
DA:105,0
DA:109,0
DA:110,0
DA:115,0
DA:116,0
DA:122,0
DA:128,0
DA:129,0
DA:135,0
DA:141,0
LF:47
LH:0
BRDA:47,0,0,0
BRDA:47,0,1,0
BRDA:55,1,0,0
BRDA:55,1,1,0
BRDA:62,2,0,0
BRDA:62,2,1,0
BRDA:68,3,0,0
BRDA:68,3,1,0
BRDA:78,4,0,0
BRDA:78,4,1,0
BRDA:89,5,0,0
BRDA:89,5,1,0
BRDA:94,6,0,0
BRDA:94,6,1,0
BRDA:99,7,0,0
BRDA:99,7,1,0
BRDA:99,8,0,0
BRDA:99,8,1,0
BRDA:109,9,0,0
BRDA:109,9,1,0
BRDA:115,10,0,0
BRDA:115,10,1,0
BRDA:128,11,0,0
BRDA:128,11,1,0
BRF:24
BRH:0
end_of_record
TN:
SF:client/src/lib/utils/Physics.ts
FN:7,(anonymous_0)
FN:13,(anonymous_1)
FN:19,(anonymous_2)
FN:23,(anonymous_3)
FN:27,(anonymous_4)
FN:31,(anonymous_5)
FN:36,(anonymous_6)
FN:43,(anonymous_7)
FN:50,(anonymous_8)
FNF:9
FNH:0
FNDA:0,(anonymous_0)
FNDA:0,(anonymous_1)
FNDA:0,(anonymous_2)
FNDA:0,(anonymous_3)
FNDA:0,(anonymous_4)
FNDA:0,(anonymous_5)
FNDA:0,(anonymous_6)
FNDA:0,(anonymous_7)
FNDA:0,(anonymous_8)
DA:6,0
DA:8,0
DA:9,0
DA:10,0
DA:14,0
DA:15,0
DA:16,0
DA:20,0
DA:24,0
DA:28,0
DA:32,0
DA:33,0
DA:37,0
DA:44,0
DA:51,0
LF:15
LH:0
BRDA:15,0,0,0
BRDA:15,0,1,0
BRDA:37,1,0,0
BRDA:37,1,1,0
BRDA:37,1,2,0
BRDA:37,1,3,0
BRF:6
BRH:0
end_of_record
TN:
SF:client/src/lib/utils/VisualFeedback.ts
FN:18,(anonymous_0)
FN:22,(anonymous_1)
FN:33,(anonymous_2)
FN:37,(anonymous_3)
FN:41,(anonymous_4)
FN:69,(anonymous_5)
FNF:6
FNH:0
FNDA:0,(anonymous_0)
FNDA:0,(anonymous_1)
FNDA:0,(anonymous_2)
FNDA:0,(anonymous_3)
FNDA:0,(anonymous_4)
FNDA:0,(anonymous_5)
DA:12,0
DA:14,0
DA:15,0
DA:16,0
DA:19,0
DA:23,0
DA:34,0
DA:38,0
DA:43,0
DA:44,0
DA:45,0
DA:46,0
DA:47,0
DA:48,0
DA:53,0
DA:54,0
DA:55,0
DA:56,0
DA:61,0
DA:62,0
DA:63,0
DA:64,0
DA:70,0
DA:71,0
DA:72,0
DA:73,0
DA:76,0
DA:77,0
DA:78,0
DA:82,0
DA:83,0
DA:84,0
DA:85,0
DA:86,0
DA:90,0
DA:91,0
DA:92,0
DA:93,0
DA:94,0
DA:95,0
DA:96,0
DA:97,0
DA:98,0
DA:99,0
DA:102,0
LF:45
LH:0
BRDA:22,0,0,0
BRDA:47,1,0,0
BRDA:47,1,1,0
BRDA:53,2,0,0
BRDA:53,2,1,0
BRDA:55,3,0,0
BRDA:55,3,1,0
BRDA:63,4,0,0
BRDA:63,4,1,0
BRDA:82,5,0,0
BRDA:82,5,1,0
BRDA:82,6,0,0
BRDA:82,6,1,0
BRF:13
BRH:0
end_of_record
TN:
SF:client/src/lib/utils/validation.ts
FN:3,(anonymous_0)
FN:11,(anonymous_1)
FN:17,(anonymous_2)
FN:23,(anonymous_3)
FN:33,(anonymous_4)
FN:37,(anonymous_5)
FN:46,(anonymous_6)
FN:56,(anonymous_7)
FN:66,(anonymous_8)
FN:69,(anonymous_9)
FN:83,(anonymous_10)
FN:88,(anonymous_11)
FN:98,(anonymous_12)
FN:102,(anonymous_13)
FN:103,(anonymous_14)
FN:104,(anonymous_15)
FN:109,validate
FN:135,(anonymous_17)
FN:142,(anonymous_18)
FN:153,(anonymous_19)
FN:162,(anonymous_20)
FN:171,(anonymous_21)
FNF:22
FNH:0
FNDA:0,(anonymous_0)
FNDA:0,(anonymous_1)
FNDA:0,(anonymous_2)
FNDA:0,(anonymous_3)
FNDA:0,(anonymous_4)
FNDA:0,(anonymous_5)
FNDA:0,(anonymous_6)
FNDA:0,(anonymous_7)
FNDA:0,(anonymous_8)
FNDA:0,(anonymous_9)
FNDA:0,(anonymous_10)
FNDA:0,(anonymous_11)
FNDA:0,(anonymous_12)
FNDA:0,(anonymous_13)
FNDA:0,(anonymous_14)
FNDA:0,(anonymous_15)
FNDA:0,validate
FNDA:0,(anonymous_17)
FNDA:0,(anonymous_18)
FNDA:0,(anonymous_19)
FNDA:0,(anonymous_20)
FNDA:0,(anonymous_21)
DA:2,0
DA:3,0
DA:4,0
DA:5,0
DA:9,0
DA:12,0
DA:13,0
DA:18,0
DA:19,0
DA:24,0
DA:33,0
DA:38,0
DA:39,0
DA:40,0
DA:41,0
DA:42,0
DA:47,0
DA:48,0
DA:49,0
DA:51,0
DA:57,0
DA:58,0
DA:59,0
DA:64,0
DA:67,0
DA:70,0
DA:77,0
DA:84,0
DA:89,0
DA:94,0
DA:98,0
DA:102,0
DA:103,0
DA:104,0
DA:109,0
DA:110,0
DA:111,0
DA:113,0
DA:114,0
DA:115,0
DA:117,0
DA:118,0
DA:119,0
DA:120,0
DA:124,0
DA:127,0
DA:131,0
DA:135,0
DA:136,0
DA:140,0
DA:141,0
DA:142,0
DA:147,0
DA:151,0
DA:154,0
DA:155,0
DA:156,0
DA:158,0
DA:163,0
DA:164,0
DA:165,0
DA:167,0
DA:172,0
DA:173,0
DA:174,0
DA:176,0
LF:66
LH:0
BRDA:38,0,0,0
BRDA:38,0,1,0
BRDA:39,1,0,0
BRDA:39,1,1,0
BRDA:40,2,0,0
BRDA:40,2,1,0
BRDA:40,3,0,0
BRDA:40,3,1,0
BRDA:41,4,0,0
BRDA:41,4,1,0
BRDA:41,5,0,0
BRDA:41,5,1,0
BRDA:57,6,0,0
BRDA:57,6,1,0
BRDA:57,7,0,0
BRDA:57,7,1,0
BRDA:58,8,0,0
BRDA:58,8,1,0
BRDA:77,9,0,0
BRDA:77,9,1,0
BRDA:89,10,0,0
BRDA:89,10,1,0
BRDA:115,11,0,0
BRDA:115,11,1,0
BRDA:115,12,0,0
BRDA:115,12,1,0
BRDA:115,13,0,0
BRDA:115,13,1,0
BRDA:119,14,0,0
BRDA:119,14,1,0
BRDA:135,15,0,0
BRDA:135,15,1,0
BRDA:140,16,0,0
BRDA:140,16,1,0
BRDA:154,17,0,0
BRDA:154,17,1,0
BRDA:155,18,0,0
BRDA:155,18,1,0
BRDA:155,19,0,0
BRDA:155,19,1,0
BRDA:155,19,2,0
BRDA:163,20,0,0
BRDA:163,20,1,0
BRDA:164,21,0,0
BRDA:164,21,1,0
BRDA:164,22,0,0
BRDA:164,22,1,0
BRDA:173,23,0,0
BRDA:173,23,1,0
BRDA:173,24,0,0
BRDA:173,24,1,0
BRF:51
BRH:0
end_of_record
TN:
SF:client/src/pages/not-found.tsx
FN:4,NotFound
FNF:1
FNH:0
FNDA:0,NotFound
DA:1,0
DA:2,0
DA:4,0
DA:5,0
LF:4
LH:0
BRF:0
BRH:0
end_of_record
